[0.254s] DEBUG:colcon:Command line arguments: ['/usr/bin/colcon', 'build']
[0.254s] DEBUG:colcon:Parsed command line arguments: Namespace(log_base=None, log_level=None, verb_name='build', build_base='build', install_base='install', merge_install=False, symlink_install=False, test_result_base=None, continue_on_error=False, executor='parallel', parallel_workers=2, event_handlers=None, ignore_user_meta=False, metas=['./colcon.meta'], base_paths=['.'], packages_ignore=None, packages_ignore_regex=None, paths=None, packages_up_to=None, packages_up_to_regex=None, packages_above=None, packages_above_and_dependencies=None, packages_above_depth=None, packages_select_by_dep=None, packages_skip_by_dep=None, packages_skip_up_to=None, packages_select_build_failed=False, packages_skip_build_finished=False, packages_select_test_failures=False, packages_skip_test_passed=False, packages_select=None, packages_skip=None, packages_select_regex=None, packages_skip_regex=None, packages_start=None, packages_end=None, allow_overriding=[], cmake_args=None, cmake_target=None, cmake_target_skip_unavailable=False, cmake_clean_cache=False, cmake_clean_first=False, cmake_force_configure=False, ament_cmake_args=None, catkin_cmake_args=None, catkin_skip_building_tests=False, mixin_files=None, mixin=None, verb_parser=<colcon_mixin.mixin.mixin_argument.MixinArgumentDecorator object at 0x73fdc2b5d750>, verb_extension=<colcon_core.verb.build.BuildVerb object at 0x73fdc2c76620>, main=<bound method BuildVerb.main of <colcon_core.verb.build.BuildVerb object at 0x73fdc2c76620>>, mixin_verb=('build',))
[0.693s] Level 1:colcon.colcon_core.package_discovery:discover_packages(colcon_meta) check parameters
[0.693s] Level 1:colcon.colcon_core.package_discovery:discover_packages(recursive) check parameters
[0.693s] Level 1:colcon.colcon_core.package_discovery:discover_packages(ignore) check parameters
[0.693s] Level 1:colcon.colcon_core.package_discovery:discover_packages(path) check parameters
[0.694s] Level 1:colcon.colcon_core.package_discovery:discover_packages(colcon_meta) discover
[0.694s] Level 1:colcon.colcon_core.package_discovery:discover_packages(recursive) discover
[0.694s] INFO:colcon.colcon_core.package_discovery:Crawling recursively for packages in '/home/youssef/ros2-line-follower/ros_ws'
[0.694s] Level 1:colcon.colcon_core.package_identification:_identify(.) by extensions ['ignore', 'ignore_ament_install']
[0.694s] Level 1:colcon.colcon_core.package_identification:_identify(.) by extension 'ignore'
[0.694s] Level 1:colcon.colcon_core.package_identification:_identify(.) by extension 'ignore_ament_install'
[0.695s] Level 1:colcon.colcon_core.package_identification:_identify(.) by extensions ['colcon_pkg']
[0.695s] Level 1:colcon.colcon_core.package_identification:_identify(.) by extension 'colcon_pkg'
[0.695s] Level 1:colcon.colcon_core.package_identification:_identify(.) by extensions ['colcon_meta']
[0.695s] Level 1:colcon.colcon_core.package_identification:_identify(.) by extension 'colcon_meta'
[0.695s] Level 1:colcon.colcon_core.package_identification:_identify(.) by extensions ['ros']
[0.695s] Level 1:colcon.colcon_core.package_identification:_identify(.) by extension 'ros'
[0.720s] Level 1:colcon.colcon_core.package_identification:_identify(.) by extensions ['cmake', 'python']
[0.720s] Level 1:colcon.colcon_core.package_identification:_identify(.) by extension 'cmake'
[0.720s] Level 1:colcon.colcon_core.package_identification:_identify(.) by extension 'python'
[0.720s] Level 1:colcon.colcon_core.package_identification:_identify(.) by extensions ['python_setup_py']
[0.720s] Level 1:colcon.colcon_core.package_identification:_identify(.) by extension 'python_setup_py'
[0.721s] Level 1:colcon.colcon_core.package_identification:_identify(build) by extensions ['ignore', 'ignore_ament_install']
[0.721s] Level 1:colcon.colcon_core.package_identification:_identify(build) by extension 'ignore'
[0.721s] Level 1:colcon.colcon_core.package_identification:_identify(build) ignored
[0.721s] Level 1:colcon.colcon_core.package_identification:_identify(install) by extensions ['ignore', 'ignore_ament_install']
[0.721s] Level 1:colcon.colcon_core.package_identification:_identify(install) by extension 'ignore'
[0.721s] Level 1:colcon.colcon_core.package_identification:_identify(install) ignored
[0.722s] Level 1:colcon.colcon_core.package_identification:_identify(log) by extensions ['ignore', 'ignore_ament_install']
[0.722s] Level 1:colcon.colcon_core.package_identification:_identify(log) by extension 'ignore'
[0.722s] Level 1:colcon.colcon_core.package_identification:_identify(log) ignored
[0.722s] Level 1:colcon.colcon_core.package_identification:_identify(src) by extensions ['ignore', 'ignore_ament_install']
[0.723s] Level 1:colcon.colcon_core.package_identification:_identify(src) by extension 'ignore'
[0.723s] Level 1:colcon.colcon_core.package_identification:_identify(src) by extension 'ignore_ament_install'
[0.723s] Level 1:colcon.colcon_core.package_identification:_identify(src) by extensions ['colcon_pkg']
[0.723s] Level 1:colcon.colcon_core.package_identification:_identify(src) by extension 'colcon_pkg'
[0.723s] Level 1:colcon.colcon_core.package_identification:_identify(src) by extensions ['colcon_meta']
[0.723s] Level 1:colcon.colcon_core.package_identification:_identify(src) by extension 'colcon_meta'
[0.723s] Level 1:colcon.colcon_core.package_identification:_identify(src) by extensions ['ros']
[0.723s] Level 1:colcon.colcon_core.package_identification:_identify(src) by extension 'ros'
[0.723s] Level 1:colcon.colcon_core.package_identification:_identify(src) by extensions ['cmake', 'python']
[0.723s] Level 1:colcon.colcon_core.package_identification:_identify(src) by extension 'cmake'
[0.724s] Level 1:colcon.colcon_core.package_identification:_identify(src) by extension 'python'
[0.724s] Level 1:colcon.colcon_core.package_identification:_identify(src) by extensions ['python_setup_py']
[0.724s] Level 1:colcon.colcon_core.package_identification:_identify(src) by extension 'python_setup_py'
[0.724s] Level 1:colcon.colcon_core.package_identification:_identify(src/line_follower) by extensions ['ignore', 'ignore_ament_install']
[0.724s] Level 1:colcon.colcon_core.package_identification:_identify(src/line_follower) by extension 'ignore'
[0.724s] Level 1:colcon.colcon_core.package_identification:_identify(src/line_follower) by extension 'ignore_ament_install'
[0.724s] Level 1:colcon.colcon_core.package_identification:_identify(src/line_follower) by extensions ['colcon_pkg']
[0.725s] Level 1:colcon.colcon_core.package_identification:_identify(src/line_follower) by extension 'colcon_pkg'
[0.725s] Level 1:colcon.colcon_core.package_identification:_identify(src/line_follower) by extensions ['colcon_meta']
[0.725s] Level 1:colcon.colcon_core.package_identification:_identify(src/line_follower) by extension 'colcon_meta'
[0.725s] Level 1:colcon.colcon_core.package_identification:_identify(src/line_follower) by extensions ['ros']
[0.725s] Level 1:colcon.colcon_core.package_identification:_identify(src/line_follower) by extension 'ros'
[0.730s] DEBUG:colcon.colcon_core.package_identification:Failed to parse potential ROS package manifest in'src/line_follower': Error(s) in package 'src/line_follower/package.xml':
Error(s):
- The generic dependency on 'cv_bridge' is redundant with: build_depend, build_export_depend, exec_depend
[0.731s] Level 1:colcon.colcon_core.package_identification:_identify(src/line_follower) by extensions ['cmake', 'python']
[0.731s] Level 1:colcon.colcon_core.package_identification:_identify(src/line_follower) by extension 'cmake'
[0.731s] Level 1:colcon.colcon_core.package_identification:_identify(src/line_follower) by extension 'python'
[0.731s] DEBUG:colcon.colcon_core.package_identification:Python package in 'src/line_follower' passes arguments to the setup() function which requires a different identification extension than 'python'
[0.731s] Level 1:colcon.colcon_core.package_identification:_identify(src/line_follower) by extensions ['python_setup_py']
[0.731s] Level 1:colcon.colcon_core.package_identification:_identify(src/line_follower) by extension 'python_setup_py'
[1.296s] DEBUG:colcon.colcon_core.package_identification:Package 'src/line_follower' with type 'python' and name 'line_follower'
[1.296s] Level 1:colcon.colcon_core.package_discovery:discover_packages(recursive) using defaults
[1.296s] Level 1:colcon.colcon_core.package_discovery:discover_packages(ignore) discover
[1.296s] Level 1:colcon.colcon_core.package_discovery:discover_packages(ignore) using defaults
[1.296s] Level 1:colcon.colcon_core.package_discovery:discover_packages(path) discover
[1.297s] Level 1:colcon.colcon_core.package_discovery:discover_packages(path) using defaults
[1.350s] Level 1:colcon.colcon_core.package_discovery:discover_packages(prefix_path) check parameters
[1.350s] Level 1:colcon.colcon_core.package_discovery:discover_packages(prefix_path) discover
[1.353s] DEBUG:colcon.colcon_installed_package_information.package_discovery:Found 1 installed packages in /home/youssef/ros2-line-follower/ros_ws/install
[1.355s] DEBUG:colcon.colcon_installed_package_information.package_discovery:Found 280 installed packages in /opt/ros/humble
[1.358s] Level 1:colcon.colcon_core.package_discovery:discover_packages(prefix_path) using defaults
[1.452s] Level 5:colcon.colcon_core.verb:set package 'line_follower' build argument 'cmake_args' from command line to 'None'
[1.452s] Level 5:colcon.colcon_core.verb:set package 'line_follower' build argument 'cmake_target' from command line to 'None'
[1.452s] Level 5:colcon.colcon_core.verb:set package 'line_follower' build argument 'cmake_target_skip_unavailable' from command line to 'False'
[1.452s] Level 5:colcon.colcon_core.verb:set package 'line_follower' build argument 'cmake_clean_cache' from command line to 'False'
[1.452s] Level 5:colcon.colcon_core.verb:set package 'line_follower' build argument 'cmake_clean_first' from command line to 'False'
[1.452s] Level 5:colcon.colcon_core.verb:set package 'line_follower' build argument 'cmake_force_configure' from command line to 'False'
[1.452s] Level 5:colcon.colcon_core.verb:set package 'line_follower' build argument 'ament_cmake_args' from command line to 'None'
[1.452s] Level 5:colcon.colcon_core.verb:set package 'line_follower' build argument 'catkin_cmake_args' from command line to 'None'
[1.452s] Level 5:colcon.colcon_core.verb:set package 'line_follower' build argument 'catkin_skip_building_tests' from command line to 'False'
[1.452s] DEBUG:colcon.colcon_core.verb:Building package 'line_follower' with the following arguments: {'ament_cmake_args': None, 'build_base': '/home/youssef/ros2-line-follower/ros_ws/build/line_follower', 'catkin_cmake_args': None, 'catkin_skip_building_tests': False, 'cmake_args': None, 'cmake_clean_cache': False, 'cmake_clean_first': False, 'cmake_force_configure': False, 'cmake_target': None, 'cmake_target_skip_unavailable': False, 'install_base': '/home/youssef/ros2-line-follower/ros_ws/install/line_follower', 'merge_install': False, 'path': '/home/youssef/ros2-line-follower/ros_ws/src/line_follower', 'symlink_install': False, 'test_result_base': None}
[1.453s] INFO:colcon.colcon_core.executor:Executing jobs using 'parallel' executor
[1.455s] DEBUG:colcon.colcon_parallel_executor.executor.parallel:run_until_complete
[1.455s] INFO:colcon.colcon_core.task.python.build:Building Python package in '/home/youssef/ros2-line-follower/ros_ws/src/line_follower'
[1.461s] INFO:colcon.colcon_core.plugin_system:Skipping extension 'colcon_core.shell.bat': Not used on non-Windows systems
[1.461s] INFO:colcon.colcon_core.shell:Skip shell extension 'powershell' for command environment: Not usable outside of PowerShell
[1.461s] DEBUG:colcon.colcon_core.shell:Skip shell extension 'dsv' for command environment
[2.738s] DEBUG:colcon.colcon_core.event_handler.log_command:Invoking command in '/home/youssef/ros2-line-follower/ros_ws/src/line_follower': PYTHONPATH=/home/youssef/ros2-line-follower/ros_ws/build/line_follower/prefix_override:/usr/lib/python3/dist-packages/colcon_core/task/python/colcon_distutils_commands:/home/youssef/ros2-line-follower/ros_ws/install/line_follower/lib/python3.10/site-packages:${PYTHONPATH} /usr/bin/python3 -W ignore:setup.py install is deprecated -W ignore:easy_install command is deprecated setup.py egg_info --egg-base ../../build/line_follower build --build-base /home/youssef/ros2-line-follower/ros_ws/build/line_follower/build install --record /home/youssef/ros2-line-follower/ros_ws/build/line_follower/install.log --single-version-externally-managed install_data
[3.305s] DEBUG:colcon.colcon_core.event_handler.log_command:Invoked command in '/home/youssef/ros2-line-follower/ros_ws/src/line_follower' returned '0': PYTHONPATH=/home/youssef/ros2-line-follower/ros_ws/build/line_follower/prefix_override:/usr/lib/python3/dist-packages/colcon_core/task/python/colcon_distutils_commands:/home/youssef/ros2-line-follower/ros_ws/install/line_follower/lib/python3.10/site-packages:${PYTHONPATH} /usr/bin/python3 -W ignore:setup.py install is deprecated -W ignore:easy_install command is deprecated setup.py egg_info --egg-base ../../build/line_follower build --build-base /home/youssef/ros2-line-follower/ros_ws/build/line_follower/build install --record /home/youssef/ros2-line-follower/ros_ws/build/line_follower/install.log --single-version-externally-managed install_data
[3.311s] Level 1:colcon.colcon_core.environment:checking '/home/youssef/ros2-line-follower/ros_ws/install/line_follower' for CMake module files
[3.312s] Level 1:colcon.colcon_core.environment:checking '/home/youssef/ros2-line-follower/ros_ws/install/line_follower' for CMake config files
[3.314s] Level 1:colcon.colcon_core.environment:checking '/home/youssef/ros2-line-follower/ros_ws/install/line_follower/lib'
[3.314s] Level 1:colcon.colcon_core.environment:checking '/home/youssef/ros2-line-follower/ros_ws/install/line_follower/bin'
[3.314s] Level 1:colcon.colcon_core.environment:checking '/home/youssef/ros2-line-follower/ros_ws/install/line_follower/lib/pkgconfig/line_follower.pc'
[3.314s] Level 1:colcon.colcon_core.environment:checking '/home/youssef/ros2-line-follower/ros_ws/install/line_follower/lib/python3.10/site-packages'
[3.314s] Level 1:colcon.colcon_core.shell:create_environment_hook('line_follower', 'pythonpath')
[3.315s] INFO:colcon.colcon_core.shell:Creating environment hook '/home/youssef/ros2-line-follower/ros_ws/install/line_follower/share/line_follower/hook/pythonpath.ps1'
[3.317s] INFO:colcon.colcon_core.shell:Creating environment descriptor '/home/youssef/ros2-line-follower/ros_ws/install/line_follower/share/line_follower/hook/pythonpath.dsv'
[3.319s] INFO:colcon.colcon_core.shell:Creating environment hook '/home/youssef/ros2-line-follower/ros_ws/install/line_follower/share/line_follower/hook/pythonpath.sh'
[3.321s] Level 1:colcon.colcon_core.environment:checking '/home/youssef/ros2-line-follower/ros_ws/install/line_follower/bin'
[3.321s] Level 1:colcon.colcon_core.environment:create_environment_scripts_only(line_follower)
[3.322s] INFO:colcon.colcon_core.shell:Creating package script '/home/youssef/ros2-line-follower/ros_ws/install/line_follower/share/line_follower/package.ps1'
[3.325s] INFO:colcon.colcon_core.shell:Creating package descriptor '/home/youssef/ros2-line-follower/ros_ws/install/line_follower/share/line_follower/package.dsv'
[3.326s] INFO:colcon.colcon_core.shell:Creating package script '/home/youssef/ros2-line-follower/ros_ws/install/line_follower/share/line_follower/package.sh'
[3.328s] INFO:colcon.colcon_core.shell:Creating package script '/home/youssef/ros2-line-follower/ros_ws/install/line_follower/share/line_follower/package.bash'
[3.330s] INFO:colcon.colcon_core.shell:Creating package script '/home/youssef/ros2-line-follower/ros_ws/install/line_follower/share/line_follower/package.zsh'
[3.332s] Level 1:colcon.colcon_core.environment:create_file_with_runtime_dependencies(/home/youssef/ros2-line-follower/ros_ws/install/line_follower/share/colcon-core/packages/line_follower)
[3.332s] DEBUG:colcon.colcon_parallel_executor.executor.parallel:closing loop
[3.332s] DEBUG:colcon.colcon_parallel_executor.executor.parallel:loop closed
[3.332s] DEBUG:colcon.colcon_parallel_executor.executor.parallel:run_until_complete finished with '0'
[3.333s] DEBUG:colcon.colcon_core.event_reactor:joining thread
[3.343s] INFO:colcon.colcon_core.plugin_system:Skipping extension 'colcon_notification.desktop_notification.terminal_notifier': Not used on non-Darwin systems
[3.343s] INFO:colcon.colcon_core.plugin_system:Skipping extension 'colcon_notification.desktop_notification.win32': Not used on non-Windows systems
[3.343s] INFO:colcon.colcon_notification.desktop_notification:Sending desktop notification using 'notify2'
[3.368s] DEBUG:colcon.colcon_core.event_reactor:joined thread
[3.369s] INFO:colcon.colcon_core.shell:Creating prefix script '/home/youssef/ros2-line-follower/ros_ws/install/local_setup.ps1'
[3.371s] INFO:colcon.colcon_core.shell:Creating prefix util module '/home/youssef/ros2-line-follower/ros_ws/install/_local_setup_util_ps1.py'
[3.376s] INFO:colcon.colcon_core.shell:Creating prefix chain script '/home/youssef/ros2-line-follower/ros_ws/install/setup.ps1'
[3.381s] INFO:colcon.colcon_core.shell:Creating prefix script '/home/youssef/ros2-line-follower/ros_ws/install/local_setup.sh'
[3.383s] INFO:colcon.colcon_core.shell:Creating prefix util module '/home/youssef/ros2-line-follower/ros_ws/install/_local_setup_util_sh.py'
[3.386s] INFO:colcon.colcon_core.shell:Creating prefix chain script '/home/youssef/ros2-line-follower/ros_ws/install/setup.sh'
[3.390s] INFO:colcon.colcon_core.shell:Creating prefix script '/home/youssef/ros2-line-follower/ros_ws/install/local_setup.bash'
[3.392s] INFO:colcon.colcon_core.shell:Creating prefix chain script '/home/youssef/ros2-line-follower/ros_ws/install/setup.bash'
[3.396s] INFO:colcon.colcon_core.shell:Creating prefix script '/home/youssef/ros2-line-follower/ros_ws/install/local_setup.zsh'
[3.398s] INFO:colcon.colcon_core.shell:Creating prefix chain script '/home/youssef/ros2-line-follower/ros_ws/install/setup.zsh'
