[1.535s] Invoking command in '/home/youssef/ros2-line-follower/ros_ws/src/line_follower': PYTHONPATH=/home/youssef/ros2-line-follower/ros_ws/build/line_follower/prefix_override:/usr/lib/python3/dist-packages/colcon_core/task/python/colcon_distutils_commands:/home/youssef/ros2-line-follower/ros_ws/install/line_follower/lib/python3.10/site-packages:${PYTHONPATH} /usr/bin/python3 -W ignore:setup.py install is deprecated -W ignore:easy_install command is deprecated setup.py egg_info --egg-base ../../build/line_follower build --build-base /home/youssef/ros2-line-follower/ros_ws/build/line_follower/build install --record /home/youssef/ros2-line-follower/ros_ws/build/line_follower/install.log --single-version-externally-managed install_data
[2.114s] running egg_info
[2.115s] creating ../../build/line_follower/line_follower.egg-info
[2.116s] writing ../../build/line_follower/line_follower.egg-info/PKG-INFO
[2.118s] writing dependency_links to ../../build/line_follower/line_follower.egg-info/dependency_links.txt
[2.119s] writing entry points to ../../build/line_follower/line_follower.egg-info/entry_points.txt
[2.120s] writing requirements to ../../build/line_follower/line_follower.egg-info/requires.txt
[2.120s] writing top-level names to ../../build/line_follower/line_follower.egg-info/top_level.txt
[2.120s] writing manifest file '../../build/line_follower/line_follower.egg-info/SOURCES.txt'
[2.123s] reading manifest file '../../build/line_follower/line_follower.egg-info/SOURCES.txt'
[2.124s] writing manifest file '../../build/line_follower/line_follower.egg-info/SOURCES.txt'
[2.127s] running build
[2.127s] running build_py
[2.127s] creating /home/youssef/ros2-line-follower/ros_ws/build/line_follower/build
[2.127s] creating /home/youssef/ros2-line-follower/ros_ws/build/line_follower/build/lib
[2.128s] creating /home/youssef/ros2-line-follower/ros_ws/build/line_follower/build/lib/line_follower
[2.128s] copying line_follower/line_sensor_node.py -> /home/youssef/ros2-line-follower/ros_ws/build/line_follower/build/lib/line_follower
[2.128s] copying line_follower/motor_driver_node.py -> /home/youssef/ros2-line-follower/ros_ws/build/line_follower/build/lib/line_follower
[2.128s] copying line_follower/encoder_odometry_node.py -> /home/youssef/ros2-line-follower/ros_ws/build/line_follower/build/lib/line_follower
[2.129s] copying line_follower/__init__.py -> /home/youssef/ros2-line-follower/ros_ws/build/line_follower/build/lib/line_follower
[2.129s] copying line_follower/line_controller_node.py -> /home/youssef/ros2-line-follower/ros_ws/build/line_follower/build/lib/line_follower
[2.130s] running install
[2.130s] running install_lib
[2.135s] creating /home/youssef/ros2-line-follower/ros_ws/install/line_follower/lib/python3.10/site-packages/line_follower
[2.137s] copying /home/youssef/ros2-line-follower/ros_ws/build/line_follower/build/lib/line_follower/line_sensor_node.py -> /home/youssef/ros2-line-follower/ros_ws/install/line_follower/lib/python3.10/site-packages/line_follower
[2.137s] copying /home/youssef/ros2-line-follower/ros_ws/build/line_follower/build/lib/line_follower/motor_driver_node.py -> /home/youssef/ros2-line-follower/ros_ws/install/line_follower/lib/python3.10/site-packages/line_follower
[2.138s] copying /home/youssef/ros2-line-follower/ros_ws/build/line_follower/build/lib/line_follower/encoder_odometry_node.py -> /home/youssef/ros2-line-follower/ros_ws/install/line_follower/lib/python3.10/site-packages/line_follower
[2.138s] copying /home/youssef/ros2-line-follower/ros_ws/build/line_follower/build/lib/line_follower/__init__.py -> /home/youssef/ros2-line-follower/ros_ws/install/line_follower/lib/python3.10/site-packages/line_follower
[2.138s] copying /home/youssef/ros2-line-follower/ros_ws/build/line_follower/build/lib/line_follower/line_controller_node.py -> /home/youssef/ros2-line-follower/ros_ws/install/line_follower/lib/python3.10/site-packages/line_follower
[2.139s] byte-compiling /home/youssef/ros2-line-follower/ros_ws/install/line_follower/lib/python3.10/site-packages/line_follower/line_sensor_node.py to line_sensor_node.cpython-310.pyc
[2.140s] byte-compiling /home/youssef/ros2-line-follower/ros_ws/install/line_follower/lib/python3.10/site-packages/line_follower/motor_driver_node.py to motor_driver_node.cpython-310.pyc
[2.142s] byte-compiling /home/youssef/ros2-line-follower/ros_ws/install/line_follower/lib/python3.10/site-packages/line_follower/encoder_odometry_node.py to encoder_odometry_node.cpython-310.pyc
[2.145s] byte-compiling /home/youssef/ros2-line-follower/ros_ws/install/line_follower/lib/python3.10/site-packages/line_follower/__init__.py to __init__.cpython-310.pyc
[2.145s] byte-compiling /home/youssef/ros2-line-follower/ros_ws/install/line_follower/lib/python3.10/site-packages/line_follower/line_controller_node.py to line_controller_node.cpython-310.pyc
[2.148s] running install_data
[2.148s] creating /home/youssef/ros2-line-follower/ros_ws/install/line_follower/share/ament_index
[2.153s] creating /home/youssef/ros2-line-follower/ros_ws/install/line_follower/share/ament_index/resource_index
[2.154s] creating /home/youssef/ros2-line-follower/ros_ws/install/line_follower/share/ament_index/resource_index/packages
[2.156s] copying resource/line_follower -> /home/youssef/ros2-line-follower/ros_ws/install/line_follower/share/ament_index/resource_index/packages
[2.156s] copying package.xml -> /home/youssef/ros2-line-follower/ros_ws/install/line_follower/share/line_follower
[2.156s] creating /home/youssef/ros2-line-follower/ros_ws/install/line_follower/share/line_follower/launch
[2.156s] copying launch/gazebo.launch.py -> /home/youssef/ros2-line-follower/ros_ws/install/line_follower/share/line_follower/launch
[2.157s] copying launch/line_follow.launch.py -> /home/youssef/ros2-line-follower/ros_ws/install/line_follower/share/line_follower/launch
[2.157s] creating /home/youssef/ros2-line-follower/ros_ws/install/line_follower/share/line_follower/urdf
[2.158s] copying urdf/robot.urdf -> /home/youssef/ros2-line-follower/ros_ws/install/line_follower/share/line_follower/urdf
[2.158s] creating /home/youssef/ros2-line-follower/ros_ws/install/line_follower/share/line_follower/worlds
[2.158s] copying worlds/line_world.world -> /home/youssef/ros2-line-follower/ros_ws/install/line_follower/share/line_follower/worlds
[2.159s] running install_egg_info
[2.159s] Copying ../../build/line_follower/line_follower.egg-info to /home/youssef/ros2-line-follower/ros_ws/install/line_follower/lib/python3.10/site-packages/line_follower-0.0.0-py3.10.egg-info
[2.160s] running install_scripts
[2.209s] Installing encoder_odometry_node script to /home/youssef/ros2-line-follower/ros_ws/install/line_follower/lib/line_follower
[2.209s] Installing line_controller_node script to /home/youssef/ros2-line-follower/ros_ws/install/line_follower/lib/line_follower
[2.210s] Installing line_sensor_node script to /home/youssef/ros2-line-follower/ros_ws/install/line_follower/lib/line_follower
[2.210s] Installing motor_driver_node script to /home/youssef/ros2-line-follower/ros_ws/install/line_follower/lib/line_follower
[2.211s] writing list of installed files to '/home/youssef/ros2-line-follower/ros_ws/build/line_follower/install.log'
[2.302s] Invoked command in '/home/youssef/ros2-line-follower/ros_ws/src/line_follower' returned '0': PYTHONPATH=/home/youssef/ros2-line-follower/ros_ws/build/line_follower/prefix_override:/usr/lib/python3/dist-packages/colcon_core/task/python/colcon_distutils_commands:/home/youssef/ros2-line-follower/ros_ws/install/line_follower/lib/python3.10/site-packages:${PYTHONPATH} /usr/bin/python3 -W ignore:setup.py install is deprecated -W ignore:easy_install command is deprecated setup.py egg_info --egg-base ../../build/line_follower build --build-base /home/youssef/ros2-line-follower/ros_ws/build/line_follower/build install --record /home/youssef/ros2-line-follower/ros_ws/build/line_follower/install.log --single-version-externally-managed install_data
