[1.287s] Invoking command in '/home/youssef/ros2-line-follower/ros_ws/src/line_follower': PYTHONPATH=/home/youssef/ros2-line-follower/ros_ws/build/line_follower/prefix_override:/usr/lib/python3/dist-packages/colcon_core/task/python/colcon_distutils_commands:/home/youssef/ros2-line-follower/ros_ws/install/line_follower/lib/python3.10/site-packages:${PYTHONPATH} /usr/bin/python3 -W ignore:setup.py install is deprecated -W ignore:easy_install command is deprecated setup.py egg_info --egg-base ../../build/line_follower build --build-base /home/youssef/ros2-line-follower/ros_ws/build/line_follower/build install --record /home/youssef/ros2-line-follower/ros_ws/build/line_follower/install.log --single-version-externally-managed install_data
[1.746s] running egg_info
[1.746s] writing ../../build/line_follower/line_follower.egg-info/PKG-INFO
[1.746s] writing dependency_links to ../../build/line_follower/line_follower.egg-info/dependency_links.txt
[1.747s] writing entry points to ../../build/line_follower/line_follower.egg-info/entry_points.txt
[1.747s] writing requirements to ../../build/line_follower/line_follower.egg-info/requires.txt
[1.748s] writing top-level names to ../../build/line_follower/line_follower.egg-info/top_level.txt
[1.752s] reading manifest file '../../build/line_follower/line_follower.egg-info/SOURCES.txt'
[1.756s] writing manifest file '../../build/line_follower/line_follower.egg-info/SOURCES.txt'
[1.757s] running build
[1.757s] running build_py
[1.759s] running install
[1.762s] running install_lib
[1.762s] running install_data
[1.763s] running install_egg_info
[1.768s] removing '/home/youssef/ros2-line-follower/ros_ws/install/line_follower/lib/python3.10/site-packages/line_follower-0.0.0-py3.10.egg-info' (and everything under it)
[1.768s] Copying ../../build/line_follower/line_follower.egg-info to /home/youssef/ros2-line-follower/ros_ws/install/line_follower/lib/python3.10/site-packages/line_follower-0.0.0-py3.10.egg-info
[1.770s] running install_scripts
[1.812s] Installing encoder_odom_node script to /home/youssef/ros2-line-follower/ros_ws/install/line_follower/lib/line_follower
[1.813s] Installing line_controller_node script to /home/youssef/ros2-line-follower/ros_ws/install/line_follower/lib/line_follower
[1.813s] Installing line_sensor_node script to /home/youssef/ros2-line-follower/ros_ws/install/line_follower/lib/line_follower
[1.814s] Installing motor_driver_node script to /home/youssef/ros2-line-follower/ros_ws/install/line_follower/lib/line_follower
[1.815s] Installing serial_comm script to /home/youssef/ros2-line-follower/ros_ws/install/line_follower/lib/line_follower
[1.816s] writing list of installed files to '/home/youssef/ros2-line-follower/ros_ws/build/line_follower/install.log'
[1.878s] Invoked command in '/home/youssef/ros2-line-follower/ros_ws/src/line_follower' returned '0': PYTHONPATH=/home/youssef/ros2-line-follower/ros_ws/build/line_follower/prefix_override:/usr/lib/python3/dist-packages/colcon_core/task/python/colcon_distutils_commands:/home/youssef/ros2-line-follower/ros_ws/install/line_follower/lib/python3.10/site-packages:${PYTHONPATH} /usr/bin/python3 -W ignore:setup.py install is deprecated -W ignore:easy_install command is deprecated setup.py egg_info --egg-base ../../build/line_follower build --build-base /home/youssef/ros2-line-follower/ros_ws/build/line_follower/build install --record /home/youssef/ros2-line-follower/ros_ws/build/line_follower/install.log --single-version-externally-managed install_data
