[0.166s] DEBUG:colcon:Command line arguments: ['/usr/bin/colcon', 'build', '--packages-select', 'line_follower']
[0.166s] DEBUG:colcon:Parsed command line arguments: Namespace(log_base=None, log_level=None, verb_name='build', build_base='build', install_base='install', merge_install=False, symlink_install=False, test_result_base=None, continue_on_error=False, executor='parallel', parallel_workers=2, event_handlers=None, ignore_user_meta=False, metas=['./colcon.meta'], base_paths=['.'], packages_ignore=None, packages_ignore_regex=None, paths=None, packages_up_to=None, packages_up_to_regex=None, packages_above=None, packages_above_and_dependencies=None, packages_above_depth=None, packages_select_by_dep=None, packages_skip_by_dep=None, packages_skip_up_to=None, packages_select_build_failed=False, packages_skip_build_finished=False, packages_select_test_failures=False, packages_skip_test_passed=False, packages_select=['line_follower'], packages_skip=None, packages_select_regex=None, packages_skip_regex=None, packages_start=None, packages_end=None, allow_overriding=[], cmake_args=None, cmake_target=None, cmake_target_skip_unavailable=False, cmake_clean_cache=False, cmake_clean_first=False, cmake_force_configure=False, ament_cmake_args=None, catkin_cmake_args=None, catkin_skip_building_tests=False, mixin_files=None, mixin=None, verb_parser=<colcon_mixin.mixin.mixin_argument.MixinArgumentDecorator object at 0x7ea2e1761720>, verb_extension=<colcon_core.verb.build.BuildVerb object at 0x7ea2e187a5f0>, main=<bound method BuildVerb.main of <colcon_core.verb.build.BuildVerb object at 0x7ea2e187a5f0>>, mixin_verb=('build',))
[0.418s] Level 1:colcon.colcon_core.package_discovery:discover_packages(colcon_meta) check parameters
[0.418s] Level 1:colcon.colcon_core.package_discovery:discover_packages(recursive) check parameters
[0.418s] Level 1:colcon.colcon_core.package_discovery:discover_packages(ignore) check parameters
[0.418s] Level 1:colcon.colcon_core.package_discovery:discover_packages(path) check parameters
[0.418s] Level 1:colcon.colcon_core.package_discovery:discover_packages(colcon_meta) discover
[0.418s] Level 1:colcon.colcon_core.package_discovery:discover_packages(recursive) discover
[0.419s] INFO:colcon.colcon_core.package_discovery:Crawling recursively for packages in '/home/youssef/ros2-line-follower/ros_ws'
[0.419s] Level 1:colcon.colcon_core.package_identification:_identify(.) by extensions ['ignore', 'ignore_ament_install']
[0.419s] Level 1:colcon.colcon_core.package_identification:_identify(.) by extension 'ignore'
[0.419s] Level 1:colcon.colcon_core.package_identification:_identify(.) by extension 'ignore_ament_install'
[0.419s] Level 1:colcon.colcon_core.package_identification:_identify(.) by extensions ['colcon_pkg']
[0.419s] Level 1:colcon.colcon_core.package_identification:_identify(.) by extension 'colcon_pkg'
[0.419s] Level 1:colcon.colcon_core.package_identification:_identify(.) by extensions ['colcon_meta']
[0.419s] Level 1:colcon.colcon_core.package_identification:_identify(.) by extension 'colcon_meta'
[0.419s] Level 1:colcon.colcon_core.package_identification:_identify(.) by extensions ['ros']
[0.419s] Level 1:colcon.colcon_core.package_identification:_identify(.) by extension 'ros'
[0.434s] Level 1:colcon.colcon_core.package_identification:_identify(.) by extensions ['cmake', 'python']
[0.435s] Level 1:colcon.colcon_core.package_identification:_identify(.) by extension 'cmake'
[0.435s] Level 1:colcon.colcon_core.package_identification:_identify(.) by extension 'python'
[0.435s] Level 1:colcon.colcon_core.package_identification:_identify(.) by extensions ['python_setup_py']
[0.435s] Level 1:colcon.colcon_core.package_identification:_identify(.) by extension 'python_setup_py'
[0.435s] Level 1:colcon.colcon_core.package_identification:_identify(build) by extensions ['ignore', 'ignore_ament_install']
[0.435s] Level 1:colcon.colcon_core.package_identification:_identify(build) by extension 'ignore'
[0.435s] Level 1:colcon.colcon_core.package_identification:_identify(build) ignored
[0.435s] Level 1:colcon.colcon_core.package_identification:_identify(install) by extensions ['ignore', 'ignore_ament_install']
[0.435s] Level 1:colcon.colcon_core.package_identification:_identify(install) by extension 'ignore'
[0.435s] Level 1:colcon.colcon_core.package_identification:_identify(install) ignored
[0.436s] Level 1:colcon.colcon_core.package_identification:_identify(log) by extensions ['ignore', 'ignore_ament_install']
[0.436s] Level 1:colcon.colcon_core.package_identification:_identify(log) by extension 'ignore'
[0.436s] Level 1:colcon.colcon_core.package_identification:_identify(log) ignored
[0.436s] Level 1:colcon.colcon_core.package_identification:_identify(src) by extensions ['ignore', 'ignore_ament_install']
[0.436s] Level 1:colcon.colcon_core.package_identification:_identify(src) by extension 'ignore'
[0.436s] Level 1:colcon.colcon_core.package_identification:_identify(src) by extension 'ignore_ament_install'
[0.436s] Level 1:colcon.colcon_core.package_identification:_identify(src) by extensions ['colcon_pkg']
[0.436s] Level 1:colcon.colcon_core.package_identification:_identify(src) by extension 'colcon_pkg'
[0.436s] Level 1:colcon.colcon_core.package_identification:_identify(src) by extensions ['colcon_meta']
[0.436s] Level 1:colcon.colcon_core.package_identification:_identify(src) by extension 'colcon_meta'
[0.436s] Level 1:colcon.colcon_core.package_identification:_identify(src) by extensions ['ros']
[0.436s] Level 1:colcon.colcon_core.package_identification:_identify(src) by extension 'ros'
[0.436s] Level 1:colcon.colcon_core.package_identification:_identify(src) by extensions ['cmake', 'python']
[0.436s] Level 1:colcon.colcon_core.package_identification:_identify(src) by extension 'cmake'
[0.436s] Level 1:colcon.colcon_core.package_identification:_identify(src) by extension 'python'
[0.437s] Level 1:colcon.colcon_core.package_identification:_identify(src) by extensions ['python_setup_py']
[0.437s] Level 1:colcon.colcon_core.package_identification:_identify(src) by extension 'python_setup_py'
[0.437s] Level 1:colcon.colcon_core.package_identification:_identify(src/line_follower) by extensions ['ignore', 'ignore_ament_install']
[0.437s] Level 1:colcon.colcon_core.package_identification:_identify(src/line_follower) by extension 'ignore'
[0.437s] Level 1:colcon.colcon_core.package_identification:_identify(src/line_follower) by extension 'ignore_ament_install'
[0.437s] Level 1:colcon.colcon_core.package_identification:_identify(src/line_follower) by extensions ['colcon_pkg']
[0.437s] Level 1:colcon.colcon_core.package_identification:_identify(src/line_follower) by extension 'colcon_pkg'
[0.437s] Level 1:colcon.colcon_core.package_identification:_identify(src/line_follower) by extensions ['colcon_meta']
[0.437s] Level 1:colcon.colcon_core.package_identification:_identify(src/line_follower) by extension 'colcon_meta'
[0.437s] Level 1:colcon.colcon_core.package_identification:_identify(src/line_follower) by extensions ['ros']
[0.437s] Level 1:colcon.colcon_core.package_identification:_identify(src/line_follower) by extension 'ros'
[0.441s] DEBUG:colcon.colcon_core.package_identification:Failed to parse potential ROS package manifest in'src/line_follower': Error(s) in package 'src/line_follower/package.xml':
Error(s):
- The generic dependency on 'cv_bridge' is redundant with: build_depend, build_export_depend, exec_depend
[0.441s] Level 1:colcon.colcon_core.package_identification:_identify(src/line_follower) by extensions ['cmake', 'python']
[0.441s] Level 1:colcon.colcon_core.package_identification:_identify(src/line_follower) by extension 'cmake'
[0.441s] Level 1:colcon.colcon_core.package_identification:_identify(src/line_follower) by extension 'python'
[0.442s] DEBUG:colcon.colcon_core.package_identification:Python package in 'src/line_follower' passes arguments to the setup() function which requires a different identification extension than 'python'
[0.442s] Level 1:colcon.colcon_core.package_identification:_identify(src/line_follower) by extensions ['python_setup_py']
[0.442s] Level 1:colcon.colcon_core.package_identification:_identify(src/line_follower) by extension 'python_setup_py'
[0.807s] DEBUG:colcon.colcon_core.package_identification:Package 'src/line_follower' with type 'python' and name 'line_follower'
[0.807s] Level 1:colcon.colcon_core.package_discovery:discover_packages(recursive) using defaults
[0.807s] Level 1:colcon.colcon_core.package_discovery:discover_packages(ignore) discover
[0.807s] Level 1:colcon.colcon_core.package_discovery:discover_packages(ignore) using defaults
[0.807s] Level 1:colcon.colcon_core.package_discovery:discover_packages(path) discover
[0.807s] Level 1:colcon.colcon_core.package_discovery:discover_packages(path) using defaults
[0.850s] Level 1:colcon.colcon_core.package_discovery:discover_packages(prefix_path) check parameters
[0.850s] Level 1:colcon.colcon_core.package_discovery:discover_packages(prefix_path) discover
[0.853s] DEBUG:colcon.colcon_installed_package_information.package_discovery:Found 1 installed packages in /home/youssef/ros2-line-follower/ros_ws/install
[0.855s] DEBUG:colcon.colcon_installed_package_information.package_discovery:Found 280 installed packages in /opt/ros/humble
[0.857s] Level 1:colcon.colcon_core.package_discovery:discover_packages(prefix_path) using defaults
[0.916s] Level 5:colcon.colcon_core.verb:set package 'line_follower' build argument 'cmake_args' from command line to 'None'
[0.916s] Level 5:colcon.colcon_core.verb:set package 'line_follower' build argument 'cmake_target' from command line to 'None'
[0.916s] Level 5:colcon.colcon_core.verb:set package 'line_follower' build argument 'cmake_target_skip_unavailable' from command line to 'False'
[0.916s] Level 5:colcon.colcon_core.verb:set package 'line_follower' build argument 'cmake_clean_cache' from command line to 'False'
[0.916s] Level 5:colcon.colcon_core.verb:set package 'line_follower' build argument 'cmake_clean_first' from command line to 'False'
[0.916s] Level 5:colcon.colcon_core.verb:set package 'line_follower' build argument 'cmake_force_configure' from command line to 'False'
[0.916s] Level 5:colcon.colcon_core.verb:set package 'line_follower' build argument 'ament_cmake_args' from command line to 'None'
[0.916s] Level 5:colcon.colcon_core.verb:set package 'line_follower' build argument 'catkin_cmake_args' from command line to 'None'
[0.916s] Level 5:colcon.colcon_core.verb:set package 'line_follower' build argument 'catkin_skip_building_tests' from command line to 'False'
[0.916s] DEBUG:colcon.colcon_core.verb:Building package 'line_follower' with the following arguments: {'ament_cmake_args': None, 'build_base': '/home/youssef/ros2-line-follower/ros_ws/build/line_follower', 'catkin_cmake_args': None, 'catkin_skip_building_tests': False, 'cmake_args': None, 'cmake_clean_cache': False, 'cmake_clean_first': False, 'cmake_force_configure': False, 'cmake_target': None, 'cmake_target_skip_unavailable': False, 'install_base': '/home/youssef/ros2-line-follower/ros_ws/install/line_follower', 'merge_install': False, 'path': '/home/youssef/ros2-line-follower/ros_ws/src/line_follower', 'symlink_install': False, 'test_result_base': None}
[0.916s] INFO:colcon.colcon_core.executor:Executing jobs using 'parallel' executor
[0.918s] DEBUG:colcon.colcon_parallel_executor.executor.parallel:run_until_complete
[0.918s] INFO:colcon.colcon_core.task.python.build:Building Python package in '/home/youssef/ros2-line-follower/ros_ws/src/line_follower'
[0.922s] INFO:colcon.colcon_core.plugin_system:Skipping extension 'colcon_core.shell.bat': Not used on non-Windows systems
[0.923s] INFO:colcon.colcon_core.shell:Skip shell extension 'powershell' for command environment: Not usable outside of PowerShell
[0.923s] DEBUG:colcon.colcon_core.shell:Skip shell extension 'dsv' for command environment
[1.777s] DEBUG:colcon.colcon_core.event_handler.log_command:Invoking command in '/home/youssef/ros2-line-follower/ros_ws/src/line_follower': PYTHONPATH=/home/youssef/ros2-line-follower/ros_ws/build/line_follower/prefix_override:/usr/lib/python3/dist-packages/colcon_core/task/python/colcon_distutils_commands:/home/youssef/ros2-line-follower/ros_ws/install/line_follower/lib/python3.10/site-packages:${PYTHONPATH} /usr/bin/python3 -W ignore:setup.py install is deprecated -W ignore:easy_install command is deprecated setup.py egg_info --egg-base ../../build/line_follower build --build-base /home/youssef/ros2-line-follower/ros_ws/build/line_follower/build install --record /home/youssef/ros2-line-follower/ros_ws/build/line_follower/install.log --single-version-externally-managed install_data
[2.180s] DEBUG:colcon.colcon_core.event_handler.log_command:Invoked command in '/home/youssef/ros2-line-follower/ros_ws/src/line_follower' returned '0': PYTHONPATH=/home/youssef/ros2-line-follower/ros_ws/build/line_follower/prefix_override:/usr/lib/python3/dist-packages/colcon_core/task/python/colcon_distutils_commands:/home/youssef/ros2-line-follower/ros_ws/install/line_follower/lib/python3.10/site-packages:${PYTHONPATH} /usr/bin/python3 -W ignore:setup.py install is deprecated -W ignore:easy_install command is deprecated setup.py egg_info --egg-base ../../build/line_follower build --build-base /home/youssef/ros2-line-follower/ros_ws/build/line_follower/build install --record /home/youssef/ros2-line-follower/ros_ws/build/line_follower/install.log --single-version-externally-managed install_data
[2.184s] Level 1:colcon.colcon_core.environment:checking '/home/youssef/ros2-line-follower/ros_ws/install/line_follower' for CMake module files
[2.184s] Level 1:colcon.colcon_core.environment:checking '/home/youssef/ros2-line-follower/ros_ws/install/line_follower' for CMake config files
[2.185s] Level 1:colcon.colcon_core.environment:checking '/home/youssef/ros2-line-follower/ros_ws/install/line_follower/lib'
[2.186s] Level 1:colcon.colcon_core.environment:checking '/home/youssef/ros2-line-follower/ros_ws/install/line_follower/bin'
[2.186s] Level 1:colcon.colcon_core.environment:checking '/home/youssef/ros2-line-follower/ros_ws/install/line_follower/lib/pkgconfig/line_follower.pc'
[2.186s] Level 1:colcon.colcon_core.environment:checking '/home/youssef/ros2-line-follower/ros_ws/install/line_follower/lib/python3.10/site-packages'
[2.186s] Level 1:colcon.colcon_core.shell:create_environment_hook('line_follower', 'pythonpath')
[2.187s] INFO:colcon.colcon_core.shell:Creating environment hook '/home/youssef/ros2-line-follower/ros_ws/install/line_follower/share/line_follower/hook/pythonpath.ps1'
[2.188s] INFO:colcon.colcon_core.shell:Creating environment descriptor '/home/youssef/ros2-line-follower/ros_ws/install/line_follower/share/line_follower/hook/pythonpath.dsv'
[2.189s] INFO:colcon.colcon_core.shell:Creating environment hook '/home/youssef/ros2-line-follower/ros_ws/install/line_follower/share/line_follower/hook/pythonpath.sh'
[2.190s] Level 1:colcon.colcon_core.environment:checking '/home/youssef/ros2-line-follower/ros_ws/install/line_follower/bin'
[2.190s] Level 1:colcon.colcon_core.environment:create_environment_scripts_only(line_follower)
[2.191s] INFO:colcon.colcon_core.shell:Creating package script '/home/youssef/ros2-line-follower/ros_ws/install/line_follower/share/line_follower/package.ps1'
[2.193s] INFO:colcon.colcon_core.shell:Creating package descriptor '/home/youssef/ros2-line-follower/ros_ws/install/line_follower/share/line_follower/package.dsv'
[2.194s] INFO:colcon.colcon_core.shell:Creating package script '/home/youssef/ros2-line-follower/ros_ws/install/line_follower/share/line_follower/package.sh'
[2.195s] INFO:colcon.colcon_core.shell:Creating package script '/home/youssef/ros2-line-follower/ros_ws/install/line_follower/share/line_follower/package.bash'
[2.197s] INFO:colcon.colcon_core.shell:Creating package script '/home/youssef/ros2-line-follower/ros_ws/install/line_follower/share/line_follower/package.zsh'
[2.198s] Level 1:colcon.colcon_core.environment:create_file_with_runtime_dependencies(/home/youssef/ros2-line-follower/ros_ws/install/line_follower/share/colcon-core/packages/line_follower)
[2.199s] DEBUG:colcon.colcon_parallel_executor.executor.parallel:closing loop
[2.199s] DEBUG:colcon.colcon_parallel_executor.executor.parallel:loop closed
[2.199s] DEBUG:colcon.colcon_parallel_executor.executor.parallel:run_until_complete finished with '0'
[2.200s] DEBUG:colcon.colcon_core.event_reactor:joining thread
[2.207s] INFO:colcon.colcon_core.plugin_system:Skipping extension 'colcon_notification.desktop_notification.terminal_notifier': Not used on non-Darwin systems
[2.207s] INFO:colcon.colcon_core.plugin_system:Skipping extension 'colcon_notification.desktop_notification.win32': Not used on non-Windows systems
[2.207s] INFO:colcon.colcon_notification.desktop_notification:Sending desktop notification using 'notify2'
[2.233s] DEBUG:colcon.colcon_core.event_reactor:joined thread
[2.233s] INFO:colcon.colcon_core.shell:Creating prefix script '/home/youssef/ros2-line-follower/ros_ws/install/local_setup.ps1'
[2.235s] INFO:colcon.colcon_core.shell:Creating prefix util module '/home/youssef/ros2-line-follower/ros_ws/install/_local_setup_util_ps1.py'
[2.239s] INFO:colcon.colcon_core.shell:Creating prefix chain script '/home/youssef/ros2-line-follower/ros_ws/install/setup.ps1'
[2.242s] INFO:colcon.colcon_core.shell:Creating prefix script '/home/youssef/ros2-line-follower/ros_ws/install/local_setup.sh'
[2.243s] INFO:colcon.colcon_core.shell:Creating prefix util module '/home/youssef/ros2-line-follower/ros_ws/install/_local_setup_util_sh.py'
[2.244s] INFO:colcon.colcon_core.shell:Creating prefix chain script '/home/youssef/ros2-line-follower/ros_ws/install/setup.sh'
[2.249s] INFO:colcon.colcon_core.shell:Creating prefix script '/home/youssef/ros2-line-follower/ros_ws/install/local_setup.bash'
[2.251s] INFO:colcon.colcon_core.shell:Creating prefix chain script '/home/youssef/ros2-line-follower/ros_ws/install/setup.bash'
[2.255s] INFO:colcon.colcon_core.shell:Creating prefix script '/home/youssef/ros2-line-follower/ros_ws/install/local_setup.zsh'
[2.255s] INFO:colcon.colcon_core.shell:Creating prefix chain script '/home/youssef/ros2-line-follower/ros_ws/install/setup.zsh'
