[1.361s] Invoking command in '/home/youssef/ros2-line-follower/ros_ws/src/line_follower': PYTHONPATH=/home/youssef/ros2-line-follower/ros_ws/build/line_follower/prefix_override:/usr/lib/python3/dist-packages/colcon_core/task/python/colcon_distutils_commands:/home/youssef/ros2-line-follower/ros_ws/install/line_follower/lib/python3.10/site-packages:${PYTHONPATH} /usr/bin/python3 -W ignore:setup.py install is deprecated -W ignore:easy_install command is deprecated setup.py egg_info --egg-base ../../build/line_follower build --build-base /home/youssef/ros2-line-follower/ros_ws/build/line_follower/build install --record /home/youssef/ros2-line-follower/ros_ws/build/line_follower/install.log --single-version-externally-managed install_data
[1.914s] running egg_info
[1.915s] creating ../../build/line_follower/line_follower.egg-info
[1.916s] writing ../../build/line_follower/line_follower.egg-info/PKG-INFO
[1.916s] writing dependency_links to ../../build/line_follower/line_follower.egg-info/dependency_links.txt
[1.917s] writing entry points to ../../build/line_follower/line_follower.egg-info/entry_points.txt
[1.918s] writing requirements to ../../build/line_follower/line_follower.egg-info/requires.txt
[1.919s] writing top-level names to ../../build/line_follower/line_follower.egg-info/top_level.txt
[1.919s] writing manifest file '../../build/line_follower/line_follower.egg-info/SOURCES.txt'
[1.924s] reading manifest file '../../build/line_follower/line_follower.egg-info/SOURCES.txt'
[1.925s] writing manifest file '../../build/line_follower/line_follower.egg-info/SOURCES.txt'
[1.925s] running build
[1.925s] running build_py
[1.926s] creating /home/youssef/ros2-line-follower/ros_ws/build/line_follower/build
[1.926s] creating /home/youssef/ros2-line-follower/ros_ws/build/line_follower/build/lib
[1.926s] creating /home/youssef/ros2-line-follower/ros_ws/build/line_follower/build/lib/line_follower
[1.927s] copying line_follower/__init__.py -> /home/youssef/ros2-line-follower/ros_ws/build/line_follower/build/lib/line_follower
[1.927s] copying line_follower/sensor_node.py -> /home/youssef/ros2-line-follower/ros_ws/build/line_follower/build/lib/line_follower
[1.928s] running install
[1.930s] running install_lib
[1.931s] creating /home/youssef/ros2-line-follower/ros_ws/install/line_follower/lib/python3.10/site-packages/line_follower
[1.932s] copying /home/youssef/ros2-line-follower/ros_ws/build/line_follower/build/lib/line_follower/__init__.py -> /home/youssef/ros2-line-follower/ros_ws/install/line_follower/lib/python3.10/site-packages/line_follower
[1.932s] copying /home/youssef/ros2-line-follower/ros_ws/build/line_follower/build/lib/line_follower/sensor_node.py -> /home/youssef/ros2-line-follower/ros_ws/install/line_follower/lib/python3.10/site-packages/line_follower
[1.934s] byte-compiling /home/youssef/ros2-line-follower/ros_ws/install/line_follower/lib/python3.10/site-packages/line_follower/__init__.py to __init__.cpython-310.pyc
[1.934s] byte-compiling /home/youssef/ros2-line-follower/ros_ws/install/line_follower/lib/python3.10/site-packages/line_follower/sensor_node.py to sensor_node.cpython-310.pyc
[1.936s] running install_data
[1.936s] creating /home/youssef/ros2-line-follower/ros_ws/install/line_follower/share/ament_index
[1.937s] creating /home/youssef/ros2-line-follower/ros_ws/install/line_follower/share/ament_index/resource_index
[1.937s] creating /home/youssef/ros2-line-follower/ros_ws/install/line_follower/share/ament_index/resource_index/packages
[1.937s] copying resource/line_follower -> /home/youssef/ros2-line-follower/ros_ws/install/line_follower/share/ament_index/resource_index/packages
[1.937s] copying package.xml -> /home/youssef/ros2-line-follower/ros_ws/install/line_follower/share/line_follower
[1.937s] running install_egg_info
[1.943s] Copying ../../build/line_follower/line_follower.egg-info to /home/youssef/ros2-line-follower/ros_ws/install/line_follower/lib/python3.10/site-packages/line_follower-0.0.0-py3.10.egg-info
[1.945s] running install_scripts
[1.989s] Installing sensor_node script to /home/youssef/ros2-line-follower/ros_ws/install/line_follower/lib/line_follower
[1.990s] writing list of installed files to '/home/youssef/ros2-line-follower/ros_ws/build/line_follower/install.log'
[2.057s] Invoked command in '/home/youssef/ros2-line-follower/ros_ws/src/line_follower' returned '0': PYTHONPATH=/home/youssef/ros2-line-follower/ros_ws/build/line_follower/prefix_override:/usr/lib/python3/dist-packages/colcon_core/task/python/colcon_distutils_commands:/home/youssef/ros2-line-follower/ros_ws/install/line_follower/lib/python3.10/site-packages:${PYTHONPATH} /usr/bin/python3 -W ignore:setup.py install is deprecated -W ignore:easy_install command is deprecated setup.py egg_info --egg-base ../../build/line_follower build --build-base /home/youssef/ros2-line-follower/ros_ws/build/line_follower/build install --record /home/youssef/ros2-line-follower/ros_ws/build/line_follower/install.log --single-version-externally-managed install_data
