[2.560s] Invoking command in '/home/youssef/ros2-line-follower/ros_ws/src/line_follower': PYTHONPATH=/home/youssef/ros2-line-follower/ros_ws/src/line_follower/build/line_follower/prefix_override:/usr/lib/python3/dist-packages/colcon_core/task/python/colcon_distutils_commands:/home/youssef/ros2-line-follower/ros_ws/src/line_follower/install/line_follower/lib/python3.10/site-packages:${PYTHONPATH} /usr/bin/python3 -W ignore:setup.py install is deprecated -W ignore:easy_install command is deprecated setup.py egg_info --egg-base build/line_follower build --build-base /home/youssef/ros2-line-follower/ros_ws/src/line_follower/build/line_follower/build install --record /home/youssef/ros2-line-follower/ros_ws/src/line_follower/build/line_follower/install.log --single-version-externally-managed install_data
[3.500s] running egg_info
[3.501s] creating build/line_follower/line_follower.egg-info
[3.502s] writing build/line_follower/line_follower.egg-info/PKG-INFO
[3.503s] writing dependency_links to build/line_follower/line_follower.egg-info/dependency_links.txt
[3.503s] writing entry points to build/line_follower/line_follower.egg-info/entry_points.txt
[3.504s] writing requirements to build/line_follower/line_follower.egg-info/requires.txt
[3.504s] writing top-level names to build/line_follower/line_follower.egg-info/top_level.txt
[3.505s] writing manifest file 'build/line_follower/line_follower.egg-info/SOURCES.txt'
[3.510s] reading manifest file 'build/line_follower/line_follower.egg-info/SOURCES.txt'
[3.512s] writing manifest file 'build/line_follower/line_follower.egg-info/SOURCES.txt'
[3.512s] running build
[3.513s] running build_py
[3.513s] creating /home/youssef/ros2-line-follower/ros_ws/src/line_follower/build/line_follower/build
[3.513s] creating /home/youssef/ros2-line-follower/ros_ws/src/line_follower/build/line_follower/build/lib
[3.514s] creating /home/youssef/ros2-line-follower/ros_ws/src/line_follower/build/line_follower/build/lib/line_follower
[3.514s] copying line_follower/__init__.py -> /home/youssef/ros2-line-follower/ros_ws/src/line_follower/build/line_follower/build/lib/line_follower
[3.514s] copying line_follower/sensor_node.py -> /home/youssef/ros2-line-follower/ros_ws/src/line_follower/build/line_follower/build/lib/line_follower
[3.515s] running install
[3.516s] running install_lib
[3.517s] creating /home/youssef/ros2-line-follower/ros_ws/src/line_follower/install/line_follower/lib/python3.10/site-packages/line_follower
[3.518s] copying /home/youssef/ros2-line-follower/ros_ws/src/line_follower/build/line_follower/build/lib/line_follower/__init__.py -> /home/youssef/ros2-line-follower/ros_ws/src/line_follower/install/line_follower/lib/python3.10/site-packages/line_follower
[3.518s] copying /home/youssef/ros2-line-follower/ros_ws/src/line_follower/build/line_follower/build/lib/line_follower/sensor_node.py -> /home/youssef/ros2-line-follower/ros_ws/src/line_follower/install/line_follower/lib/python3.10/site-packages/line_follower
[3.519s] byte-compiling /home/youssef/ros2-line-follower/ros_ws/src/line_follower/install/line_follower/lib/python3.10/site-packages/line_follower/__init__.py to __init__.cpython-310.pyc
[3.520s] byte-compiling /home/youssef/ros2-line-follower/ros_ws/src/line_follower/install/line_follower/lib/python3.10/site-packages/line_follower/sensor_node.py to sensor_node.cpython-310.pyc
[3.522s] running install_data
[3.522s] creating /home/youssef/ros2-line-follower/ros_ws/src/line_follower/install/line_follower/share/ament_index
[3.522s] creating /home/youssef/ros2-line-follower/ros_ws/src/line_follower/install/line_follower/share/ament_index/resource_index
[3.523s] creating /home/youssef/ros2-line-follower/ros_ws/src/line_follower/install/line_follower/share/ament_index/resource_index/packages
[3.523s] copying resource/line_follower -> /home/youssef/ros2-line-follower/ros_ws/src/line_follower/install/line_follower/share/ament_index/resource_index/packages
[3.523s] copying package.xml -> /home/youssef/ros2-line-follower/ros_ws/src/line_follower/install/line_follower/share/line_follower
[3.524s] running install_egg_info
[3.529s] Copying build/line_follower/line_follower.egg-info to /home/youssef/ros2-line-follower/ros_ws/src/line_follower/install/line_follower/lib/python3.10/site-packages/line_follower-0.0.0-py3.10.egg-info
[3.531s] running install_scripts
[3.573s] Installing sensor_node script to /home/youssef/ros2-line-follower/ros_ws/src/line_follower/install/line_follower/lib/line_follower
[3.573s] writing list of installed files to '/home/youssef/ros2-line-follower/ros_ws/src/line_follower/build/line_follower/install.log'
[3.622s] Invoked command in '/home/youssef/ros2-line-follower/ros_ws/src/line_follower' returned '0': PYTHONPATH=/home/youssef/ros2-line-follower/ros_ws/src/line_follower/build/line_follower/prefix_override:/usr/lib/python3/dist-packages/colcon_core/task/python/colcon_distutils_commands:/home/youssef/ros2-line-follower/ros_ws/src/line_follower/install/line_follower/lib/python3.10/site-packages:${PYTHONPATH} /usr/bin/python3 -W ignore:setup.py install is deprecated -W ignore:easy_install command is deprecated setup.py egg_info --egg-base build/line_follower build --build-base /home/youssef/ros2-line-follower/ros_ws/src/line_follower/build/line_follower/build install --record /home/youssef/ros2-line-follower/ros_ws/src/line_follower/build/line_follower/install.log --single-version-externally-managed install_data
