[3.528s] DEBUG:colcon:Command line arguments: ['/usr/bin/colcon', 'build']
[3.528s] DEBUG:colcon:Parsed command line arguments: Namespace(log_base=None, log_level=None, verb_name='build', build_base='build', install_base='install', merge_install=False, symlink_install=False, test_result_base=None, continue_on_error=False, executor='parallel', parallel_workers=2, event_handlers=None, ignore_user_meta=False, metas=['./colcon.meta'], base_paths=['.'], packages_ignore=None, packages_ignore_regex=None, paths=None, packages_up_to=None, packages_up_to_regex=None, packages_above=None, packages_above_and_dependencies=None, packages_above_depth=None, packages_select_by_dep=None, packages_skip_by_dep=None, packages_skip_up_to=None, packages_select_build_failed=False, packages_skip_build_finished=False, packages_select_test_failures=False, packages_skip_test_passed=False, packages_select=None, packages_skip=None, packages_select_regex=None, packages_skip_regex=None, packages_start=None, packages_end=None, allow_overriding=[], cmake_args=None, cmake_target=None, cmake_target_skip_unavailable=False, cmake_clean_cache=False, cmake_clean_first=False, cmake_force_configure=False, ament_cmake_args=None, catkin_cmake_args=None, catkin_skip_building_tests=False, mixin_files=None, mixin=None, verb_parser=<colcon_mixin.mixin.mixin_argument.MixinArgumentDecorator object at 0x7e9e30e4d720>, verb_extension=<colcon_core.verb.build.BuildVerb object at 0x7e9e30f665f0>, main=<bound method BuildVerb.main of <colcon_core.verb.build.BuildVerb object at 0x7e9e30f665f0>>, mixin_verb=('build',))
[6.892s] Level 1:colcon.colcon_core.package_discovery:discover_packages(colcon_meta) check parameters
[6.892s] Level 1:colcon.colcon_core.package_discovery:discover_packages(recursive) check parameters
[6.893s] Level 1:colcon.colcon_core.package_discovery:discover_packages(ignore) check parameters
[6.893s] Level 1:colcon.colcon_core.package_discovery:discover_packages(path) check parameters
[6.893s] Level 1:colcon.colcon_core.package_discovery:discover_packages(colcon_meta) discover
[6.893s] Level 1:colcon.colcon_core.package_discovery:discover_packages(recursive) discover
[6.893s] INFO:colcon.colcon_core.package_discovery:Crawling recursively for packages in '/home/youssef/ros2-line-follower/ros_ws'
[6.894s] Level 1:colcon.colcon_core.package_identification:_identify(.) by extensions ['ignore', 'ignore_ament_install']
[6.895s] Level 1:colcon.colcon_core.package_identification:_identify(.) by extension 'ignore'
[6.895s] Level 1:colcon.colcon_core.package_identification:_identify(.) by extension 'ignore_ament_install'
[6.896s] Level 1:colcon.colcon_core.package_identification:_identify(.) by extensions ['colcon_pkg']
[6.896s] Level 1:colcon.colcon_core.package_identification:_identify(.) by extension 'colcon_pkg'
[6.897s] Level 1:colcon.colcon_core.package_identification:_identify(.) by extensions ['colcon_meta']
[6.898s] Level 1:colcon.colcon_core.package_identification:_identify(.) by extension 'colcon_meta'
[6.898s] Level 1:colcon.colcon_core.package_identification:_identify(.) by extensions ['ros']
[6.899s] Level 1:colcon.colcon_core.package_identification:_identify(.) by extension 'ros'
[7.017s] Level 1:colcon.colcon_core.package_identification:_identify(.) by extensions ['cmake', 'python']
[7.018s] Level 1:colcon.colcon_core.package_identification:_identify(.) by extension 'cmake'
[7.018s] Level 1:colcon.colcon_core.package_identification:_identify(.) by extension 'python'
[7.018s] Level 1:colcon.colcon_core.package_identification:_identify(.) by extensions ['python_setup_py']
[7.019s] Level 1:colcon.colcon_core.package_identification:_identify(.) by extension 'python_setup_py'
[7.019s] Level 1:colcon.colcon_core.package_identification:_identify(build) by extensions ['ignore', 'ignore_ament_install']
[7.020s] Level 1:colcon.colcon_core.package_identification:_identify(build) by extension 'ignore'
[7.020s] Level 1:colcon.colcon_core.package_identification:_identify(build) ignored
[7.021s] Level 1:colcon.colcon_core.package_identification:_identify(install) by extensions ['ignore', 'ignore_ament_install']
[7.021s] Level 1:colcon.colcon_core.package_identification:_identify(install) by extension 'ignore'
[7.022s] Level 1:colcon.colcon_core.package_identification:_identify(install) ignored
[7.022s] Level 1:colcon.colcon_core.package_identification:_identify(log) by extensions ['ignore', 'ignore_ament_install']
[7.023s] Level 1:colcon.colcon_core.package_identification:_identify(log) by extension 'ignore'
[7.023s] Level 1:colcon.colcon_core.package_identification:_identify(log) ignored
[7.024s] Level 1:colcon.colcon_core.package_identification:_identify(src) by extensions ['ignore', 'ignore_ament_install']
[7.024s] Level 1:colcon.colcon_core.package_identification:_identify(src) by extension 'ignore'
[7.024s] Level 1:colcon.colcon_core.package_identification:_identify(src) by extension 'ignore_ament_install'
[7.025s] Level 1:colcon.colcon_core.package_identification:_identify(src) by extensions ['colcon_pkg']
[7.025s] Level 1:colcon.colcon_core.package_identification:_identify(src) by extension 'colcon_pkg'
[7.025s] Level 1:colcon.colcon_core.package_identification:_identify(src) by extensions ['colcon_meta']
[7.025s] Level 1:colcon.colcon_core.package_identification:_identify(src) by extension 'colcon_meta'
[7.026s] Level 1:colcon.colcon_core.package_identification:_identify(src) by extensions ['ros']
[7.026s] Level 1:colcon.colcon_core.package_identification:_identify(src) by extension 'ros'
[7.026s] Level 1:colcon.colcon_core.package_identification:_identify(src) by extensions ['cmake', 'python']
[7.027s] Level 1:colcon.colcon_core.package_identification:_identify(src) by extension 'cmake'
[7.027s] Level 1:colcon.colcon_core.package_identification:_identify(src) by extension 'python'
[7.027s] Level 1:colcon.colcon_core.package_identification:_identify(src) by extensions ['python_setup_py']
[7.027s] Level 1:colcon.colcon_core.package_identification:_identify(src) by extension 'python_setup_py'
[7.028s] Level 1:colcon.colcon_core.package_identification:_identify(src/line_follower) by extensions ['ignore', 'ignore_ament_install']
[7.029s] Level 1:colcon.colcon_core.package_identification:_identify(src/line_follower) by extension 'ignore'
[7.029s] Level 1:colcon.colcon_core.package_identification:_identify(src/line_follower) by extension 'ignore_ament_install'
[7.029s] Level 1:colcon.colcon_core.package_identification:_identify(src/line_follower) by extensions ['colcon_pkg']
[7.029s] Level 1:colcon.colcon_core.package_identification:_identify(src/line_follower) by extension 'colcon_pkg'
[7.030s] Level 1:colcon.colcon_core.package_identification:_identify(src/line_follower) by extensions ['colcon_meta']
[7.030s] Level 1:colcon.colcon_core.package_identification:_identify(src/line_follower) by extension 'colcon_meta'
[7.030s] Level 1:colcon.colcon_core.package_identification:_identify(src/line_follower) by extensions ['ros']
[7.030s] Level 1:colcon.colcon_core.package_identification:_identify(src/line_follower) by extension 'ros'
[7.067s] DEBUG:colcon.colcon_core.package_identification:Failed to parse potential ROS package manifest in'src/line_follower': Error(s) in package 'src/line_follower/package.xml':
Error(s):
- The generic dependency on 'cv_bridge' is redundant with: build_depend, build_export_depend, exec_depend
[7.067s] Level 1:colcon.colcon_core.package_identification:_identify(src/line_follower) by extensions ['cmake', 'python']
[7.067s] Level 1:colcon.colcon_core.package_identification:_identify(src/line_follower) by extension 'cmake'
[7.067s] Level 1:colcon.colcon_core.package_identification:_identify(src/line_follower) by extension 'python'
[7.068s] DEBUG:colcon.colcon_core.package_identification:Python package in 'src/line_follower' passes arguments to the setup() function which requires a different identification extension than 'python'
[7.068s] Level 1:colcon.colcon_core.package_identification:_identify(src/line_follower) by extensions ['python_setup_py']
[7.068s] Level 1:colcon.colcon_core.package_identification:_identify(src/line_follower) by extension 'python_setup_py'
[7.834s] DEBUG:colcon.colcon_core.package_identification:Package 'src/line_follower' with type 'python' and name 'line_follower_pkg'
[7.834s] Level 1:colcon.colcon_core.package_discovery:discover_packages(recursive) using defaults
[7.834s] Level 1:colcon.colcon_core.package_discovery:discover_packages(ignore) discover
[7.835s] Level 1:colcon.colcon_core.package_discovery:discover_packages(ignore) using defaults
[7.835s] Level 1:colcon.colcon_core.package_discovery:discover_packages(path) discover
[7.835s] Level 1:colcon.colcon_core.package_discovery:discover_packages(path) using defaults
[8.270s] Level 1:colcon.colcon_core.package_discovery:discover_packages(prefix_path) check parameters
[8.270s] Level 1:colcon.colcon_core.package_discovery:discover_packages(prefix_path) discover
[8.278s] DEBUG:colcon.colcon_installed_package_information.package_discovery:Found 1 installed packages in /home/youssef/ros2-line-follower/ros_ws/install
[8.281s] DEBUG:colcon.colcon_installed_package_information.package_discovery:Found 280 installed packages in /opt/ros/humble
[8.285s] Level 1:colcon.colcon_core.package_discovery:discover_packages(prefix_path) using defaults
[8.427s] Level 5:colcon.colcon_core.verb:set package 'line_follower_pkg' build argument 'cmake_args' from command line to 'None'
[8.427s] Level 5:colcon.colcon_core.verb:set package 'line_follower_pkg' build argument 'cmake_target' from command line to 'None'
[8.427s] Level 5:colcon.colcon_core.verb:set package 'line_follower_pkg' build argument 'cmake_target_skip_unavailable' from command line to 'False'
[8.427s] Level 5:colcon.colcon_core.verb:set package 'line_follower_pkg' build argument 'cmake_clean_cache' from command line to 'False'
[8.427s] Level 5:colcon.colcon_core.verb:set package 'line_follower_pkg' build argument 'cmake_clean_first' from command line to 'False'
[8.427s] Level 5:colcon.colcon_core.verb:set package 'line_follower_pkg' build argument 'cmake_force_configure' from command line to 'False'
[8.427s] Level 5:colcon.colcon_core.verb:set package 'line_follower_pkg' build argument 'ament_cmake_args' from command line to 'None'
[8.427s] Level 5:colcon.colcon_core.verb:set package 'line_follower_pkg' build argument 'catkin_cmake_args' from command line to 'None'
[8.427s] Level 5:colcon.colcon_core.verb:set package 'line_follower_pkg' build argument 'catkin_skip_building_tests' from command line to 'False'
[8.427s] DEBUG:colcon.colcon_core.verb:Building package 'line_follower_pkg' with the following arguments: {'ament_cmake_args': None, 'build_base': '/home/youssef/ros2-line-follower/ros_ws/build/line_follower_pkg', 'catkin_cmake_args': None, 'catkin_skip_building_tests': False, 'cmake_args': None, 'cmake_clean_cache': False, 'cmake_clean_first': False, 'cmake_force_configure': False, 'cmake_target': None, 'cmake_target_skip_unavailable': False, 'install_base': '/home/youssef/ros2-line-follower/ros_ws/install/line_follower_pkg', 'merge_install': False, 'path': '/home/youssef/ros2-line-follower/ros_ws/src/line_follower', 'symlink_install': False, 'test_result_base': None}
[8.428s] INFO:colcon.colcon_core.executor:Executing jobs using 'parallel' executor
[8.430s] DEBUG:colcon.colcon_parallel_executor.executor.parallel:run_until_complete
[8.431s] INFO:colcon.colcon_core.task.python.build:Building Python package in '/home/youssef/ros2-line-follower/ros_ws/src/line_follower'
[8.471s] INFO:colcon.colcon_core.plugin_system:Skipping extension 'colcon_core.shell.bat': Not used on non-Windows systems
[8.472s] INFO:colcon.colcon_core.shell:Skip shell extension 'powershell' for command environment: Not usable outside of PowerShell
[8.472s] DEBUG:colcon.colcon_core.shell:Skip shell extension 'dsv' for command environment
[10.484s] DEBUG:colcon.colcon_core.event_handler.log_command:Invoking command in '/home/youssef/ros2-line-follower/ros_ws/src/line_follower': PYTHONPATH=/home/youssef/ros2-line-follower/ros_ws/build/line_follower_pkg/prefix_override:/usr/lib/python3/dist-packages/colcon_core/task/python/colcon_distutils_commands:/home/youssef/ros2-line-follower/ros_ws/install/line_follower_pkg/lib/python3.10/site-packages:${PYTHONPATH} /usr/bin/python3 -W ignore:setup.py install is deprecated -W ignore:easy_install command is deprecated setup.py egg_info --egg-base ../../build/line_follower_pkg build --build-base /home/youssef/ros2-line-follower/ros_ws/build/line_follower_pkg/build install --record /home/youssef/ros2-line-follower/ros_ws/build/line_follower_pkg/install.log --single-version-externally-managed install_data
[11.414s] DEBUG:colcon.colcon_core.event_handler.log_command:Invoked command in '/home/youssef/ros2-line-follower/ros_ws/src/line_follower' returned '1': PYTHONPATH=/home/youssef/ros2-line-follower/ros_ws/build/line_follower_pkg/prefix_override:/usr/lib/python3/dist-packages/colcon_core/task/python/colcon_distutils_commands:/home/youssef/ros2-line-follower/ros_ws/install/line_follower_pkg/lib/python3.10/site-packages:${PYTHONPATH} /usr/bin/python3 -W ignore:setup.py install is deprecated -W ignore:easy_install command is deprecated setup.py egg_info --egg-base ../../build/line_follower_pkg build --build-base /home/youssef/ros2-line-follower/ros_ws/build/line_follower_pkg/build install --record /home/youssef/ros2-line-follower/ros_ws/build/line_follower_pkg/install.log --single-version-externally-managed install_data
[11.424s] DEBUG:colcon.colcon_parallel_executor.executor.parallel:closing loop
[11.425s] DEBUG:colcon.colcon_parallel_executor.executor.parallel:loop closed
[11.425s] DEBUG:colcon.colcon_parallel_executor.executor.parallel:run_until_complete finished with '1'
[11.425s] DEBUG:colcon.colcon_core.event_reactor:joining thread
[11.494s] INFO:colcon.colcon_core.plugin_system:Skipping extension 'colcon_notification.desktop_notification.terminal_notifier': Not used on non-Darwin systems
[11.494s] INFO:colcon.colcon_core.plugin_system:Skipping extension 'colcon_notification.desktop_notification.win32': Not used on non-Windows systems
[11.494s] INFO:colcon.colcon_notification.desktop_notification:Sending desktop notification using 'notify2'
[11.535s] DEBUG:colcon.colcon_core.event_reactor:joined thread
[11.536s] INFO:colcon.colcon_core.shell:Creating prefix script '/home/youssef/ros2-line-follower/ros_ws/install/local_setup.ps1'
[11.575s] INFO:colcon.colcon_core.shell:Creating prefix util module '/home/youssef/ros2-line-follower/ros_ws/install/_local_setup_util_ps1.py'
[11.598s] INFO:colcon.colcon_core.shell:Creating prefix chain script '/home/youssef/ros2-line-follower/ros_ws/install/setup.ps1'
[11.602s] INFO:colcon.colcon_core.shell:Creating prefix script '/home/youssef/ros2-line-follower/ros_ws/install/local_setup.sh'
[11.619s] INFO:colcon.colcon_core.shell:Creating prefix util module '/home/youssef/ros2-line-follower/ros_ws/install/_local_setup_util_sh.py'
[11.621s] INFO:colcon.colcon_core.shell:Creating prefix chain script '/home/youssef/ros2-line-follower/ros_ws/install/setup.sh'
[11.625s] INFO:colcon.colcon_core.shell:Creating prefix script '/home/youssef/ros2-line-follower/ros_ws/install/local_setup.bash'
[11.629s] INFO:colcon.colcon_core.shell:Creating prefix chain script '/home/youssef/ros2-line-follower/ros_ws/install/setup.bash'
[11.634s] INFO:colcon.colcon_core.shell:Creating prefix script '/home/youssef/ros2-line-follower/ros_ws/install/local_setup.zsh'
[11.644s] INFO:colcon.colcon_core.shell:Creating prefix chain script '/home/youssef/ros2-line-follower/ros_ws/install/setup.zsh'
