[1.412s] Invoking command in '/home/youssef/ros2-line-follower/ros_ws/src/line_follower': PYTHONPATH=/home/youssef/ros2-line-follower/ros_ws/build/line_follower/prefix_override:/usr/lib/python3/dist-packages/colcon_core/task/python/colcon_distutils_commands:/home/youssef/ros2-line-follower/ros_ws/install/line_follower/lib/python3.10/site-packages:${PYTHONPATH} /usr/bin/python3 -W ignore:setup.py install is deprecated -W ignore:easy_install command is deprecated setup.py egg_info --egg-base ../../build/line_follower build --build-base /home/youssef/ros2-line-follower/ros_ws/build/line_follower/build install --record /home/youssef/ros2-line-follower/ros_ws/build/line_follower/install.log --single-version-externally-managed install_data
[2.023s] running egg_info
[2.024s] writing ../../build/line_follower/line_follower.egg-info/PKG-INFO
[2.025s] writing dependency_links to ../../build/line_follower/line_follower.egg-info/dependency_links.txt
[2.026s] writing entry points to ../../build/line_follower/line_follower.egg-info/entry_points.txt
[2.026s] writing requirements to ../../build/line_follower/line_follower.egg-info/requires.txt
[2.027s] writing top-level names to ../../build/line_follower/line_follower.egg-info/top_level.txt
[2.031s] reading manifest file '../../build/line_follower/line_follower.egg-info/SOURCES.txt'
[2.033s] writing manifest file '../../build/line_follower/line_follower.egg-info/SOURCES.txt'
[2.033s] running build
[2.033s] running build_py
[2.034s] running install
[2.035s] running install_lib
[2.037s] running install_data
[2.038s] copying urdf/robot.urdf -> /home/youssef/ros2-line-follower/ros_ws/install/line_follower/share/line_follower/urdf
[2.038s] running install_egg_info
[2.042s] removing '/home/youssef/ros2-line-follower/ros_ws/install/line_follower/lib/python3.10/site-packages/line_follower-0.0.0-py3.10.egg-info' (and everything under it)
[2.043s] Copying ../../build/line_follower/line_follower.egg-info to /home/youssef/ros2-line-follower/ros_ws/install/line_follower/lib/python3.10/site-packages/line_follower-0.0.0-py3.10.egg-info
[2.046s] running install_scripts
[2.087s] Installing encoder_odometry_node script to /home/youssef/ros2-line-follower/ros_ws/install/line_follower/lib/line_follower
[2.088s] Installing line_controller_node script to /home/youssef/ros2-line-follower/ros_ws/install/line_follower/lib/line_follower
[2.088s] Installing line_sensor_node script to /home/youssef/ros2-line-follower/ros_ws/install/line_follower/lib/line_follower
[2.089s] Installing motor_driver_node script to /home/youssef/ros2-line-follower/ros_ws/install/line_follower/lib/line_follower
[2.090s] writing list of installed files to '/home/youssef/ros2-line-follower/ros_ws/build/line_follower/install.log'
[2.123s] Invoked command in '/home/youssef/ros2-line-follower/ros_ws/src/line_follower' returned '0': PYTHONPATH=/home/youssef/ros2-line-follower/ros_ws/build/line_follower/prefix_override:/usr/lib/python3/dist-packages/colcon_core/task/python/colcon_distutils_commands:/home/youssef/ros2-line-follower/ros_ws/install/line_follower/lib/python3.10/site-packages:${PYTHONPATH} /usr/bin/python3 -W ignore:setup.py install is deprecated -W ignore:easy_install command is deprecated setup.py egg_info --egg-base ../../build/line_follower build --build-base /home/youssef/ros2-line-follower/ros_ws/build/line_follower/build install --record /home/youssef/ros2-line-follower/ros_ws/build/line_follower/install.log --single-version-externally-managed install_data
