running egg_info
creating ../../build/line_follower_pkg/line_follower_pkg.egg-info
writing ../../build/line_follower_pkg/line_follower_pkg.egg-info/PKG-INFO
writing dependency_links to ../../build/line_follower_pkg/line_follower_pkg.egg-info/dependency_links.txt
writing entry points to ../../build/line_follower_pkg/line_follower_pkg.egg-info/entry_points.txt
writing requirements to ../../build/line_follower_pkg/line_follower_pkg.egg-info/requires.txt
writing top-level names to ../../build/line_follower_pkg/line_follower_pkg.egg-info/top_level.txt
writing manifest file '../../build/line_follower_pkg/line_follower_pkg.egg-info/SOURCES.txt'
reading manifest file '../../build/line_follower_pkg/line_follower_pkg.egg-info/SOURCES.txt'
writing manifest file '../../build/line_follower_pkg/line_follower_pkg.egg-info/SOURCES.txt'
running build
running build_py
creating /home/youssef/ros2-line-follower/ros_ws/build/line_follower_pkg/build
creating /home/youssef/ros2-line-follower/ros_ws/build/line_follower_pkg/build/lib
creating /home/youssef/ros2-line-follower/ros_ws/build/line_follower_pkg/build/lib/line_follower
copying line_follower/serial_comm.py -> /home/youssef/ros2-line-follower/ros_ws/build/line_follower_pkg/build/lib/line_follower
copying line_follower/line_sensor_node.py -> /home/youssef/ros2-line-follower/ros_ws/build/line_follower_pkg/build/lib/line_follower
copying line_follower/motor_driver_node.py -> /home/youssef/ros2-line-follower/ros_ws/build/line_follower_pkg/build/lib/line_follower
copying line_follower/encoder_odometry_node.py -> /home/youssef/ros2-line-follower/ros_ws/build/line_follower_pkg/build/lib/line_follower
copying line_follower/__init__.py -> /home/youssef/ros2-line-follower/ros_ws/build/line_follower_pkg/build/lib/line_follower
copying line_follower/line_controller_node.py -> /home/youssef/ros2-line-follower/ros_ws/build/line_follower_pkg/build/lib/line_follower
running install
running install_lib
creating /home/youssef/ros2-line-follower/ros_ws/install/line_follower_pkg/lib/python3.10/site-packages/line_follower
copying /home/youssef/ros2-line-follower/ros_ws/build/line_follower_pkg/build/lib/line_follower/serial_comm.py -> /home/youssef/ros2-line-follower/ros_ws/install/line_follower_pkg/lib/python3.10/site-packages/line_follower
copying /home/youssef/ros2-line-follower/ros_ws/build/line_follower_pkg/build/lib/line_follower/line_sensor_node.py -> /home/youssef/ros2-line-follower/ros_ws/install/line_follower_pkg/lib/python3.10/site-packages/line_follower
copying /home/youssef/ros2-line-follower/ros_ws/build/line_follower_pkg/build/lib/line_follower/motor_driver_node.py -> /home/youssef/ros2-line-follower/ros_ws/install/line_follower_pkg/lib/python3.10/site-packages/line_follower
copying /home/youssef/ros2-line-follower/ros_ws/build/line_follower_pkg/build/lib/line_follower/encoder_odometry_node.py -> /home/youssef/ros2-line-follower/ros_ws/install/line_follower_pkg/lib/python3.10/site-packages/line_follower
copying /home/youssef/ros2-line-follower/ros_ws/build/line_follower_pkg/build/lib/line_follower/__init__.py -> /home/youssef/ros2-line-follower/ros_ws/install/line_follower_pkg/lib/python3.10/site-packages/line_follower
copying /home/youssef/ros2-line-follower/ros_ws/build/line_follower_pkg/build/lib/line_follower/line_controller_node.py -> /home/youssef/ros2-line-follower/ros_ws/install/line_follower_pkg/lib/python3.10/site-packages/line_follower
byte-compiling /home/youssef/ros2-line-follower/ros_ws/install/line_follower_pkg/lib/python3.10/site-packages/line_follower/serial_comm.py to serial_comm.cpython-310.pyc
byte-compiling /home/youssef/ros2-line-follower/ros_ws/install/line_follower_pkg/lib/python3.10/site-packages/line_follower/line_sensor_node.py to line_sensor_node.cpython-310.pyc
byte-compiling /home/youssef/ros2-line-follower/ros_ws/install/line_follower_pkg/lib/python3.10/site-packages/line_follower/motor_driver_node.py to motor_driver_node.cpython-310.pyc
byte-compiling /home/youssef/ros2-line-follower/ros_ws/install/line_follower_pkg/lib/python3.10/site-packages/line_follower/encoder_odometry_node.py to encoder_odometry_node.cpython-310.pyc
byte-compiling /home/youssef/ros2-line-follower/ros_ws/install/line_follower_pkg/lib/python3.10/site-packages/line_follower/__init__.py to __init__.cpython-310.pyc
byte-compiling /home/youssef/ros2-line-follower/ros_ws/install/line_follower_pkg/lib/python3.10/site-packages/line_follower/line_controller_node.py to line_controller_node.cpython-310.pyc
running install_data
creating /home/youssef/ros2-line-follower/ros_ws/install/line_follower_pkg/share
creating /home/youssef/ros2-line-follower/ros_ws/install/line_follower_pkg/share/ament_index
creating /home/youssef/ros2-line-follower/ros_ws/install/line_follower_pkg/share/ament_index/resource_index
creating /home/youssef/ros2-line-follower/ros_ws/install/line_follower_pkg/share/ament_index/resource_index/packages
error: can't copy 'resource/line_follower_pkg': doesn't exist or not a regular file
