[2.051s] Invoking command in '/home/youssef/ros2-line-follower/ros_ws/src/line_follower': PYTHONPATH=/home/youssef/ros2-line-follower/ros_ws/build/line_follower_pkg/prefix_override:/usr/lib/python3/dist-packages/colcon_core/task/python/colcon_distutils_commands:/home/youssef/ros2-line-follower/ros_ws/install/line_follower_pkg/lib/python3.10/site-packages:${PYTHONPATH} /usr/bin/python3 -W ignore:setup.py install is deprecated -W ignore:easy_install command is deprecated setup.py egg_info --egg-base ../../build/line_follower_pkg build --build-base /home/youssef/ros2-line-follower/ros_ws/build/line_follower_pkg/build install --record /home/youssef/ros2-line-follower/ros_ws/build/line_follower_pkg/install.log --single-version-externally-managed install_data
[2.860s] running egg_info
[2.860s] creating ../../build/line_follower_pkg/line_follower_pkg.egg-info
[2.861s] writing ../../build/line_follower_pkg/line_follower_pkg.egg-info/PKG-INFO
[2.863s] writing dependency_links to ../../build/line_follower_pkg/line_follower_pkg.egg-info/dependency_links.txt
[2.863s] writing entry points to ../../build/line_follower_pkg/line_follower_pkg.egg-info/entry_points.txt
[2.864s] writing requirements to ../../build/line_follower_pkg/line_follower_pkg.egg-info/requires.txt
[2.864s] writing top-level names to ../../build/line_follower_pkg/line_follower_pkg.egg-info/top_level.txt
[2.867s] writing manifest file '../../build/line_follower_pkg/line_follower_pkg.egg-info/SOURCES.txt'
[2.872s] reading manifest file '../../build/line_follower_pkg/line_follower_pkg.egg-info/SOURCES.txt'
[2.876s] writing manifest file '../../build/line_follower_pkg/line_follower_pkg.egg-info/SOURCES.txt'
[2.878s] running build
[2.878s] running build_py
[2.879s] creating /home/youssef/ros2-line-follower/ros_ws/build/line_follower_pkg/build
[2.880s] creating /home/youssef/ros2-line-follower/ros_ws/build/line_follower_pkg/build/lib
[2.880s] creating /home/youssef/ros2-line-follower/ros_ws/build/line_follower_pkg/build/lib/line_follower
[2.880s] copying line_follower/serial_comm.py -> /home/youssef/ros2-line-follower/ros_ws/build/line_follower_pkg/build/lib/line_follower
[2.881s] copying line_follower/line_sensor_node.py -> /home/youssef/ros2-line-follower/ros_ws/build/line_follower_pkg/build/lib/line_follower
[2.882s] copying line_follower/motor_driver_node.py -> /home/youssef/ros2-line-follower/ros_ws/build/line_follower_pkg/build/lib/line_follower
[2.883s] copying line_follower/encoder_odometry_node.py -> /home/youssef/ros2-line-follower/ros_ws/build/line_follower_pkg/build/lib/line_follower
[2.883s] copying line_follower/__init__.py -> /home/youssef/ros2-line-follower/ros_ws/build/line_follower_pkg/build/lib/line_follower
[2.883s] copying line_follower/line_controller_node.py -> /home/youssef/ros2-line-follower/ros_ws/build/line_follower_pkg/build/lib/line_follower
[2.883s] running install
[2.884s] running install_lib
[2.886s] creating /home/youssef/ros2-line-follower/ros_ws/install/line_follower_pkg/lib/python3.10/site-packages/line_follower
[2.887s] copying /home/youssef/ros2-line-follower/ros_ws/build/line_follower_pkg/build/lib/line_follower/serial_comm.py -> /home/youssef/ros2-line-follower/ros_ws/install/line_follower_pkg/lib/python3.10/site-packages/line_follower
[2.887s] copying /home/youssef/ros2-line-follower/ros_ws/build/line_follower_pkg/build/lib/line_follower/line_sensor_node.py -> /home/youssef/ros2-line-follower/ros_ws/install/line_follower_pkg/lib/python3.10/site-packages/line_follower
[2.888s] copying /home/youssef/ros2-line-follower/ros_ws/build/line_follower_pkg/build/lib/line_follower/motor_driver_node.py -> /home/youssef/ros2-line-follower/ros_ws/install/line_follower_pkg/lib/python3.10/site-packages/line_follower
[2.888s] copying /home/youssef/ros2-line-follower/ros_ws/build/line_follower_pkg/build/lib/line_follower/encoder_odometry_node.py -> /home/youssef/ros2-line-follower/ros_ws/install/line_follower_pkg/lib/python3.10/site-packages/line_follower
[2.889s] copying /home/youssef/ros2-line-follower/ros_ws/build/line_follower_pkg/build/lib/line_follower/__init__.py -> /home/youssef/ros2-line-follower/ros_ws/install/line_follower_pkg/lib/python3.10/site-packages/line_follower
[2.889s] copying /home/youssef/ros2-line-follower/ros_ws/build/line_follower_pkg/build/lib/line_follower/line_controller_node.py -> /home/youssef/ros2-line-follower/ros_ws/install/line_follower_pkg/lib/python3.10/site-packages/line_follower
[2.891s] byte-compiling /home/youssef/ros2-line-follower/ros_ws/install/line_follower_pkg/lib/python3.10/site-packages/line_follower/serial_comm.py to serial_comm.cpython-310.pyc
[2.899s] byte-compiling /home/youssef/ros2-line-follower/ros_ws/install/line_follower_pkg/lib/python3.10/site-packages/line_follower/line_sensor_node.py to line_sensor_node.cpython-310.pyc
[2.901s] byte-compiling /home/youssef/ros2-line-follower/ros_ws/install/line_follower_pkg/lib/python3.10/site-packages/line_follower/motor_driver_node.py to motor_driver_node.cpython-310.pyc
[2.902s] byte-compiling /home/youssef/ros2-line-follower/ros_ws/install/line_follower_pkg/lib/python3.10/site-packages/line_follower/encoder_odometry_node.py to encoder_odometry_node.cpython-310.pyc
[2.906s] byte-compiling /home/youssef/ros2-line-follower/ros_ws/install/line_follower_pkg/lib/python3.10/site-packages/line_follower/__init__.py to __init__.cpython-310.pyc
[2.907s] byte-compiling /home/youssef/ros2-line-follower/ros_ws/install/line_follower_pkg/lib/python3.10/site-packages/line_follower/line_controller_node.py to line_controller_node.cpython-310.pyc
[2.909s] running install_data
[2.910s] creating /home/youssef/ros2-line-follower/ros_ws/install/line_follower_pkg/share
[2.910s] creating /home/youssef/ros2-line-follower/ros_ws/install/line_follower_pkg/share/ament_index
[2.910s] creating /home/youssef/ros2-line-follower/ros_ws/install/line_follower_pkg/share/ament_index/resource_index
[2.910s] creating /home/youssef/ros2-line-follower/ros_ws/install/line_follower_pkg/share/ament_index/resource_index/packages
[2.912s] error: can't copy 'resource/line_follower_pkg': doesn't exist or not a regular file
[2.980s] Invoked command in '/home/youssef/ros2-line-follower/ros_ws/src/line_follower' returned '1': PYTHONPATH=/home/youssef/ros2-line-follower/ros_ws/build/line_follower_pkg/prefix_override:/usr/lib/python3/dist-packages/colcon_core/task/python/colcon_distutils_commands:/home/youssef/ros2-line-follower/ros_ws/install/line_follower_pkg/lib/python3.10/site-packages:${PYTHONPATH} /usr/bin/python3 -W ignore:setup.py install is deprecated -W ignore:easy_install command is deprecated setup.py egg_info --egg-base ../../build/line_follower_pkg build --build-base /home/youssef/ros2-line-follower/ros_ws/build/line_follower_pkg/build install --record /home/youssef/ros2-line-follower/ros_ws/build/line_follower_pkg/install.log --single-version-externally-managed install_data
