[1.540s] DEBUG:colcon:Command line arguments: ['/usr/bin/colcon', 'build']
[1.541s] DEBUG:colcon:Parsed command line arguments: Namespace(log_base=None, log_level=None, verb_name='build', build_base='build', install_base='install', merge_install=False, symlink_install=False, test_result_base=None, continue_on_error=False, executor='parallel', parallel_workers=2, event_handlers=None, ignore_user_meta=False, metas=['./colcon.meta'], base_paths=['.'], packages_ignore=None, packages_ignore_regex=None, paths=None, packages_up_to=None, packages_up_to_regex=None, packages_above=None, packages_above_and_dependencies=None, packages_above_depth=None, packages_select_by_dep=None, packages_skip_by_dep=None, packages_skip_up_to=None, packages_select_build_failed=False, packages_skip_build_finished=False, packages_select_test_failures=False, packages_skip_test_passed=False, packages_select=None, packages_skip=None, packages_select_regex=None, packages_skip_regex=None, packages_start=None, packages_end=None, allow_overriding=[], cmake_args=None, cmake_target=None, cmake_target_skip_unavailable=False, cmake_clean_cache=False, cmake_clean_first=False, cmake_force_configure=False, ament_cmake_args=None, catkin_cmake_args=None, catkin_skip_building_tests=False, mixin_files=None, mixin=None, verb_parser=<colcon_mixin.mixin.mixin_argument.MixinArgumentDecorator object at 0x71829915d6c0>, verb_extension=<colcon_core.verb.build.BuildVerb object at 0x718299276590>, main=<bound method BuildVerb.main of <colcon_core.verb.build.BuildVerb object at 0x718299276590>>, mixin_verb=('build',))
[6.735s] Level 1:colcon.colcon_core.package_discovery:discover_packages(colcon_meta) check parameters
[6.737s] Level 1:colcon.colcon_core.package_discovery:discover_packages(recursive) check parameters
[6.738s] Level 1:colcon.colcon_core.package_discovery:discover_packages(ignore) check parameters
[6.739s] Level 1:colcon.colcon_core.package_discovery:discover_packages(path) check parameters
[6.740s] Level 1:colcon.colcon_core.package_discovery:discover_packages(colcon_meta) discover
[6.740s] Level 1:colcon.colcon_core.package_discovery:discover_packages(recursive) discover
[6.741s] INFO:colcon.colcon_core.package_discovery:Crawling recursively for packages in '/home/youssef/ros2-line-follower/ros_ws'
[6.742s] Level 1:colcon.colcon_core.package_identification:_identify(.) by extensions ['ignore', 'ignore_ament_install']
[6.743s] Level 1:colcon.colcon_core.package_identification:_identify(.) by extension 'ignore'
[6.744s] Level 1:colcon.colcon_core.package_identification:_identify(.) by extension 'ignore_ament_install'
[6.744s] Level 1:colcon.colcon_core.package_identification:_identify(.) by extensions ['colcon_pkg']
[6.745s] Level 1:colcon.colcon_core.package_identification:_identify(.) by extension 'colcon_pkg'
[6.746s] Level 1:colcon.colcon_core.package_identification:_identify(.) by extensions ['colcon_meta']
[6.746s] Level 1:colcon.colcon_core.package_identification:_identify(.) by extension 'colcon_meta'
[6.747s] Level 1:colcon.colcon_core.package_identification:_identify(.) by extensions ['ros']
[6.747s] Level 1:colcon.colcon_core.package_identification:_identify(.) by extension 'ros'
[6.811s] Level 1:colcon.colcon_core.package_identification:_identify(.) by extensions ['cmake', 'python']
[6.811s] Level 1:colcon.colcon_core.package_identification:_identify(.) by extension 'cmake'
[6.812s] Level 1:colcon.colcon_core.package_identification:_identify(.) by extension 'python'
[6.812s] Level 1:colcon.colcon_core.package_identification:_identify(.) by extensions ['python_setup_py']
[6.812s] Level 1:colcon.colcon_core.package_identification:_identify(.) by extension 'python_setup_py'
[6.812s] Level 1:colcon.colcon_core.package_identification:_identify(build) by extensions ['ignore', 'ignore_ament_install']
[6.813s] Level 1:colcon.colcon_core.package_identification:_identify(build) by extension 'ignore'
[6.813s] Level 1:colcon.colcon_core.package_identification:_identify(build) ignored
[6.813s] Level 1:colcon.colcon_core.package_identification:_identify(install) by extensions ['ignore', 'ignore_ament_install']
[6.813s] Level 1:colcon.colcon_core.package_identification:_identify(install) by extension 'ignore'
[6.814s] Level 1:colcon.colcon_core.package_identification:_identify(install) ignored
[6.814s] Level 1:colcon.colcon_core.package_identification:_identify(log) by extensions ['ignore', 'ignore_ament_install']
[6.814s] Level 1:colcon.colcon_core.package_identification:_identify(log) by extension 'ignore'
[6.815s] Level 1:colcon.colcon_core.package_identification:_identify(log) ignored
[6.815s] Level 1:colcon.colcon_core.package_identification:_identify(src) by extensions ['ignore', 'ignore_ament_install']
[6.815s] Level 1:colcon.colcon_core.package_identification:_identify(src) by extension 'ignore'
[6.815s] Level 1:colcon.colcon_core.package_identification:_identify(src) by extension 'ignore_ament_install'
[6.815s] Level 1:colcon.colcon_core.package_identification:_identify(src) by extensions ['colcon_pkg']
[6.816s] Level 1:colcon.colcon_core.package_identification:_identify(src) by extension 'colcon_pkg'
[6.816s] Level 1:colcon.colcon_core.package_identification:_identify(src) by extensions ['colcon_meta']
[6.816s] Level 1:colcon.colcon_core.package_identification:_identify(src) by extension 'colcon_meta'
[6.816s] Level 1:colcon.colcon_core.package_identification:_identify(src) by extensions ['ros']
[6.816s] Level 1:colcon.colcon_core.package_identification:_identify(src) by extension 'ros'
[6.816s] Level 1:colcon.colcon_core.package_identification:_identify(src) by extensions ['cmake', 'python']
[6.817s] Level 1:colcon.colcon_core.package_identification:_identify(src) by extension 'cmake'
[6.817s] Level 1:colcon.colcon_core.package_identification:_identify(src) by extension 'python'
[6.817s] Level 1:colcon.colcon_core.package_identification:_identify(src) by extensions ['python_setup_py']
[6.817s] Level 1:colcon.colcon_core.package_identification:_identify(src) by extension 'python_setup_py'
[6.817s] Level 1:colcon.colcon_core.package_identification:_identify(src/line_follower) by extensions ['ignore', 'ignore_ament_install']
[6.818s] Level 1:colcon.colcon_core.package_identification:_identify(src/line_follower) by extension 'ignore'
[6.818s] Level 1:colcon.colcon_core.package_identification:_identify(src/line_follower) by extension 'ignore_ament_install'
[6.818s] Level 1:colcon.colcon_core.package_identification:_identify(src/line_follower) by extensions ['colcon_pkg']
[6.818s] Level 1:colcon.colcon_core.package_identification:_identify(src/line_follower) by extension 'colcon_pkg'
[6.818s] Level 1:colcon.colcon_core.package_identification:_identify(src/line_follower) by extensions ['colcon_meta']
[6.818s] Level 1:colcon.colcon_core.package_identification:_identify(src/line_follower) by extension 'colcon_meta'
[6.819s] Level 1:colcon.colcon_core.package_identification:_identify(src/line_follower) by extensions ['ros']
[6.819s] Level 1:colcon.colcon_core.package_identification:_identify(src/line_follower) by extension 'ros'
[6.874s] DEBUG:colcon.colcon_core.package_identification:Package 'src/line_follower' with type 'ros.ament_python' and name 'line_follower'
[6.874s] Level 1:colcon.colcon_core.package_discovery:discover_packages(recursive) using defaults
[6.875s] Level 1:colcon.colcon_core.package_discovery:discover_packages(ignore) discover
[6.875s] Level 1:colcon.colcon_core.package_discovery:discover_packages(ignore) using defaults
[6.875s] Level 1:colcon.colcon_core.package_discovery:discover_packages(path) discover
[6.876s] Level 1:colcon.colcon_core.package_discovery:discover_packages(path) using defaults
[7.232s] Level 1:colcon.colcon_core.package_discovery:discover_packages(prefix_path) check parameters
[7.233s] Level 1:colcon.colcon_core.package_discovery:discover_packages(prefix_path) discover
[7.270s] DEBUG:colcon.colcon_installed_package_information.package_discovery:Found 1 installed packages in /home/youssef/ros2-line-follower/ros_ws/install
[7.285s] DEBUG:colcon.colcon_installed_package_information.package_discovery:Found 273 installed packages in /opt/ros/humble
[7.299s] Level 1:colcon.colcon_core.package_discovery:discover_packages(prefix_path) using defaults
[7.447s] Level 5:colcon.colcon_core.verb:set package 'line_follower' build argument 'cmake_args' from command line to 'None'
[7.447s] Level 5:colcon.colcon_core.verb:set package 'line_follower' build argument 'cmake_target' from command line to 'None'
[7.447s] Level 5:colcon.colcon_core.verb:set package 'line_follower' build argument 'cmake_target_skip_unavailable' from command line to 'False'
[7.447s] Level 5:colcon.colcon_core.verb:set package 'line_follower' build argument 'cmake_clean_cache' from command line to 'False'
[7.447s] Level 5:colcon.colcon_core.verb:set package 'line_follower' build argument 'cmake_clean_first' from command line to 'False'
[7.447s] Level 5:colcon.colcon_core.verb:set package 'line_follower' build argument 'cmake_force_configure' from command line to 'False'
[7.447s] Level 5:colcon.colcon_core.verb:set package 'line_follower' build argument 'ament_cmake_args' from command line to 'None'
[7.447s] Level 5:colcon.colcon_core.verb:set package 'line_follower' build argument 'catkin_cmake_args' from command line to 'None'
[7.447s] Level 5:colcon.colcon_core.verb:set package 'line_follower' build argument 'catkin_skip_building_tests' from command line to 'False'
[7.448s] DEBUG:colcon.colcon_core.verb:Building package 'line_follower' with the following arguments: {'ament_cmake_args': None, 'build_base': '/home/youssef/ros2-line-follower/ros_ws/build/line_follower', 'catkin_cmake_args': None, 'catkin_skip_building_tests': False, 'cmake_args': None, 'cmake_clean_cache': False, 'cmake_clean_first': False, 'cmake_force_configure': False, 'cmake_target': None, 'cmake_target_skip_unavailable': False, 'install_base': '/home/youssef/ros2-line-follower/ros_ws/install/line_follower', 'merge_install': False, 'path': '/home/youssef/ros2-line-follower/ros_ws/src/line_follower', 'symlink_install': False, 'test_result_base': None}
[7.448s] INFO:colcon.colcon_core.executor:Executing jobs using 'parallel' executor
[7.449s] DEBUG:colcon.colcon_parallel_executor.executor.parallel:run_until_complete
[7.451s] INFO:colcon.colcon_ros.task.ament_python.build:Building ROS package in '/home/youssef/ros2-line-follower/ros_ws/src/line_follower' with build type 'ament_python'
[7.451s] Level 1:colcon.colcon_core.shell:create_environment_hook('line_follower', 'ament_prefix_path')
[7.518s] INFO:colcon.colcon_core.plugin_system:Skipping extension 'colcon_core.shell.bat': Not used on non-Windows systems
[7.521s] INFO:colcon.colcon_core.shell:Creating environment hook '/home/youssef/ros2-line-follower/ros_ws/install/line_follower/share/line_follower/hook/ament_prefix_path.ps1'
[7.541s] INFO:colcon.colcon_core.shell:Creating environment descriptor '/home/youssef/ros2-line-follower/ros_ws/install/line_follower/share/line_follower/hook/ament_prefix_path.dsv'
[7.556s] INFO:colcon.colcon_core.shell:Creating environment hook '/home/youssef/ros2-line-follower/ros_ws/install/line_follower/share/line_follower/hook/ament_prefix_path.sh'
[7.572s] INFO:colcon.colcon_core.shell:Skip shell extension 'powershell' for command environment: Not usable outside of PowerShell
[7.573s] DEBUG:colcon.colcon_core.shell:Skip shell extension 'dsv' for command environment
[8.553s] INFO:colcon.colcon_core.task.python.build:Building Python package in '/home/youssef/ros2-line-follower/ros_ws/src/line_follower'
[8.554s] INFO:colcon.colcon_core.shell:Skip shell extension 'powershell' for command environment: Not usable outside of PowerShell
[8.554s] DEBUG:colcon.colcon_core.shell:Skip shell extension 'dsv' for command environment
[10.534s] DEBUG:colcon.colcon_core.event_handler.log_command:Invoking command in '/home/youssef/ros2-line-follower/ros_ws/src/line_follower': PYTHONPATH=/home/youssef/ros2-line-follower/ros_ws/build/line_follower/prefix_override:/usr/lib/python3/dist-packages/colcon_core/task/python/colcon_distutils_commands:/home/youssef/ros2-line-follower/ros_ws/install/line_follower/lib/python3.10/site-packages:${PYTHONPATH} /usr/bin/python3 -W ignore:setup.py install is deprecated -W ignore:easy_install command is deprecated setup.py egg_info --egg-base ../../build/line_follower build --build-base /home/youssef/ros2-line-follower/ros_ws/build/line_follower/build install --record /home/youssef/ros2-line-follower/ros_ws/build/line_follower/install.log --single-version-externally-managed install_data
[11.683s] DEBUG:colcon.colcon_core.event_handler.log_command:Invoked command in '/home/youssef/ros2-line-follower/ros_ws/src/line_follower' returned '0': PYTHONPATH=/home/youssef/ros2-line-follower/ros_ws/build/line_follower/prefix_override:/usr/lib/python3/dist-packages/colcon_core/task/python/colcon_distutils_commands:/home/youssef/ros2-line-follower/ros_ws/install/line_follower/lib/python3.10/site-packages:${PYTHONPATH} /usr/bin/python3 -W ignore:setup.py install is deprecated -W ignore:easy_install command is deprecated setup.py egg_info --egg-base ../../build/line_follower build --build-base /home/youssef/ros2-line-follower/ros_ws/build/line_follower/build install --record /home/youssef/ros2-line-follower/ros_ws/build/line_follower/install.log --single-version-externally-managed install_data
[11.798s] Level 1:colcon.colcon_core.environment:checking '/home/youssef/ros2-line-follower/ros_ws/install/line_follower' for CMake module files
[11.801s] Level 1:colcon.colcon_core.environment:checking '/home/youssef/ros2-line-follower/ros_ws/install/line_follower' for CMake config files
[11.806s] Level 1:colcon.colcon_core.environment:checking '/home/youssef/ros2-line-follower/ros_ws/install/line_follower/lib'
[11.807s] Level 1:colcon.colcon_core.environment:checking '/home/youssef/ros2-line-follower/ros_ws/install/line_follower/bin'
[11.808s] Level 1:colcon.colcon_core.environment:checking '/home/youssef/ros2-line-follower/ros_ws/install/line_follower/lib/pkgconfig/line_follower.pc'
[11.810s] Level 1:colcon.colcon_core.environment:checking '/home/youssef/ros2-line-follower/ros_ws/install/line_follower/lib/python3.10/site-packages'
[11.811s] Level 1:colcon.colcon_core.shell:create_environment_hook('line_follower', 'pythonpath')
[11.812s] INFO:colcon.colcon_core.shell:Creating environment hook '/home/youssef/ros2-line-follower/ros_ws/install/line_follower/share/line_follower/hook/pythonpath.ps1'
[11.816s] INFO:colcon.colcon_core.shell:Creating environment descriptor '/home/youssef/ros2-line-follower/ros_ws/install/line_follower/share/line_follower/hook/pythonpath.dsv'
[11.819s] INFO:colcon.colcon_core.shell:Creating environment hook '/home/youssef/ros2-line-follower/ros_ws/install/line_follower/share/line_follower/hook/pythonpath.sh'
[11.827s] Level 1:colcon.colcon_core.environment:checking '/home/youssef/ros2-line-follower/ros_ws/install/line_follower/bin'
[11.828s] Level 1:colcon.colcon_core.environment:create_environment_scripts_only(line_follower)
[11.830s] INFO:colcon.colcon_core.shell:Creating package script '/home/youssef/ros2-line-follower/ros_ws/install/line_follower/share/line_follower/package.ps1'
[11.850s] INFO:colcon.colcon_core.shell:Creating package descriptor '/home/youssef/ros2-line-follower/ros_ws/install/line_follower/share/line_follower/package.dsv'
[11.857s] INFO:colcon.colcon_core.shell:Creating package script '/home/youssef/ros2-line-follower/ros_ws/install/line_follower/share/line_follower/package.sh'
[11.867s] INFO:colcon.colcon_core.shell:Creating package script '/home/youssef/ros2-line-follower/ros_ws/install/line_follower/share/line_follower/package.bash'
[11.895s] INFO:colcon.colcon_core.shell:Creating package script '/home/youssef/ros2-line-follower/ros_ws/install/line_follower/share/line_follower/package.zsh'
[11.905s] Level 1:colcon.colcon_core.environment:create_file_with_runtime_dependencies(/home/youssef/ros2-line-follower/ros_ws/install/line_follower/share/colcon-core/packages/line_follower)
[11.908s] DEBUG:colcon.colcon_parallel_executor.executor.parallel:closing loop
[11.914s] DEBUG:colcon.colcon_parallel_executor.executor.parallel:loop closed
[11.915s] DEBUG:colcon.colcon_parallel_executor.executor.parallel:run_until_complete finished with '0'
[11.916s] DEBUG:colcon.colcon_core.event_reactor:joining thread
[11.978s] INFO:colcon.colcon_core.plugin_system:Skipping extension 'colcon_notification.desktop_notification.terminal_notifier': Not used on non-Darwin systems
[11.979s] INFO:colcon.colcon_core.plugin_system:Skipping extension 'colcon_notification.desktop_notification.win32': Not used on non-Windows systems
[11.980s] INFO:colcon.colcon_notification.desktop_notification:Sending desktop notification using 'notify2'
[12.063s] DEBUG:colcon.colcon_core.event_reactor:joined thread
[12.064s] INFO:colcon.colcon_core.shell:Creating prefix script '/home/youssef/ros2-line-follower/ros_ws/install/local_setup.ps1'
[12.073s] INFO:colcon.colcon_core.shell:Creating prefix util module '/home/youssef/ros2-line-follower/ros_ws/install/_local_setup_util_ps1.py'
[12.082s] INFO:colcon.colcon_core.shell:Creating prefix chain script '/home/youssef/ros2-line-follower/ros_ws/install/setup.ps1'
[12.090s] INFO:colcon.colcon_core.shell:Creating prefix script '/home/youssef/ros2-line-follower/ros_ws/install/local_setup.sh'
[12.096s] INFO:colcon.colcon_core.shell:Creating prefix util module '/home/youssef/ros2-line-follower/ros_ws/install/_local_setup_util_sh.py'
[12.101s] INFO:colcon.colcon_core.shell:Creating prefix chain script '/home/youssef/ros2-line-follower/ros_ws/install/setup.sh'
[12.109s] INFO:colcon.colcon_core.shell:Creating prefix script '/home/youssef/ros2-line-follower/ros_ws/install/local_setup.bash'
[12.117s] INFO:colcon.colcon_core.shell:Creating prefix chain script '/home/youssef/ros2-line-follower/ros_ws/install/setup.bash'
[12.124s] INFO:colcon.colcon_core.shell:Creating prefix script '/home/youssef/ros2-line-follower/ros_ws/install/local_setup.zsh'
[12.129s] INFO:colcon.colcon_core.shell:Creating prefix chain script '/home/youssef/ros2-line-follower/ros_ws/install/setup.zsh'
