[1.292s] Invoking command in '/home/youssef/ros2-line-follower/ros_ws/src/line_follower': PYTHONPATH=/home/youssef/ros2-line-follower/ros_ws/build/line_follower/prefix_override:/usr/lib/python3/dist-packages/colcon_core/task/python/colcon_distutils_commands:/home/youssef/ros2-line-follower/ros_ws/install/line_follower/lib/python3.10/site-packages:${PYTHONPATH} /usr/bin/python3 -W ignore:setup.py install is deprecated -W ignore:easy_install command is deprecated setup.py egg_info --egg-base ../../build/line_follower build --build-base /home/youssef/ros2-line-follower/ros_ws/build/line_follower/build install --record /home/youssef/ros2-line-follower/ros_ws/build/line_follower/install.log --single-version-externally-managed install_data
[1.872s] running egg_info
[1.873s] writing ../../build/line_follower/line_follower.egg-info/PKG-INFO
[1.874s] writing dependency_links to ../../build/line_follower/line_follower.egg-info/dependency_links.txt
[1.875s] writing entry points to ../../build/line_follower/line_follower.egg-info/entry_points.txt
[1.876s] writing requirements to ../../build/line_follower/line_follower.egg-info/requires.txt
[1.876s] writing top-level names to ../../build/line_follower/line_follower.egg-info/top_level.txt
[1.880s] reading manifest file '../../build/line_follower/line_follower.egg-info/SOURCES.txt'
[1.883s] writing manifest file '../../build/line_follower/line_follower.egg-info/SOURCES.txt'
[1.883s] running build
[1.884s] running build_py
[1.885s] running install
[1.886s] running install_lib
[1.889s] running install_data
[1.890s] copying worlds/line_world.world -> /home/youssef/ros2-line-follower/ros_ws/install/line_follower/share/line_follower/worlds
[1.891s] running install_egg_info
[1.895s] removing '/home/youssef/ros2-line-follower/ros_ws/install/line_follower/lib/python3.10/site-packages/line_follower-0.0.0-py3.10.egg-info' (and everything under it)
[1.897s] Copying ../../build/line_follower/line_follower.egg-info to /home/youssef/ros2-line-follower/ros_ws/install/line_follower/lib/python3.10/site-packages/line_follower-0.0.0-py3.10.egg-info
[1.900s] running install_scripts
[1.940s] Installing encoder_odometry_node script to /home/youssef/ros2-line-follower/ros_ws/install/line_follower/lib/line_follower
[1.940s] Installing line_controller_node script to /home/youssef/ros2-line-follower/ros_ws/install/line_follower/lib/line_follower
[1.941s] Installing line_sensor_node script to /home/youssef/ros2-line-follower/ros_ws/install/line_follower/lib/line_follower
[1.941s] Installing motor_driver_node script to /home/youssef/ros2-line-follower/ros_ws/install/line_follower/lib/line_follower
[1.942s] writing list of installed files to '/home/youssef/ros2-line-follower/ros_ws/build/line_follower/install.log'
[1.990s] Invoked command in '/home/youssef/ros2-line-follower/ros_ws/src/line_follower' returned '0': PYTHONPATH=/home/youssef/ros2-line-follower/ros_ws/build/line_follower/prefix_override:/usr/lib/python3/dist-packages/colcon_core/task/python/colcon_distutils_commands:/home/youssef/ros2-line-follower/ros_ws/install/line_follower/lib/python3.10/site-packages:${PYTHONPATH} /usr/bin/python3 -W ignore:setup.py install is deprecated -W ignore:easy_install command is deprecated setup.py egg_info --egg-base ../../build/line_follower build --build-base /home/youssef/ros2-line-follower/ros_ws/build/line_follower/build install --record /home/youssef/ros2-line-follower/ros_ws/build/line_follower/install.log --single-version-externally-managed install_data
