[3.555s] Invoking command in '/home/youssef/ros2-line-follower/ros_ws/src/line_follower': PYTHONPATH=/home/youssef/ros2-line-follower/ros_ws/build/line_follower/prefix_override:/usr/lib/python3/dist-packages/colcon_core/task/python/colcon_distutils_commands:/home/youssef/ros2-line-follower/ros_ws/install/line_follower/lib/python3.10/site-packages:${PYTHONPATH} /usr/bin/python3 -W ignore:setup.py install is deprecated -W ignore:easy_install command is deprecated setup.py egg_info --egg-base ../../build/line_follower build --build-base /home/youssef/ros2-line-follower/ros_ws/build/line_follower/build install --record /home/youssef/ros2-line-follower/ros_ws/build/line_follower/install.log --single-version-externally-managed install_data
[4.540s] running egg_info
[4.543s] writing ../../build/line_follower/line_follower.egg-info/PKG-INFO
[4.584s] writing dependency_links to ../../build/line_follower/line_follower.egg-info/dependency_links.txt
[4.586s] writing entry points to ../../build/line_follower/line_follower.egg-info/entry_points.txt
[4.587s] writing requirements to ../../build/line_follower/line_follower.egg-info/requires.txt
[4.588s] writing top-level names to ../../build/line_follower/line_follower.egg-info/top_level.txt
[4.608s] reading manifest file '../../build/line_follower/line_follower.egg-info/SOURCES.txt'
[4.624s] writing manifest file '../../build/line_follower/line_follower.egg-info/SOURCES.txt'
[4.624s] running build
[4.624s] running build_py
[4.644s] running install
[4.650s] running install_lib
[4.654s] running install_data
[4.655s] copying worlds/line_world.world -> /home/youssef/ros2-line-follower/ros_ws/install/line_follower/share/line_follower/worlds
[4.661s] running install_egg_info
[4.668s] removing '/home/youssef/ros2-line-follower/ros_ws/install/line_follower/lib/python3.10/site-packages/line_follower-0.0.0-py3.10.egg-info' (and everything under it)
[4.669s] Copying ../../build/line_follower/line_follower.egg-info to /home/youssef/ros2-line-follower/ros_ws/install/line_follower/lib/python3.10/site-packages/line_follower-0.0.0-py3.10.egg-info
[4.681s] running install_scripts
[4.767s] Installing encoder_odometry_node script to /home/youssef/ros2-line-follower/ros_ws/install/line_follower/lib/line_follower
[4.767s] Installing line_controller_node script to /home/youssef/ros2-line-follower/ros_ws/install/line_follower/lib/line_follower
[4.768s] Installing line_sensor_node script to /home/youssef/ros2-line-follower/ros_ws/install/line_follower/lib/line_follower
[4.769s] Installing motor_driver_node script to /home/youssef/ros2-line-follower/ros_ws/install/line_follower/lib/line_follower
[4.770s] writing list of installed files to '/home/youssef/ros2-line-follower/ros_ws/build/line_follower/install.log'
[4.853s] Invoked command in '/home/youssef/ros2-line-follower/ros_ws/src/line_follower' returned '0': PYTHONPATH=/home/youssef/ros2-line-follower/ros_ws/build/line_follower/prefix_override:/usr/lib/python3/dist-packages/colcon_core/task/python/colcon_distutils_commands:/home/youssef/ros2-line-follower/ros_ws/install/line_follower/lib/python3.10/site-packages:${PYTHONPATH} /usr/bin/python3 -W ignore:setup.py install is deprecated -W ignore:easy_install command is deprecated setup.py egg_info --egg-base ../../build/line_follower build --build-base /home/youssef/ros2-line-follower/ros_ws/build/line_follower/build install --record /home/youssef/ros2-line-follower/ros_ws/build/line_follower/install.log --single-version-externally-managed install_data
