[1.216s] Invoking command in '/home/youssef/ros2-line-follower/ros_ws/src/line_follower': PYTHONPATH=/home/youssef/ros2-line-follower/ros_ws/build/line_follower/prefix_override:/usr/lib/python3/dist-packages/colcon_core/task/python/colcon_distutils_commands:/home/youssef/ros2-line-follower/ros_ws/install/line_follower/lib/python3.10/site-packages:${PYTHONPATH} /usr/bin/python3 -W ignore:setup.py install is deprecated -W ignore:easy_install command is deprecated setup.py egg_info --egg-base ../../build/line_follower build --build-base /home/youssef/ros2-line-follower/ros_ws/build/line_follower/build install --record /home/youssef/ros2-line-follower/ros_ws/build/line_follower/install.log --single-version-externally-managed install_data
[1.734s] running egg_info
[1.737s] writing ../../build/line_follower/line_follower.egg-info/PKG-INFO
[1.737s] writing dependency_links to ../../build/line_follower/line_follower.egg-info/dependency_links.txt
[1.738s] writing entry points to ../../build/line_follower/line_follower.egg-info/entry_points.txt
[1.738s] writing requirements to ../../build/line_follower/line_follower.egg-info/requires.txt
[1.739s] writing top-level names to ../../build/line_follower/line_follower.egg-info/top_level.txt
[1.743s] reading manifest file '../../build/line_follower/line_follower.egg-info/SOURCES.txt'
[1.744s] writing manifest file '../../build/line_follower/line_follower.egg-info/SOURCES.txt'
[1.745s] running build
[1.745s] running build_py
[1.748s] running install
[1.748s] running install_lib
[1.750s] running install_data
[1.751s] running install_egg_info
[1.758s] removing '/home/youssef/ros2-line-follower/ros_ws/install/line_follower/lib/python3.10/site-packages/line_follower-0.0.0-py3.10.egg-info' (and everything under it)
[1.758s] Copying ../../build/line_follower/line_follower.egg-info to /home/youssef/ros2-line-follower/ros_ws/install/line_follower/lib/python3.10/site-packages/line_follower-0.0.0-py3.10.egg-info
[1.761s] running install_scripts
[1.807s] Installing line_sensor_node script to /home/youssef/ros2-line-follower/ros_ws/install/line_follower/lib/line_follower
[1.809s] writing list of installed files to '/home/youssef/ros2-line-follower/ros_ws/build/line_follower/install.log'
[1.847s] Invoked command in '/home/youssef/ros2-line-follower/ros_ws/src/line_follower' returned '0': PYTHONPATH=/home/youssef/ros2-line-follower/ros_ws/build/line_follower/prefix_override:/usr/lib/python3/dist-packages/colcon_core/task/python/colcon_distutils_commands:/home/youssef/ros2-line-follower/ros_ws/install/line_follower/lib/python3.10/site-packages:${PYTHONPATH} /usr/bin/python3 -W ignore:setup.py install is deprecated -W ignore:easy_install command is deprecated setup.py egg_info --egg-base ../../build/line_follower build --build-base /home/youssef/ros2-line-follower/ros_ws/build/line_follower/build install --record /home/youssef/ros2-line-follower/ros_ws/build/line_follower/install.log --single-version-externally-managed install_data
