[1.415s] Invoking command in '/home/youssef/ros2-line-follower/ros_ws/src/line_follower': PYTHONPATH=/home/youssef/ros2-line-follower/ros_ws/build/line_follower/prefix_override:/usr/lib/python3/dist-packages/colcon_core/task/python/colcon_distutils_commands:/home/youssef/ros2-line-follower/ros_ws/install/line_follower/lib/python3.10/site-packages:${PYTHONPATH} /usr/bin/python3 -W ignore:setup.py install is deprecated -W ignore:easy_install command is deprecated setup.py egg_info --egg-base ../../build/line_follower build --build-base /home/youssef/ros2-line-follower/ros_ws/build/line_follower/build install --record /home/youssef/ros2-line-follower/ros_ws/build/line_follower/install.log --single-version-externally-managed install_data
[2.036s] running egg_info
[2.038s] writing ../../build/line_follower/line_follower.egg-info/PKG-INFO
[2.040s] writing dependency_links to ../../build/line_follower/line_follower.egg-info/dependency_links.txt
[2.041s] writing entry points to ../../build/line_follower/line_follower.egg-info/entry_points.txt
[2.042s] writing requirements to ../../build/line_follower/line_follower.egg-info/requires.txt
[2.042s] writing top-level names to ../../build/line_follower/line_follower.egg-info/top_level.txt
[2.049s] reading manifest file '../../build/line_follower/line_follower.egg-info/SOURCES.txt'
[2.052s] writing manifest file '../../build/line_follower/line_follower.egg-info/SOURCES.txt'
[2.053s] running build
[2.054s] running build_py
[2.055s] running install
[2.056s] running install_lib
[2.060s] byte-compiling /home/youssef/ros2-line-follower/ros_ws/install/line_follower/lib/python3.10/site-packages/line_follower/line_sensor_node.py to line_sensor_node.cpython-310.pyc
[2.061s] running install_data
[2.062s]   File "/home/youssef/ros2-line-follower/ros_ws/install/line_follower/lib/python3.10/site-packages/line_follower/line_sensor_node.py", line 1
[2.062s]     7"""
[2.062s]      ^^
[2.063s] SyntaxError: invalid syntax
[2.063s] 
[2.068s] running install_egg_info
[2.072s] removing '/home/youssef/ros2-line-follower/ros_ws/install/line_follower/lib/python3.10/site-packages/line_follower-0.0.0-py3.10.egg-info' (and everything under it)
[2.074s] Copying ../../build/line_follower/line_follower.egg-info to /home/youssef/ros2-line-follower/ros_ws/install/line_follower/lib/python3.10/site-packages/line_follower-0.0.0-py3.10.egg-info
[2.078s] running install_scripts
[2.118s] Installing sensor_node script to /home/youssef/ros2-line-follower/ros_ws/install/line_follower/lib/line_follower
[2.119s] writing list of installed files to '/home/youssef/ros2-line-follower/ros_ws/build/line_follower/install.log'
[2.163s] Invoked command in '/home/youssef/ros2-line-follower/ros_ws/src/line_follower' returned '0': PYTHONPATH=/home/youssef/ros2-line-follower/ros_ws/build/line_follower/prefix_override:/usr/lib/python3/dist-packages/colcon_core/task/python/colcon_distutils_commands:/home/youssef/ros2-line-follower/ros_ws/install/line_follower/lib/python3.10/site-packages:${PYTHONPATH} /usr/bin/python3 -W ignore:setup.py install is deprecated -W ignore:easy_install command is deprecated setup.py egg_info --egg-base ../../build/line_follower build --build-base /home/youssef/ros2-line-follower/ros_ws/build/line_follower/build install --record /home/youssef/ros2-line-follower/ros_ws/build/line_follower/install.log --single-version-externally-managed install_data
