[2.494s] Invoking command in '/home/youssef/ros2-line-follower/ros_ws/src/line_follower': PYTHONPATH=/home/youssef/ros2-line-follower/ros_ws/build/line_follower/prefix_override:/usr/lib/python3/dist-packages/colcon_core/task/python/colcon_distutils_commands:/home/youssef/ros2-line-follower/ros_ws/install/line_follower/lib/python3.10/site-packages:${PYTHONPATH} /usr/bin/python3 -W ignore:setup.py install is deprecated -W ignore:easy_install command is deprecated setup.py egg_info --egg-base ../../build/line_follower build --build-base /home/youssef/ros2-line-follower/ros_ws/build/line_follower/build install --record /home/youssef/ros2-line-follower/ros_ws/build/line_follower/install.log --single-version-externally-managed install_data
[3.052s] running egg_info
[3.053s] writing ../../build/line_follower/line_follower.egg-info/PKG-INFO
[3.054s] writing dependency_links to ../../build/line_follower/line_follower.egg-info/dependency_links.txt
[3.054s] writing entry points to ../../build/line_follower/line_follower.egg-info/entry_points.txt
[3.055s] writing requirements to ../../build/line_follower/line_follower.egg-info/requires.txt
[3.055s] writing top-level names to ../../build/line_follower/line_follower.egg-info/top_level.txt
[3.060s] reading manifest file '../../build/line_follower/line_follower.egg-info/SOURCES.txt'
[3.141s] writing manifest file '../../build/line_follower/line_follower.egg-info/SOURCES.txt'
[3.144s] running build
[3.145s] running build_py
[3.147s] copying line_follower/line_sensor_node.py -> /home/youssef/ros2-line-follower/ros_ws/build/line_follower/build/lib/line_follower
[3.150s] copying line_follower/line_controller_node.py -> /home/youssef/ros2-line-follower/ros_ws/build/line_follower/build/lib/line_follower
[3.153s] running install
[3.164s] running install_lib
[3.178s] copying /home/youssef/ros2-line-follower/ros_ws/build/line_follower/build/lib/line_follower/line_sensor_node.py -> /home/youssef/ros2-line-follower/ros_ws/install/line_follower/lib/python3.10/site-packages/line_follower
[3.185s] copying /home/youssef/ros2-line-follower/ros_ws/build/line_follower/build/lib/line_follower/line_controller_node.py -> /home/youssef/ros2-line-follower/ros_ws/install/line_follower/lib/python3.10/site-packages/line_follower
[3.186s] byte-compiling /home/youssef/ros2-line-follower/ros_ws/install/line_follower/lib/python3.10/site-packages/line_follower/line_sensor_node.py to line_sensor_node.cpython-310.pyc
[3.191s] byte-compiling /home/youssef/ros2-line-follower/ros_ws/install/line_follower/lib/python3.10/site-packages/line_follower/line_controller_node.py to line_controller_node.cpython-310.pyc
[3.195s] running install_data
[3.199s] running install_egg_info
[3.208s] removing '/home/youssef/ros2-line-follower/ros_ws/install/line_follower/lib/python3.10/site-packages/line_follower-0.0.0-py3.10.egg-info' (and everything under it)
[3.210s] Copying ../../build/line_follower/line_follower.egg-info to /home/youssef/ros2-line-follower/ros_ws/install/line_follower/lib/python3.10/site-packages/line_follower-0.0.0-py3.10.egg-info
[3.224s] running install_scripts
[3.377s] Installing encoder_odometry_node script to /home/youssef/ros2-line-follower/ros_ws/install/line_follower/lib/line_follower
[3.377s] Installing line_controller_node script to /home/youssef/ros2-line-follower/ros_ws/install/line_follower/lib/line_follower
[3.378s] Installing line_sensor_node script to /home/youssef/ros2-line-follower/ros_ws/install/line_follower/lib/line_follower
[3.379s] Installing motor_driver_node script to /home/youssef/ros2-line-follower/ros_ws/install/line_follower/lib/line_follower
[3.381s] writing list of installed files to '/home/youssef/ros2-line-follower/ros_ws/build/line_follower/install.log'
[3.434s] Invoked command in '/home/youssef/ros2-line-follower/ros_ws/src/line_follower' returned '0': PYTHONPATH=/home/youssef/ros2-line-follower/ros_ws/build/line_follower/prefix_override:/usr/lib/python3/dist-packages/colcon_core/task/python/colcon_distutils_commands:/home/youssef/ros2-line-follower/ros_ws/install/line_follower/lib/python3.10/site-packages:${PYTHONPATH} /usr/bin/python3 -W ignore:setup.py install is deprecated -W ignore:easy_install command is deprecated setup.py egg_info --egg-base ../../build/line_follower build --build-base /home/youssef/ros2-line-follower/ros_ws/build/line_follower/build install --record /home/youssef/ros2-line-follower/ros_ws/build/line_follower/install.log --single-version-externally-managed install_data
