[2.313s] Invoking command in '/home/youssef/ros2-line-follower/ros_ws/src/line_follower': PYTHONPATH=/home/youssef/ros2-line-follower/ros_ws/build/line_follower/prefix_override:/usr/lib/python3/dist-packages/colcon_core/task/python/colcon_distutils_commands:/home/youssef/ros2-line-follower/ros_ws/install/line_follower/lib/python3.10/site-packages:${PYTHONPATH} /usr/bin/python3 -W ignore:setup.py install is deprecated -W ignore:easy_install command is deprecated setup.py egg_info --egg-base ../../build/line_follower build --build-base /home/youssef/ros2-line-follower/ros_ws/build/line_follower/build install --record /home/youssef/ros2-line-follower/ros_ws/build/line_follower/install.log --single-version-externally-managed install_data
[3.167s] running egg_info
[3.168s] writing ../../build/line_follower/line_follower.egg-info/PKG-INFO
[3.207s] writing dependency_links to ../../build/line_follower/line_follower.egg-info/dependency_links.txt
[3.208s] writing entry points to ../../build/line_follower/line_follower.egg-info/entry_points.txt
[3.208s] writing requirements to ../../build/line_follower/line_follower.egg-info/requires.txt
[3.208s] writing top-level names to ../../build/line_follower/line_follower.egg-info/top_level.txt
[3.215s] reading manifest file '../../build/line_follower/line_follower.egg-info/SOURCES.txt'
[3.241s] writing manifest file '../../build/line_follower/line_follower.egg-info/SOURCES.txt'
[3.241s] running build
[3.241s] running build_py
[3.244s] running install
[3.244s] running install_lib
[3.249s] running install_data
[3.282s] running install_egg_info
[3.291s] removing '/home/youssef/ros2-line-follower/ros_ws/install/line_follower/lib/python3.10/site-packages/line_follower-0.0.0-py3.10.egg-info' (and everything under it)
[3.292s] Copying ../../build/line_follower/line_follower.egg-info to /home/youssef/ros2-line-follower/ros_ws/install/line_follower/lib/python3.10/site-packages/line_follower-0.0.0-py3.10.egg-info
[3.319s] running install_scripts
[3.383s] Installing encoder_odom_node script to /home/youssef/ros2-line-follower/ros_ws/install/line_follower/lib/line_follower
[3.408s] Installing line_controller_node script to /home/youssef/ros2-line-follower/ros_ws/install/line_follower/lib/line_follower
[3.409s] Installing line_sensor_node script to /home/youssef/ros2-line-follower/ros_ws/install/line_follower/lib/line_follower
[3.410s] Installing motor_driver_node script to /home/youssef/ros2-line-follower/ros_ws/install/line_follower/lib/line_follower
[3.411s] Installing serial_comm script to /home/youssef/ros2-line-follower/ros_ws/install/line_follower/lib/line_follower
[3.412s] writing list of installed files to '/home/youssef/ros2-line-follower/ros_ws/build/line_follower/install.log'
[3.497s] Invoked command in '/home/youssef/ros2-line-follower/ros_ws/src/line_follower' returned '0': PYTHONPATH=/home/youssef/ros2-line-follower/ros_ws/build/line_follower/prefix_override:/usr/lib/python3/dist-packages/colcon_core/task/python/colcon_distutils_commands:/home/youssef/ros2-line-follower/ros_ws/install/line_follower/lib/python3.10/site-packages:${PYTHONPATH} /usr/bin/python3 -W ignore:setup.py install is deprecated -W ignore:easy_install command is deprecated setup.py egg_info --egg-base ../../build/line_follower build --build-base /home/youssef/ros2-line-follower/ros_ws/build/line_follower/build install --record /home/youssef/ros2-line-follower/ros_ws/build/line_follower/install.log --single-version-externally-managed install_data
