[0.804s] Invoking command in '/home/youssef/ros2-line-follower/ros_ws/build/line_follower': PYTHONPATH=/home/youssef/ros2-line-follower/ros_ws/build/line_follower/prefix_override:/usr/lib/python3/dist-packages/colcon_core/task/python/colcon_distutils_commands:/home/youssef/ros2-line-follower/ros_ws/install/line_follower/lib/python3.10/site-packages:${PYTHONPATH} /usr/bin/python3 -W ignore:setup.py install is deprecated -W ignore:easy_install command is deprecated setup.py develop --editable --build-directory /home/youssef/ros2-line-follower/ros_ws/build/line_follower/build --no-deps symlink_data --force
[1.145s] running develop
[1.371s] running egg_info
[1.371s] writing line_follower.egg-info/PKG-INFO
[1.372s] writing dependency_links to line_follower.egg-info/dependency_links.txt
[1.372s] writing entry points to line_follower.egg-info/entry_points.txt
[1.372s] writing requirements to line_follower.egg-info/requires.txt
[1.373s] writing top-level names to line_follower.egg-info/top_level.txt
[1.375s] reading manifest file 'line_follower.egg-info/SOURCES.txt'
[1.376s] writing manifest file 'line_follower.egg-info/SOURCES.txt'
[1.379s] running build_ext
[1.379s] Creating /home/youssef/ros2-line-follower/ros_ws/install/line_follower/lib/python3.10/site-packages/line-follower.egg-link (link to .)
[1.380s] Installing encoder_odometry_node script to /home/youssef/ros2-line-follower/ros_ws/install/line_follower/lib/line_follower
[1.380s] Installing line_controller_node script to /home/youssef/ros2-line-follower/ros_ws/install/line_follower/lib/line_follower
[1.380s] Installing line_sensor_node script to /home/youssef/ros2-line-follower/ros_ws/install/line_follower/lib/line_follower
[1.381s] Installing motor_driver_node script to /home/youssef/ros2-line-follower/ros_ws/install/line_follower/lib/line_follower
[1.381s] 
[1.381s] Installed /home/youssef/ros2-line-follower/ros_ws/build/line_follower
[1.381s] running symlink_data
[1.381s] symbolically linking /home/youssef/ros2-line-follower/ros_ws/build/line_follower/resource/line_follower -> /home/youssef/ros2-line-follower/ros_ws/install/line_follower/share/ament_index/resource_index/packages
[1.382s] symbolically linking /home/youssef/ros2-line-follower/ros_ws/build/line_follower/package.xml -> /home/youssef/ros2-line-follower/ros_ws/install/line_follower/share/line_follower
[1.382s] symbolically linking /home/youssef/ros2-line-follower/ros_ws/build/line_follower/launch/gazebo.launch.py -> /home/youssef/ros2-line-follower/ros_ws/install/line_follower/share/line_follower/launch
[1.382s] symbolically linking /home/youssef/ros2-line-follower/ros_ws/build/line_follower/launch/line_follow.launch.py -> /home/youssef/ros2-line-follower/ros_ws/install/line_follower/share/line_follower/launch
[1.382s] symbolically linking /home/youssef/ros2-line-follower/ros_ws/build/line_follower/urdf/robot.urdf -> /home/youssef/ros2-line-follower/ros_ws/install/line_follower/share/line_follower/urdf
[1.382s] symbolically linking /home/youssef/ros2-line-follower/ros_ws/build/line_follower/worlds/line_world.world -> /home/youssef/ros2-line-follower/ros_ws/install/line_follower/share/line_follower/worlds
[1.416s] Invoked command in '/home/youssef/ros2-line-follower/ros_ws/build/line_follower' returned '0': PYTHONPATH=/home/youssef/ros2-line-follower/ros_ws/build/line_follower/prefix_override:/usr/lib/python3/dist-packages/colcon_core/task/python/colcon_distutils_commands:/home/youssef/ros2-line-follower/ros_ws/install/line_follower/lib/python3.10/site-packages:${PYTHONPATH} /usr/bin/python3 -W ignore:setup.py install is deprecated -W ignore:easy_install command is deprecated setup.py develop --editable --build-directory /home/youssef/ros2-line-follower/ros_ws/build/line_follower/build --no-deps symlink_data --force
