[1.940s] Invoking command in '/home/youssef/ros2-line-follower/ros_ws/src/line_follower': PYTHONPATH=/home/youssef/ros2-line-follower/ros_ws/build/line_follower/prefix_override:/usr/lib/python3/dist-packages/colcon_core/task/python/colcon_distutils_commands:/home/youssef/ros2-line-follower/ros_ws/install/line_follower/lib/python3.10/site-packages:${PYTHONPATH} /usr/bin/python3 -W ignore:setup.py install is deprecated -W ignore:easy_install command is deprecated setup.py egg_info --egg-base ../../build/line_follower build --build-base /home/youssef/ros2-line-follower/ros_ws/build/line_follower/build install --record /home/youssef/ros2-line-follower/ros_ws/build/line_follower/install.log --single-version-externally-managed install_data
[2.626s] running egg_info
[2.628s] creating ../../build/line_follower/line_follower.egg-info
[2.628s] writing ../../build/line_follower/line_follower.egg-info/PKG-INFO
[2.629s] writing dependency_links to ../../build/line_follower/line_follower.egg-info/dependency_links.txt
[2.629s] writing entry points to ../../build/line_follower/line_follower.egg-info/entry_points.txt
[2.631s] writing requirements to ../../build/line_follower/line_follower.egg-info/requires.txt
[2.631s] writing top-level names to ../../build/line_follower/line_follower.egg-info/top_level.txt
[2.631s] writing manifest file '../../build/line_follower/line_follower.egg-info/SOURCES.txt'
[2.635s] reading manifest file '../../build/line_follower/line_follower.egg-info/SOURCES.txt'
[2.637s] writing manifest file '../../build/line_follower/line_follower.egg-info/SOURCES.txt'
[2.638s] running build
[2.638s] running build_py
[2.638s] creating /home/youssef/ros2-line-follower/ros_ws/build/line_follower/build
[2.638s] creating /home/youssef/ros2-line-follower/ros_ws/build/line_follower/build/lib
[2.639s] creating /home/youssef/ros2-line-follower/ros_ws/build/line_follower/build/lib/line_follower
[2.640s] copying line_follower/serial_comm.py -> /home/youssef/ros2-line-follower/ros_ws/build/line_follower/build/lib/line_follower
[2.640s] copying line_follower/line_sensor_node.py -> /home/youssef/ros2-line-follower/ros_ws/build/line_follower/build/lib/line_follower
[2.640s] copying line_follower/motor_driver_node.py -> /home/youssef/ros2-line-follower/ros_ws/build/line_follower/build/lib/line_follower
[2.640s] copying line_follower/encoder_odometry_node.py -> /home/youssef/ros2-line-follower/ros_ws/build/line_follower/build/lib/line_follower
[2.640s] copying line_follower/__init__.py -> /home/youssef/ros2-line-follower/ros_ws/build/line_follower/build/lib/line_follower
[2.641s] copying line_follower/line_controller_node.py -> /home/youssef/ros2-line-follower/ros_ws/build/line_follower/build/lib/line_follower
[2.641s] running install
[2.641s] running install_lib
[2.642s] creating /home/youssef/ros2-line-follower/ros_ws/install/line_follower/lib/python3.10/site-packages/line_follower
[2.643s] copying /home/youssef/ros2-line-follower/ros_ws/build/line_follower/build/lib/line_follower/serial_comm.py -> /home/youssef/ros2-line-follower/ros_ws/install/line_follower/lib/python3.10/site-packages/line_follower
[2.643s] copying /home/youssef/ros2-line-follower/ros_ws/build/line_follower/build/lib/line_follower/line_sensor_node.py -> /home/youssef/ros2-line-follower/ros_ws/install/line_follower/lib/python3.10/site-packages/line_follower
[2.643s] copying /home/youssef/ros2-line-follower/ros_ws/build/line_follower/build/lib/line_follower/motor_driver_node.py -> /home/youssef/ros2-line-follower/ros_ws/install/line_follower/lib/python3.10/site-packages/line_follower
[2.644s] copying /home/youssef/ros2-line-follower/ros_ws/build/line_follower/build/lib/line_follower/encoder_odometry_node.py -> /home/youssef/ros2-line-follower/ros_ws/install/line_follower/lib/python3.10/site-packages/line_follower
[2.644s] copying /home/youssef/ros2-line-follower/ros_ws/build/line_follower/build/lib/line_follower/__init__.py -> /home/youssef/ros2-line-follower/ros_ws/install/line_follower/lib/python3.10/site-packages/line_follower
[2.644s] copying /home/youssef/ros2-line-follower/ros_ws/build/line_follower/build/lib/line_follower/line_controller_node.py -> /home/youssef/ros2-line-follower/ros_ws/install/line_follower/lib/python3.10/site-packages/line_follower
[2.644s] byte-compiling /home/youssef/ros2-line-follower/ros_ws/install/line_follower/lib/python3.10/site-packages/line_follower/serial_comm.py to serial_comm.cpython-310.pyc
[2.647s] byte-compiling /home/youssef/ros2-line-follower/ros_ws/install/line_follower/lib/python3.10/site-packages/line_follower/line_sensor_node.py to line_sensor_node.cpython-310.pyc
[2.648s] byte-compiling /home/youssef/ros2-line-follower/ros_ws/install/line_follower/lib/python3.10/site-packages/line_follower/motor_driver_node.py to motor_driver_node.cpython-310.pyc
[2.650s] byte-compiling /home/youssef/ros2-line-follower/ros_ws/install/line_follower/lib/python3.10/site-packages/line_follower/encoder_odometry_node.py to encoder_odometry_node.cpython-310.pyc
[2.654s] byte-compiling /home/youssef/ros2-line-follower/ros_ws/install/line_follower/lib/python3.10/site-packages/line_follower/__init__.py to __init__.cpython-310.pyc
[2.654s] byte-compiling /home/youssef/ros2-line-follower/ros_ws/install/line_follower/lib/python3.10/site-packages/line_follower/line_controller_node.py to line_controller_node.cpython-310.pyc
[2.657s] running install_data
[2.658s] creating /home/youssef/ros2-line-follower/ros_ws/install/line_follower/share
[2.658s] creating /home/youssef/ros2-line-follower/ros_ws/install/line_follower/share/ament_index
[2.658s] creating /home/youssef/ros2-line-follower/ros_ws/install/line_follower/share/ament_index/resource_index
[2.658s] creating /home/youssef/ros2-line-follower/ros_ws/install/line_follower/share/ament_index/resource_index/packages
[2.660s] copying resource/line_follower -> /home/youssef/ros2-line-follower/ros_ws/install/line_follower/share/ament_index/resource_index/packages
[2.660s] creating /home/youssef/ros2-line-follower/ros_ws/install/line_follower/share/line_follower
[2.661s] copying package.xml -> /home/youssef/ros2-line-follower/ros_ws/install/line_follower/share/line_follower
[2.661s] running install_egg_info
[2.666s] Copying ../../build/line_follower/line_follower.egg-info to /home/youssef/ros2-line-follower/ros_ws/install/line_follower/lib/python3.10/site-packages/line_follower-0.0.0-py3.10.egg-info
[2.668s] running install_scripts
[2.731s] Installing encoder_odom_node script to /home/youssef/ros2-line-follower/ros_ws/install/line_follower/lib/line_follower
[2.732s] Installing line_controller_node script to /home/youssef/ros2-line-follower/ros_ws/install/line_follower/lib/line_follower
[2.732s] Installing line_sensor_node script to /home/youssef/ros2-line-follower/ros_ws/install/line_follower/lib/line_follower
[2.733s] Installing motor_driver_node script to /home/youssef/ros2-line-follower/ros_ws/install/line_follower/lib/line_follower
[2.733s] Installing serial_comm script to /home/youssef/ros2-line-follower/ros_ws/install/line_follower/lib/line_follower
[2.734s] writing list of installed files to '/home/youssef/ros2-line-follower/ros_ws/build/line_follower/install.log'
[2.820s] Invoked command in '/home/youssef/ros2-line-follower/ros_ws/src/line_follower' returned '0': PYTHONPATH=/home/youssef/ros2-line-follower/ros_ws/build/line_follower/prefix_override:/usr/lib/python3/dist-packages/colcon_core/task/python/colcon_distutils_commands:/home/youssef/ros2-line-follower/ros_ws/install/line_follower/lib/python3.10/site-packages:${PYTHONPATH} /usr/bin/python3 -W ignore:setup.py install is deprecated -W ignore:easy_install command is deprecated setup.py egg_info --egg-base ../../build/line_follower build --build-base /home/youssef/ros2-line-follower/ros_ws/build/line_follower/build install --record /home/youssef/ros2-line-follower/ros_ws/build/line_follower/install.log --single-version-externally-managed install_data
