[0.794s] DEBUG:colcon:Command line arguments: ['/usr/bin/colcon', 'build']
[0.795s] DEBUG:colcon:Parsed command line arguments: Namespace(log_base=None, log_level=None, verb_name='build', build_base='build', install_base='install', merge_install=False, symlink_install=False, test_result_base=None, continue_on_error=False, executor='parallel', parallel_workers=2, event_handlers=None, ignore_user_meta=False, metas=['./colcon.meta'], base_paths=['.'], packages_ignore=None, packages_ignore_regex=None, paths=None, packages_up_to=None, packages_up_to_regex=None, packages_above=None, packages_above_and_dependencies=None, packages_above_depth=None, packages_select_by_dep=None, packages_skip_by_dep=None, packages_skip_up_to=None, packages_select_build_failed=False, packages_skip_build_finished=False, packages_select_test_failures=False, packages_skip_test_passed=False, packages_select=None, packages_skip=None, packages_select_regex=None, packages_skip_regex=None, packages_start=None, packages_end=None, allow_overriding=[], cmake_args=None, cmake_target=None, cmake_target_skip_unavailable=False, cmake_clean_cache=False, cmake_clean_first=False, cmake_force_configure=False, ament_cmake_args=None, catkin_cmake_args=None, catkin_skip_building_tests=False, mixin_files=None, mixin=None, verb_parser=<colcon_mixin.mixin.mixin_argument.MixinArgumentDecorator object at 0x71b6dd95d390>, verb_extension=<colcon_core.verb.build.BuildVerb object at 0x71b6dda7a260>, main=<bound method BuildVerb.main of <colcon_core.verb.build.BuildVerb object at 0x71b6dda7a260>>, mixin_verb=('build',))
[6.206s] Level 1:colcon.colcon_core.package_discovery:discover_packages(colcon_meta) check parameters
[6.206s] Level 1:colcon.colcon_core.package_discovery:discover_packages(recursive) check parameters
[6.207s] Level 1:colcon.colcon_core.package_discovery:discover_packages(ignore) check parameters
[6.207s] Level 1:colcon.colcon_core.package_discovery:discover_packages(path) check parameters
[6.207s] Level 1:colcon.colcon_core.package_discovery:discover_packages(colcon_meta) discover
[6.207s] Level 1:colcon.colcon_core.package_discovery:discover_packages(recursive) discover
[6.208s] INFO:colcon.colcon_core.package_discovery:Crawling recursively for packages in '/home/youssef/ros2-line-follower/ros_ws'
[6.208s] Level 1:colcon.colcon_core.package_identification:_identify(.) by extensions ['ignore', 'ignore_ament_install']
[6.209s] Level 1:colcon.colcon_core.package_identification:_identify(.) by extension 'ignore'
[6.209s] Level 1:colcon.colcon_core.package_identification:_identify(.) by extension 'ignore_ament_install'
[6.209s] Level 1:colcon.colcon_core.package_identification:_identify(.) by extensions ['colcon_pkg']
[6.210s] Level 1:colcon.colcon_core.package_identification:_identify(.) by extension 'colcon_pkg'
[6.210s] Level 1:colcon.colcon_core.package_identification:_identify(.) by extensions ['colcon_meta']
[6.210s] Level 1:colcon.colcon_core.package_identification:_identify(.) by extension 'colcon_meta'
[6.211s] Level 1:colcon.colcon_core.package_identification:_identify(.) by extensions ['ros']
[6.211s] Level 1:colcon.colcon_core.package_identification:_identify(.) by extension 'ros'
[6.349s] Level 1:colcon.colcon_core.package_identification:_identify(.) by extensions ['cmake', 'python']
[6.349s] Level 1:colcon.colcon_core.package_identification:_identify(.) by extension 'cmake'
[6.349s] Level 1:colcon.colcon_core.package_identification:_identify(.) by extension 'python'
[6.349s] Level 1:colcon.colcon_core.package_identification:_identify(.) by extensions ['python_setup_py']
[6.349s] Level 1:colcon.colcon_core.package_identification:_identify(.) by extension 'python_setup_py'
[6.350s] Level 1:colcon.colcon_core.package_identification:_identify(build) by extensions ['ignore', 'ignore_ament_install']
[6.350s] Level 1:colcon.colcon_core.package_identification:_identify(build) by extension 'ignore'
[6.350s] Level 1:colcon.colcon_core.package_identification:_identify(build) ignored
[6.351s] Level 1:colcon.colcon_core.package_identification:_identify(install) by extensions ['ignore', 'ignore_ament_install']
[6.351s] Level 1:colcon.colcon_core.package_identification:_identify(install) by extension 'ignore'
[6.351s] Level 1:colcon.colcon_core.package_identification:_identify(install) ignored
[6.351s] Level 1:colcon.colcon_core.package_identification:_identify(log) by extensions ['ignore', 'ignore_ament_install']
[6.351s] Level 1:colcon.colcon_core.package_identification:_identify(log) by extension 'ignore'
[6.352s] Level 1:colcon.colcon_core.package_identification:_identify(log) ignored
[6.352s] Level 1:colcon.colcon_core.package_identification:_identify(src) by extensions ['ignore', 'ignore_ament_install']
[6.352s] Level 1:colcon.colcon_core.package_identification:_identify(src) by extension 'ignore'
[6.352s] Level 1:colcon.colcon_core.package_identification:_identify(src) by extension 'ignore_ament_install'
[6.353s] Level 1:colcon.colcon_core.package_identification:_identify(src) by extensions ['colcon_pkg']
[6.353s] Level 1:colcon.colcon_core.package_identification:_identify(src) by extension 'colcon_pkg'
[6.353s] Level 1:colcon.colcon_core.package_identification:_identify(src) by extensions ['colcon_meta']
[6.353s] Level 1:colcon.colcon_core.package_identification:_identify(src) by extension 'colcon_meta'
[6.353s] Level 1:colcon.colcon_core.package_identification:_identify(src) by extensions ['ros']
[6.353s] Level 1:colcon.colcon_core.package_identification:_identify(src) by extension 'ros'
[6.354s] Level 1:colcon.colcon_core.package_identification:_identify(src) by extensions ['cmake', 'python']
[6.354s] Level 1:colcon.colcon_core.package_identification:_identify(src) by extension 'cmake'
[6.354s] Level 1:colcon.colcon_core.package_identification:_identify(src) by extension 'python'
[6.354s] Level 1:colcon.colcon_core.package_identification:_identify(src) by extensions ['python_setup_py']
[6.354s] Level 1:colcon.colcon_core.package_identification:_identify(src) by extension 'python_setup_py'
[6.354s] Level 1:colcon.colcon_core.package_discovery:discover_packages(recursive) using defaults
[6.354s] Level 1:colcon.colcon_core.package_discovery:discover_packages(ignore) discover
[6.354s] Level 1:colcon.colcon_core.package_discovery:discover_packages(ignore) using defaults
[6.354s] Level 1:colcon.colcon_core.package_discovery:discover_packages(path) discover
[6.354s] Level 1:colcon.colcon_core.package_discovery:discover_packages(path) using defaults
[6.800s] Level 1:colcon.colcon_core.package_discovery:discover_packages(prefix_path) check parameters
[6.800s] Level 1:colcon.colcon_core.package_discovery:discover_packages(prefix_path) discover
[6.817s] DEBUG:colcon.colcon_installed_package_information.package_discovery:Found 273 installed packages in /opt/ros/humble
[6.821s] Level 1:colcon.colcon_core.package_discovery:discover_packages(prefix_path) using defaults
[6.989s] INFO:colcon.colcon_core.executor:Executing jobs using 'parallel' executor
[6.993s] DEBUG:colcon.colcon_parallel_executor.executor.parallel:run_until_complete
[6.993s] DEBUG:colcon.colcon_parallel_executor.executor.parallel:closing loop
[6.993s] DEBUG:colcon.colcon_parallel_executor.executor.parallel:loop closed
[6.993s] DEBUG:colcon.colcon_parallel_executor.executor.parallel:run_until_complete finished with '0'
[6.994s] DEBUG:colcon.colcon_core.event_reactor:joining thread
[7.025s] INFO:colcon.colcon_core.plugin_system:Skipping extension 'colcon_notification.desktop_notification.terminal_notifier': Not used on non-Darwin systems
[7.026s] INFO:colcon.colcon_core.plugin_system:Skipping extension 'colcon_notification.desktop_notification.win32': Not used on non-Windows systems
[7.026s] INFO:colcon.colcon_notification.desktop_notification:Sending desktop notification using 'notify2'
[7.076s] DEBUG:colcon.colcon_core.event_reactor:joined thread
[7.123s] INFO:colcon.colcon_core.plugin_system:Skipping extension 'colcon_core.shell.bat': Not used on non-Windows systems
[7.124s] INFO:colcon.colcon_core.shell:Creating prefix script '/home/youssef/ros2-line-follower/ros_ws/install/local_setup.ps1'
[7.137s] INFO:colcon.colcon_core.shell:Creating prefix util module '/home/youssef/ros2-line-follower/ros_ws/install/_local_setup_util_ps1.py'
[7.154s] INFO:colcon.colcon_core.shell:Creating prefix chain script '/home/youssef/ros2-line-follower/ros_ws/install/setup.ps1'
[7.157s] INFO:colcon.colcon_core.shell:Creating prefix script '/home/youssef/ros2-line-follower/ros_ws/install/local_setup.sh'
[7.172s] INFO:colcon.colcon_core.shell:Creating prefix util module '/home/youssef/ros2-line-follower/ros_ws/install/_local_setup_util_sh.py'
[7.174s] INFO:colcon.colcon_core.shell:Creating prefix chain script '/home/youssef/ros2-line-follower/ros_ws/install/setup.sh'
[7.177s] INFO:colcon.colcon_core.shell:Creating prefix script '/home/youssef/ros2-line-follower/ros_ws/install/local_setup.bash'
[7.180s] INFO:colcon.colcon_core.shell:Creating prefix chain script '/home/youssef/ros2-line-follower/ros_ws/install/setup.bash'
[7.183s] INFO:colcon.colcon_core.shell:Creating prefix script '/home/youssef/ros2-line-follower/ros_ws/install/local_setup.zsh'
[7.185s] INFO:colcon.colcon_core.shell:Creating prefix chain script '/home/youssef/ros2-line-follower/ros_ws/install/setup.zsh'
