[0.334s] DEBUG:colcon:Command line arguments: ['/usr/bin/colcon', 'build', '--packages-select', 'line_follower']
[0.334s] DEBUG:colcon:Parsed command line arguments: Namespace(log_base=None, log_level=None, verb_name='build', build_base='build', install_base='install', merge_install=False, symlink_install=False, test_result_base=None, continue_on_error=False, executor='parallel', parallel_workers=2, event_handlers=None, ignore_user_meta=False, metas=['./colcon.meta'], base_paths=['.'], packages_ignore=None, packages_ignore_regex=None, paths=None, packages_up_to=None, packages_up_to_regex=None, packages_above=None, packages_above_and_dependencies=None, packages_above_depth=None, packages_select_by_dep=None, packages_skip_by_dep=None, packages_skip_up_to=None, packages_select_build_failed=False, packages_skip_build_finished=False, packages_select_test_failures=False, packages_skip_test_passed=False, packages_select=['line_follower'], packages_skip=None, packages_select_regex=None, packages_skip_regex=None, packages_start=None, packages_end=None, allow_overriding=[], cmake_args=None, cmake_target=None, cmake_target_skip_unavailable=False, cmake_clean_cache=False, cmake_clean_first=False, cmake_force_configure=False, ament_cmake_args=None, catkin_cmake_args=None, catkin_skip_building_tests=False, mixin_files=None, mixin=None, verb_parser=<colcon_mixin.mixin.mixin_argument.MixinArgumentDecorator object at 0x7613aa561a20>, verb_extension=<colcon_core.verb.build.BuildVerb object at 0x7613aa66e8f0>, main=<bound method BuildVerb.main of <colcon_core.verb.build.BuildVerb object at 0x7613aa66e8f0>>, mixin_verb=('build',))
[0.812s] Level 1:colcon.colcon_core.package_discovery:discover_packages(colcon_meta) check parameters
[0.812s] Level 1:colcon.colcon_core.package_discovery:discover_packages(recursive) check parameters
[0.812s] Level 1:colcon.colcon_core.package_discovery:discover_packages(ignore) check parameters
[0.812s] Level 1:colcon.colcon_core.package_discovery:discover_packages(path) check parameters
[0.812s] Level 1:colcon.colcon_core.package_discovery:discover_packages(colcon_meta) discover
[0.812s] Level 1:colcon.colcon_core.package_discovery:discover_packages(recursive) discover
[0.812s] INFO:colcon.colcon_core.package_discovery:Crawling recursively for packages in '/home/youssef/ros2-line-follower/ros_ws'
[0.813s] Level 1:colcon.colcon_core.package_identification:_identify(.) by extensions ['ignore', 'ignore_ament_install']
[0.813s] Level 1:colcon.colcon_core.package_identification:_identify(.) by extension 'ignore'
[0.814s] Level 1:colcon.colcon_core.package_identification:_identify(.) by extension 'ignore_ament_install'
[0.814s] Level 1:colcon.colcon_core.package_identification:_identify(.) by extensions ['colcon_pkg']
[0.814s] Level 1:colcon.colcon_core.package_identification:_identify(.) by extension 'colcon_pkg'
[0.814s] Level 1:colcon.colcon_core.package_identification:_identify(.) by extensions ['colcon_meta']
[0.814s] Level 1:colcon.colcon_core.package_identification:_identify(.) by extension 'colcon_meta'
[0.814s] Level 1:colcon.colcon_core.package_identification:_identify(.) by extensions ['ros']
[0.814s] Level 1:colcon.colcon_core.package_identification:_identify(.) by extension 'ros'
[0.847s] Level 1:colcon.colcon_core.package_identification:_identify(.) by extensions ['cmake', 'python']
[0.848s] Level 1:colcon.colcon_core.package_identification:_identify(.) by extension 'cmake'
[0.848s] Level 1:colcon.colcon_core.package_identification:_identify(.) by extension 'python'
[0.848s] Level 1:colcon.colcon_core.package_identification:_identify(.) by extensions ['python_setup_py']
[0.848s] Level 1:colcon.colcon_core.package_identification:_identify(.) by extension 'python_setup_py'
[0.849s] Level 1:colcon.colcon_core.package_identification:_identify(build) by extensions ['ignore', 'ignore_ament_install']
[0.849s] Level 1:colcon.colcon_core.package_identification:_identify(build) by extension 'ignore'
[0.849s] Level 1:colcon.colcon_core.package_identification:_identify(build) ignored
[0.849s] Level 1:colcon.colcon_core.package_identification:_identify(install) by extensions ['ignore', 'ignore_ament_install']
[0.849s] Level 1:colcon.colcon_core.package_identification:_identify(install) by extension 'ignore'
[0.850s] Level 1:colcon.colcon_core.package_identification:_identify(install) ignored
[0.850s] Level 1:colcon.colcon_core.package_identification:_identify(log) by extensions ['ignore', 'ignore_ament_install']
[0.850s] Level 1:colcon.colcon_core.package_identification:_identify(log) by extension 'ignore'
[0.850s] Level 1:colcon.colcon_core.package_identification:_identify(log) ignored
[0.851s] Level 1:colcon.colcon_core.package_identification:_identify(src) by extensions ['ignore', 'ignore_ament_install']
[0.851s] Level 1:colcon.colcon_core.package_identification:_identify(src) by extension 'ignore'
[0.851s] Level 1:colcon.colcon_core.package_identification:_identify(src) by extension 'ignore_ament_install'
[0.851s] Level 1:colcon.colcon_core.package_identification:_identify(src) by extensions ['colcon_pkg']
[0.851s] Level 1:colcon.colcon_core.package_identification:_identify(src) by extension 'colcon_pkg'
[0.851s] Level 1:colcon.colcon_core.package_identification:_identify(src) by extensions ['colcon_meta']
[0.851s] Level 1:colcon.colcon_core.package_identification:_identify(src) by extension 'colcon_meta'
[0.851s] Level 1:colcon.colcon_core.package_identification:_identify(src) by extensions ['ros']
[0.851s] Level 1:colcon.colcon_core.package_identification:_identify(src) by extension 'ros'
[0.852s] Level 1:colcon.colcon_core.package_identification:_identify(src) by extensions ['cmake', 'python']
[0.852s] Level 1:colcon.colcon_core.package_identification:_identify(src) by extension 'cmake'
[0.852s] Level 1:colcon.colcon_core.package_identification:_identify(src) by extension 'python'
[0.852s] Level 1:colcon.colcon_core.package_identification:_identify(src) by extensions ['python_setup_py']
[0.852s] Level 1:colcon.colcon_core.package_identification:_identify(src) by extension 'python_setup_py'
[0.852s] Level 1:colcon.colcon_core.package_identification:_identify(src/line_follower) by extensions ['ignore', 'ignore_ament_install']
[0.853s] Level 1:colcon.colcon_core.package_identification:_identify(src/line_follower) by extension 'ignore'
[0.853s] Level 1:colcon.colcon_core.package_identification:_identify(src/line_follower) by extension 'ignore_ament_install'
[0.853s] Level 1:colcon.colcon_core.package_identification:_identify(src/line_follower) by extensions ['colcon_pkg']
[0.853s] Level 1:colcon.colcon_core.package_identification:_identify(src/line_follower) by extension 'colcon_pkg'
[0.853s] Level 1:colcon.colcon_core.package_identification:_identify(src/line_follower) by extensions ['colcon_meta']
[0.854s] Level 1:colcon.colcon_core.package_identification:_identify(src/line_follower) by extension 'colcon_meta'
[0.854s] Level 1:colcon.colcon_core.package_identification:_identify(src/line_follower) by extensions ['ros']
[0.854s] Level 1:colcon.colcon_core.package_identification:_identify(src/line_follower) by extension 'ros'
[0.862s] DEBUG:colcon.colcon_core.package_identification:Failed to parse potential ROS package manifest in'src/line_follower': Error(s) in package 'src/line_follower/package.xml':
Error(s):
- The generic dependency on 'cv_bridge' is redundant with: build_depend, build_export_depend, exec_depend
[0.862s] Level 1:colcon.colcon_core.package_identification:_identify(src/line_follower) by extensions ['cmake', 'python']
[0.862s] Level 1:colcon.colcon_core.package_identification:_identify(src/line_follower) by extension 'cmake'
[0.862s] Level 1:colcon.colcon_core.package_identification:_identify(src/line_follower) by extension 'python'
[0.863s] DEBUG:colcon.colcon_core.package_identification:Python package in 'src/line_follower' passes arguments to the setup() function which requires a different identification extension than 'python'
[0.863s] Level 1:colcon.colcon_core.package_identification:_identify(src/line_follower) by extensions ['python_setup_py']
[0.863s] Level 1:colcon.colcon_core.package_identification:_identify(src/line_follower) by extension 'python_setup_py'
[1.699s] DEBUG:colcon.colcon_core.package_identification:Package 'src/line_follower' with type 'python' and name 'line_follower'
[1.699s] Level 1:colcon.colcon_core.package_discovery:discover_packages(recursive) using defaults
[1.699s] Level 1:colcon.colcon_core.package_discovery:discover_packages(ignore) discover
[1.699s] Level 1:colcon.colcon_core.package_discovery:discover_packages(ignore) using defaults
[1.699s] Level 1:colcon.colcon_core.package_discovery:discover_packages(path) discover
[1.699s] Level 1:colcon.colcon_core.package_discovery:discover_packages(path) using defaults
[1.799s] Level 1:colcon.colcon_core.package_discovery:discover_packages(prefix_path) check parameters
[1.799s] Level 1:colcon.colcon_core.package_discovery:discover_packages(prefix_path) discover
[1.806s] DEBUG:colcon.colcon_installed_package_information.package_discovery:Found 0 installed packages in /home/youssef/ros2-line-follower/ros_ws/install
[1.812s] DEBUG:colcon.colcon_installed_package_information.package_discovery:Found 280 installed packages in /opt/ros/humble
[1.818s] Level 1:colcon.colcon_core.package_discovery:discover_packages(prefix_path) using defaults
[1.942s] Level 5:colcon.colcon_core.verb:set package 'line_follower' build argument 'cmake_args' from command line to 'None'
[1.942s] Level 5:colcon.colcon_core.verb:set package 'line_follower' build argument 'cmake_target' from command line to 'None'
[1.942s] Level 5:colcon.colcon_core.verb:set package 'line_follower' build argument 'cmake_target_skip_unavailable' from command line to 'False'
[1.943s] Level 5:colcon.colcon_core.verb:set package 'line_follower' build argument 'cmake_clean_cache' from command line to 'False'
[1.943s] Level 5:colcon.colcon_core.verb:set package 'line_follower' build argument 'cmake_clean_first' from command line to 'False'
[1.943s] Level 5:colcon.colcon_core.verb:set package 'line_follower' build argument 'cmake_force_configure' from command line to 'False'
[1.943s] Level 5:colcon.colcon_core.verb:set package 'line_follower' build argument 'ament_cmake_args' from command line to 'None'
[1.943s] Level 5:colcon.colcon_core.verb:set package 'line_follower' build argument 'catkin_cmake_args' from command line to 'None'
[1.943s] Level 5:colcon.colcon_core.verb:set package 'line_follower' build argument 'catkin_skip_building_tests' from command line to 'False'
[1.943s] DEBUG:colcon.colcon_core.verb:Building package 'line_follower' with the following arguments: {'ament_cmake_args': None, 'build_base': '/home/youssef/ros2-line-follower/ros_ws/build/line_follower', 'catkin_cmake_args': None, 'catkin_skip_building_tests': False, 'cmake_args': None, 'cmake_clean_cache': False, 'cmake_clean_first': False, 'cmake_force_configure': False, 'cmake_target': None, 'cmake_target_skip_unavailable': False, 'install_base': '/home/youssef/ros2-line-follower/ros_ws/install/line_follower', 'merge_install': False, 'path': '/home/youssef/ros2-line-follower/ros_ws/src/line_follower', 'symlink_install': False, 'test_result_base': None}
[1.944s] INFO:colcon.colcon_core.executor:Executing jobs using 'parallel' executor
[1.947s] DEBUG:colcon.colcon_parallel_executor.executor.parallel:run_until_complete
[1.947s] INFO:colcon.colcon_core.task.python.build:Building Python package in '/home/youssef/ros2-line-follower/ros_ws/src/line_follower'
[1.955s] INFO:colcon.colcon_core.plugin_system:Skipping extension 'colcon_core.shell.bat': Not used on non-Windows systems
[1.956s] INFO:colcon.colcon_core.shell:Skip shell extension 'powershell' for command environment: Not usable outside of PowerShell
[1.956s] DEBUG:colcon.colcon_core.shell:Skip shell extension 'dsv' for command environment
[3.890s] DEBUG:colcon.colcon_core.event_handler.log_command:Invoking command in '/home/youssef/ros2-line-follower/ros_ws/src/line_follower': PYTHONPATH=/home/youssef/ros2-line-follower/ros_ws/build/line_follower/prefix_override:/usr/lib/python3/dist-packages/colcon_core/task/python/colcon_distutils_commands:/home/youssef/ros2-line-follower/ros_ws/install/line_follower/lib/python3.10/site-packages:${PYTHONPATH} /usr/bin/python3 -W ignore:setup.py install is deprecated -W ignore:easy_install command is deprecated setup.py egg_info --egg-base ../../build/line_follower build --build-base /home/youssef/ros2-line-follower/ros_ws/build/line_follower/build install --record /home/youssef/ros2-line-follower/ros_ws/build/line_follower/install.log --single-version-externally-managed install_data
[4.770s] DEBUG:colcon.colcon_core.event_handler.log_command:Invoked command in '/home/youssef/ros2-line-follower/ros_ws/src/line_follower' returned '0': PYTHONPATH=/home/youssef/ros2-line-follower/ros_ws/build/line_follower/prefix_override:/usr/lib/python3/dist-packages/colcon_core/task/python/colcon_distutils_commands:/home/youssef/ros2-line-follower/ros_ws/install/line_follower/lib/python3.10/site-packages:${PYTHONPATH} /usr/bin/python3 -W ignore:setup.py install is deprecated -W ignore:easy_install command is deprecated setup.py egg_info --egg-base ../../build/line_follower build --build-base /home/youssef/ros2-line-follower/ros_ws/build/line_follower/build install --record /home/youssef/ros2-line-follower/ros_ws/build/line_follower/install.log --single-version-externally-managed install_data
[4.775s] Level 1:colcon.colcon_core.environment:checking '/home/youssef/ros2-line-follower/ros_ws/install/line_follower' for CMake module files
[4.776s] Level 1:colcon.colcon_core.environment:checking '/home/youssef/ros2-line-follower/ros_ws/install/line_follower' for CMake config files
[4.778s] Level 1:colcon.colcon_core.environment:checking '/home/youssef/ros2-line-follower/ros_ws/install/line_follower/lib'
[4.778s] Level 1:colcon.colcon_core.environment:checking '/home/youssef/ros2-line-follower/ros_ws/install/line_follower/bin'
[4.778s] Level 1:colcon.colcon_core.environment:checking '/home/youssef/ros2-line-follower/ros_ws/install/line_follower/lib/pkgconfig/line_follower.pc'
[4.779s] Level 1:colcon.colcon_core.environment:checking '/home/youssef/ros2-line-follower/ros_ws/install/line_follower/lib/python3.10/site-packages'
[4.779s] Level 1:colcon.colcon_core.shell:create_environment_hook('line_follower', 'pythonpath')
[4.779s] INFO:colcon.colcon_core.shell:Creating environment hook '/home/youssef/ros2-line-follower/ros_ws/install/line_follower/share/line_follower/hook/pythonpath.ps1'
[4.781s] INFO:colcon.colcon_core.shell:Creating environment descriptor '/home/youssef/ros2-line-follower/ros_ws/install/line_follower/share/line_follower/hook/pythonpath.dsv'
[4.782s] INFO:colcon.colcon_core.shell:Creating environment hook '/home/youssef/ros2-line-follower/ros_ws/install/line_follower/share/line_follower/hook/pythonpath.sh'
[4.784s] Level 1:colcon.colcon_core.environment:checking '/home/youssef/ros2-line-follower/ros_ws/install/line_follower/bin'
[4.784s] Level 1:colcon.colcon_core.environment:create_environment_scripts_only(line_follower)
[4.785s] INFO:colcon.colcon_core.shell:Creating package script '/home/youssef/ros2-line-follower/ros_ws/install/line_follower/share/line_follower/package.ps1'
[4.788s] INFO:colcon.colcon_core.shell:Creating package descriptor '/home/youssef/ros2-line-follower/ros_ws/install/line_follower/share/line_follower/package.dsv'
[4.789s] INFO:colcon.colcon_core.shell:Creating package script '/home/youssef/ros2-line-follower/ros_ws/install/line_follower/share/line_follower/package.sh'
[4.790s] INFO:colcon.colcon_core.shell:Creating package script '/home/youssef/ros2-line-follower/ros_ws/install/line_follower/share/line_follower/package.bash'
[4.792s] INFO:colcon.colcon_core.shell:Creating package script '/home/youssef/ros2-line-follower/ros_ws/install/line_follower/share/line_follower/package.zsh'
[4.794s] Level 1:colcon.colcon_core.environment:create_file_with_runtime_dependencies(/home/youssef/ros2-line-follower/ros_ws/install/line_follower/share/colcon-core/packages/line_follower)
[4.796s] DEBUG:colcon.colcon_parallel_executor.executor.parallel:closing loop
[4.796s] DEBUG:colcon.colcon_parallel_executor.executor.parallel:loop closed
[4.796s] DEBUG:colcon.colcon_parallel_executor.executor.parallel:run_until_complete finished with '0'
[4.796s] DEBUG:colcon.colcon_core.event_reactor:joining thread
[4.810s] INFO:colcon.colcon_core.plugin_system:Skipping extension 'colcon_notification.desktop_notification.terminal_notifier': Not used on non-Darwin systems
[4.810s] INFO:colcon.colcon_core.plugin_system:Skipping extension 'colcon_notification.desktop_notification.win32': Not used on non-Windows systems
[4.810s] INFO:colcon.colcon_notification.desktop_notification:Sending desktop notification using 'notify2'
[4.849s] DEBUG:colcon.colcon_core.event_reactor:joined thread
[4.850s] INFO:colcon.colcon_core.shell:Creating prefix script '/home/youssef/ros2-line-follower/ros_ws/install/local_setup.ps1'
[4.853s] INFO:colcon.colcon_core.shell:Creating prefix util module '/home/youssef/ros2-line-follower/ros_ws/install/_local_setup_util_ps1.py'
[4.858s] INFO:colcon.colcon_core.shell:Creating prefix chain script '/home/youssef/ros2-line-follower/ros_ws/install/setup.ps1'
[4.860s] INFO:colcon.colcon_core.shell:Creating prefix script '/home/youssef/ros2-line-follower/ros_ws/install/local_setup.sh'
[4.862s] INFO:colcon.colcon_core.shell:Creating prefix util module '/home/youssef/ros2-line-follower/ros_ws/install/_local_setup_util_sh.py'
[4.864s] INFO:colcon.colcon_core.shell:Creating prefix chain script '/home/youssef/ros2-line-follower/ros_ws/install/setup.sh'
[4.867s] INFO:colcon.colcon_core.shell:Creating prefix script '/home/youssef/ros2-line-follower/ros_ws/install/local_setup.bash'
[4.868s] INFO:colcon.colcon_core.shell:Creating prefix chain script '/home/youssef/ros2-line-follower/ros_ws/install/setup.bash'
[4.871s] INFO:colcon.colcon_core.shell:Creating prefix script '/home/youssef/ros2-line-follower/ros_ws/install/local_setup.zsh'
[4.872s] INFO:colcon.colcon_core.shell:Creating prefix chain script '/home/youssef/ros2-line-follower/ros_ws/install/setup.zsh'
