[1.719s] Invoking command in '/home/youssef/ros2-line-follower/ros_ws/src/line_follower': PYTHONPATH=/home/youssef/ros2-line-follower/ros_ws/build/line_follower/prefix_override:/usr/lib/python3/dist-packages/colcon_core/task/python/colcon_distutils_commands:/home/youssef/ros2-line-follower/ros_ws/install/line_follower/lib/python3.10/site-packages:${PYTHONPATH} /usr/bin/python3 -W ignore:setup.py install is deprecated -W ignore:easy_install command is deprecated setup.py egg_info --egg-base ../../build/line_follower build --build-base /home/youssef/ros2-line-follower/ros_ws/build/line_follower/build install --record /home/youssef/ros2-line-follower/ros_ws/build/line_follower/install.log --single-version-externally-managed install_data
[2.372s] running egg_info
[2.372s] writing ../../build/line_follower/line_follower.egg-info/PKG-INFO
[2.374s] writing dependency_links to ../../build/line_follower/line_follower.egg-info/dependency_links.txt
[2.376s] writing entry points to ../../build/line_follower/line_follower.egg-info/entry_points.txt
[2.377s] writing requirements to ../../build/line_follower/line_follower.egg-info/requires.txt
[2.378s] writing top-level names to ../../build/line_follower/line_follower.egg-info/top_level.txt
[2.383s] reading manifest file '../../build/line_follower/line_follower.egg-info/SOURCES.txt'
[2.388s] writing manifest file '../../build/line_follower/line_follower.egg-info/SOURCES.txt'
[2.389s] running build
[2.389s] running build_py
[2.389s] running install
[2.389s] running install_lib
[2.397s] running install_data
[2.397s] copying urdf/robot.urdf -> /home/youssef/ros2-line-follower/ros_ws/install/line_follower/share/line_follower/urdf
[2.398s] running install_egg_info
[2.403s] removing '/home/youssef/ros2-line-follower/ros_ws/install/line_follower/lib/python3.10/site-packages/line_follower-0.0.0-py3.10.egg-info' (and everything under it)
[2.405s] Copying ../../build/line_follower/line_follower.egg-info to /home/youssef/ros2-line-follower/ros_ws/install/line_follower/lib/python3.10/site-packages/line_follower-0.0.0-py3.10.egg-info
[2.406s] running install_scripts
[2.461s] Installing encoder_odometry_node script to /home/youssef/ros2-line-follower/ros_ws/install/line_follower/lib/line_follower
[2.463s] Installing line_controller_node script to /home/youssef/ros2-line-follower/ros_ws/install/line_follower/lib/line_follower
[2.465s] Installing line_sensor_node script to /home/youssef/ros2-line-follower/ros_ws/install/line_follower/lib/line_follower
[2.465s] Installing motor_driver_node script to /home/youssef/ros2-line-follower/ros_ws/install/line_follower/lib/line_follower
[2.467s] writing list of installed files to '/home/youssef/ros2-line-follower/ros_ws/build/line_follower/install.log'
[2.555s] Invoked command in '/home/youssef/ros2-line-follower/ros_ws/src/line_follower' returned '0': PYTHONPATH=/home/youssef/ros2-line-follower/ros_ws/build/line_follower/prefix_override:/usr/lib/python3/dist-packages/colcon_core/task/python/colcon_distutils_commands:/home/youssef/ros2-line-follower/ros_ws/install/line_follower/lib/python3.10/site-packages:${PYTHONPATH} /usr/bin/python3 -W ignore:setup.py install is deprecated -W ignore:easy_install command is deprecated setup.py egg_info --egg-base ../../build/line_follower build --build-base /home/youssef/ros2-line-follower/ros_ws/build/line_follower/build install --record /home/youssef/ros2-line-follower/ros_ws/build/line_follower/install.log --single-version-externally-managed install_data
