[2.124s] DEBUG:colcon:Command line arguments: ['/usr/bin/colcon', 'build']
[2.124s] DEBUG:colcon:Parsed command line arguments: Namespace(log_base=None, log_level=None, verb_name='build', build_base='build', install_base='install', merge_install=False, symlink_install=False, test_result_base=None, continue_on_error=False, executor='parallel', parallel_workers=2, event_handlers=None, ignore_user_meta=False, metas=['./colcon.meta'], base_paths=['.'], packages_ignore=None, packages_ignore_regex=None, paths=None, packages_up_to=None, packages_up_to_regex=None, packages_above=None, packages_above_and_dependencies=None, packages_above_depth=None, packages_select_by_dep=None, packages_skip_by_dep=None, packages_skip_up_to=None, packages_select_build_failed=False, packages_skip_build_finished=False, packages_select_test_failures=False, packages_skip_test_passed=False, packages_select=None, packages_skip=None, packages_select_regex=None, packages_skip_regex=None, packages_start=None, packages_end=None, allow_overriding=[], cmake_args=None, cmake_target=None, cmake_target_skip_unavailable=False, cmake_clean_cache=False, cmake_clean_first=False, cmake_force_configure=False, ament_cmake_args=None, catkin_cmake_args=None, catkin_skip_building_tests=False, mixin_files=None, mixin=None, verb_parser=<colcon_mixin.mixin.mixin_argument.MixinArgumentDecorator object at 0x77c43cb61390>, verb_extension=<colcon_core.verb.build.BuildVerb object at 0x77c43cc82260>, main=<bound method BuildVerb.main of <colcon_core.verb.build.BuildVerb object at 0x77c43cc82260>>, mixin_verb=('build',))
[7.116s] Level 1:colcon.colcon_core.package_discovery:discover_packages(colcon_meta) check parameters
[7.117s] Level 1:colcon.colcon_core.package_discovery:discover_packages(recursive) check parameters
[7.118s] Level 1:colcon.colcon_core.package_discovery:discover_packages(ignore) check parameters
[7.118s] Level 1:colcon.colcon_core.package_discovery:discover_packages(path) check parameters
[7.118s] Level 1:colcon.colcon_core.package_discovery:discover_packages(colcon_meta) discover
[7.119s] Level 1:colcon.colcon_core.package_discovery:discover_packages(recursive) discover
[7.119s] INFO:colcon.colcon_core.package_discovery:Crawling recursively for packages in '/home/youssef/ros2-line-follower/ros_ws/src/line_follower'
[7.120s] Level 1:colcon.colcon_core.package_identification:_identify(.) by extensions ['ignore', 'ignore_ament_install']
[7.122s] Level 1:colcon.colcon_core.package_identification:_identify(.) by extension 'ignore'
[7.122s] Level 1:colcon.colcon_core.package_identification:_identify(.) by extension 'ignore_ament_install'
[7.123s] Level 1:colcon.colcon_core.package_identification:_identify(.) by extensions ['colcon_pkg']
[7.124s] Level 1:colcon.colcon_core.package_identification:_identify(.) by extension 'colcon_pkg'
[7.124s] Level 1:colcon.colcon_core.package_identification:_identify(.) by extensions ['colcon_meta']
[7.125s] Level 1:colcon.colcon_core.package_identification:_identify(.) by extension 'colcon_meta'
[7.125s] Level 1:colcon.colcon_core.package_identification:_identify(.) by extensions ['ros']
[7.126s] Level 1:colcon.colcon_core.package_identification:_identify(.) by extension 'ros'
[7.240s] DEBUG:colcon.colcon_core.package_identification:Package '.' with type 'ros.ament_python' and name 'line_follower'
[7.240s] Level 1:colcon.colcon_core.package_discovery:discover_packages(recursive) using defaults
[7.240s] Level 1:colcon.colcon_core.package_discovery:discover_packages(ignore) discover
[7.240s] Level 1:colcon.colcon_core.package_discovery:discover_packages(ignore) using defaults
[7.240s] Level 1:colcon.colcon_core.package_discovery:discover_packages(path) discover
[7.240s] Level 1:colcon.colcon_core.package_discovery:discover_packages(path) using defaults
[7.731s] Level 1:colcon.colcon_core.package_discovery:discover_packages(prefix_path) check parameters
[7.732s] Level 1:colcon.colcon_core.package_discovery:discover_packages(prefix_path) discover
[7.791s] DEBUG:colcon.colcon_installed_package_information.package_discovery:Found 273 installed packages in /opt/ros/humble
[7.812s] Level 1:colcon.colcon_core.package_discovery:discover_packages(prefix_path) using defaults
[8.111s] Level 5:colcon.colcon_core.verb:set package 'line_follower' build argument 'cmake_args' from command line to 'None'
[8.111s] Level 5:colcon.colcon_core.verb:set package 'line_follower' build argument 'cmake_target' from command line to 'None'
[8.111s] Level 5:colcon.colcon_core.verb:set package 'line_follower' build argument 'cmake_target_skip_unavailable' from command line to 'False'
[8.111s] Level 5:colcon.colcon_core.verb:set package 'line_follower' build argument 'cmake_clean_cache' from command line to 'False'
[8.111s] Level 5:colcon.colcon_core.verb:set package 'line_follower' build argument 'cmake_clean_first' from command line to 'False'
[8.111s] Level 5:colcon.colcon_core.verb:set package 'line_follower' build argument 'cmake_force_configure' from command line to 'False'
[8.111s] Level 5:colcon.colcon_core.verb:set package 'line_follower' build argument 'ament_cmake_args' from command line to 'None'
[8.111s] Level 5:colcon.colcon_core.verb:set package 'line_follower' build argument 'catkin_cmake_args' from command line to 'None'
[8.112s] Level 5:colcon.colcon_core.verb:set package 'line_follower' build argument 'catkin_skip_building_tests' from command line to 'False'
[8.112s] DEBUG:colcon.colcon_core.verb:Building package 'line_follower' with the following arguments: {'ament_cmake_args': None, 'build_base': '/home/youssef/ros2-line-follower/ros_ws/src/line_follower/build/line_follower', 'catkin_cmake_args': None, 'catkin_skip_building_tests': False, 'cmake_args': None, 'cmake_clean_cache': False, 'cmake_clean_first': False, 'cmake_force_configure': False, 'cmake_target': None, 'cmake_target_skip_unavailable': False, 'install_base': '/home/youssef/ros2-line-follower/ros_ws/src/line_follower/install/line_follower', 'merge_install': False, 'path': '/home/youssef/ros2-line-follower/ros_ws/src/line_follower', 'symlink_install': False, 'test_result_base': None}
[8.112s] INFO:colcon.colcon_core.executor:Executing jobs using 'parallel' executor
[8.114s] DEBUG:colcon.colcon_parallel_executor.executor.parallel:run_until_complete
[8.115s] INFO:colcon.colcon_ros.task.ament_python.build:Building ROS package in '/home/youssef/ros2-line-follower/ros_ws/src/line_follower' with build type 'ament_python'
[8.116s] Level 1:colcon.colcon_core.shell:create_environment_hook('line_follower', 'ament_prefix_path')
[8.152s] INFO:colcon.colcon_core.plugin_system:Skipping extension 'colcon_core.shell.bat': Not used on non-Windows systems
[8.153s] INFO:colcon.colcon_core.shell:Creating environment hook '/home/youssef/ros2-line-follower/ros_ws/src/line_follower/install/line_follower/share/line_follower/hook/ament_prefix_path.ps1'
[8.167s] INFO:colcon.colcon_core.shell:Creating environment descriptor '/home/youssef/ros2-line-follower/ros_ws/src/line_follower/install/line_follower/share/line_follower/hook/ament_prefix_path.dsv'
[8.177s] INFO:colcon.colcon_core.shell:Creating environment hook '/home/youssef/ros2-line-follower/ros_ws/src/line_follower/install/line_follower/share/line_follower/hook/ament_prefix_path.sh'
[8.180s] INFO:colcon.colcon_core.shell:Skip shell extension 'powershell' for command environment: Not usable outside of PowerShell
[8.181s] DEBUG:colcon.colcon_core.shell:Skip shell extension 'dsv' for command environment
[8.843s] INFO:colcon.colcon_core.task.python.build:Building Python package in '/home/youssef/ros2-line-follower/ros_ws/src/line_follower'
[8.843s] INFO:colcon.colcon_core.shell:Skip shell extension 'powershell' for command environment: Not usable outside of PowerShell
[8.843s] DEBUG:colcon.colcon_core.shell:Skip shell extension 'dsv' for command environment
[10.678s] DEBUG:colcon.colcon_core.event_handler.log_command:Invoking command in '/home/youssef/ros2-line-follower/ros_ws/src/line_follower': PYTHONPATH=/home/youssef/ros2-line-follower/ros_ws/src/line_follower/build/line_follower/prefix_override:/usr/lib/python3/dist-packages/colcon_core/task/python/colcon_distutils_commands:/home/youssef/ros2-line-follower/ros_ws/src/line_follower/install/line_follower/lib/python3.10/site-packages:${PYTHONPATH} /usr/bin/python3 -W ignore:setup.py install is deprecated -W ignore:easy_install command is deprecated setup.py egg_info --egg-base build/line_follower build --build-base /home/youssef/ros2-line-follower/ros_ws/src/line_follower/build/line_follower/build install --record /home/youssef/ros2-line-follower/ros_ws/src/line_follower/build/line_follower/install.log --single-version-externally-managed install_data
[11.740s] DEBUG:colcon.colcon_core.event_handler.log_command:Invoked command in '/home/youssef/ros2-line-follower/ros_ws/src/line_follower' returned '0': PYTHONPATH=/home/youssef/ros2-line-follower/ros_ws/src/line_follower/build/line_follower/prefix_override:/usr/lib/python3/dist-packages/colcon_core/task/python/colcon_distutils_commands:/home/youssef/ros2-line-follower/ros_ws/src/line_follower/install/line_follower/lib/python3.10/site-packages:${PYTHONPATH} /usr/bin/python3 -W ignore:setup.py install is deprecated -W ignore:easy_install command is deprecated setup.py egg_info --egg-base build/line_follower build --build-base /home/youssef/ros2-line-follower/ros_ws/src/line_follower/build/line_follower/build install --record /home/youssef/ros2-line-follower/ros_ws/src/line_follower/build/line_follower/install.log --single-version-externally-managed install_data
[11.911s] Level 1:colcon.colcon_core.environment:checking '/home/youssef/ros2-line-follower/ros_ws/src/line_follower/install/line_follower' for CMake module files
[11.915s] Level 1:colcon.colcon_core.environment:checking '/home/youssef/ros2-line-follower/ros_ws/src/line_follower/install/line_follower' for CMake config files
[11.922s] Level 1:colcon.colcon_core.environment:checking '/home/youssef/ros2-line-follower/ros_ws/src/line_follower/install/line_follower/lib'
[11.924s] Level 1:colcon.colcon_core.environment:checking '/home/youssef/ros2-line-follower/ros_ws/src/line_follower/install/line_follower/bin'
[11.925s] Level 1:colcon.colcon_core.environment:checking '/home/youssef/ros2-line-follower/ros_ws/src/line_follower/install/line_follower/lib/pkgconfig/line_follower.pc'
[11.928s] Level 1:colcon.colcon_core.environment:checking '/home/youssef/ros2-line-follower/ros_ws/src/line_follower/install/line_follower/lib/python3.10/site-packages'
[11.929s] Level 1:colcon.colcon_core.shell:create_environment_hook('line_follower', 'pythonpath')
[11.931s] INFO:colcon.colcon_core.shell:Creating environment hook '/home/youssef/ros2-line-follower/ros_ws/src/line_follower/install/line_follower/share/line_follower/hook/pythonpath.ps1'
[11.936s] INFO:colcon.colcon_core.shell:Creating environment descriptor '/home/youssef/ros2-line-follower/ros_ws/src/line_follower/install/line_follower/share/line_follower/hook/pythonpath.dsv'
[11.941s] INFO:colcon.colcon_core.shell:Creating environment hook '/home/youssef/ros2-line-follower/ros_ws/src/line_follower/install/line_follower/share/line_follower/hook/pythonpath.sh'
[11.947s] Level 1:colcon.colcon_core.environment:checking '/home/youssef/ros2-line-follower/ros_ws/src/line_follower/install/line_follower/bin'
[11.948s] Level 1:colcon.colcon_core.environment:create_environment_scripts_only(line_follower)
[11.950s] INFO:colcon.colcon_core.shell:Creating package script '/home/youssef/ros2-line-follower/ros_ws/src/line_follower/install/line_follower/share/line_follower/package.ps1'
[11.989s] INFO:colcon.colcon_core.shell:Creating package descriptor '/home/youssef/ros2-line-follower/ros_ws/src/line_follower/install/line_follower/share/line_follower/package.dsv'
[12.008s] INFO:colcon.colcon_core.shell:Creating package script '/home/youssef/ros2-line-follower/ros_ws/src/line_follower/install/line_follower/share/line_follower/package.sh'
[12.024s] INFO:colcon.colcon_core.shell:Creating package script '/home/youssef/ros2-line-follower/ros_ws/src/line_follower/install/line_follower/share/line_follower/package.bash'
[12.068s] INFO:colcon.colcon_core.shell:Creating package script '/home/youssef/ros2-line-follower/ros_ws/src/line_follower/install/line_follower/share/line_follower/package.zsh'
[12.104s] Level 1:colcon.colcon_core.environment:create_file_with_runtime_dependencies(/home/youssef/ros2-line-follower/ros_ws/src/line_follower/install/line_follower/share/colcon-core/packages/line_follower)
[12.107s] DEBUG:colcon.colcon_parallel_executor.executor.parallel:closing loop
[12.114s] DEBUG:colcon.colcon_parallel_executor.executor.parallel:loop closed
[12.116s] DEBUG:colcon.colcon_parallel_executor.executor.parallel:run_until_complete finished with '0'
[12.118s] DEBUG:colcon.colcon_core.event_reactor:joining thread
[12.222s] INFO:colcon.colcon_core.plugin_system:Skipping extension 'colcon_notification.desktop_notification.terminal_notifier': Not used on non-Darwin systems
[12.223s] INFO:colcon.colcon_core.plugin_system:Skipping extension 'colcon_notification.desktop_notification.win32': Not used on non-Windows systems
[12.224s] INFO:colcon.colcon_notification.desktop_notification:Sending desktop notification using 'notify2'
[12.408s] DEBUG:colcon.colcon_core.event_reactor:joined thread
[12.415s] INFO:colcon.colcon_core.shell:Creating prefix script '/home/youssef/ros2-line-follower/ros_ws/src/line_follower/install/local_setup.ps1'
[12.434s] INFO:colcon.colcon_core.shell:Creating prefix util module '/home/youssef/ros2-line-follower/ros_ws/src/line_follower/install/_local_setup_util_ps1.py'
[12.470s] INFO:colcon.colcon_core.shell:Creating prefix chain script '/home/youssef/ros2-line-follower/ros_ws/src/line_follower/install/setup.ps1'
[12.495s] INFO:colcon.colcon_core.shell:Creating prefix script '/home/youssef/ros2-line-follower/ros_ws/src/line_follower/install/local_setup.sh'
[12.512s] INFO:colcon.colcon_core.shell:Creating prefix util module '/home/youssef/ros2-line-follower/ros_ws/src/line_follower/install/_local_setup_util_sh.py'
[12.521s] INFO:colcon.colcon_core.shell:Creating prefix chain script '/home/youssef/ros2-line-follower/ros_ws/src/line_follower/install/setup.sh'
[12.533s] INFO:colcon.colcon_core.shell:Creating prefix script '/home/youssef/ros2-line-follower/ros_ws/src/line_follower/install/local_setup.bash'
[12.540s] INFO:colcon.colcon_core.shell:Creating prefix chain script '/home/youssef/ros2-line-follower/ros_ws/src/line_follower/install/setup.bash'
[12.549s] INFO:colcon.colcon_core.shell:Creating prefix script '/home/youssef/ros2-line-follower/ros_ws/src/line_follower/install/local_setup.zsh'
[12.555s] INFO:colcon.colcon_core.shell:Creating prefix chain script '/home/youssef/ros2-line-follower/ros_ws/src/line_follower/install/setup.zsh'
