[1.595s] Invoking command in '/home/youssef/ros2-line-follower/ros_ws/src/line_follower': PYTHONPATH=/home/youssef/ros2-line-follower/ros_ws/build/line_follower/prefix_override:/usr/lib/python3/dist-packages/colcon_core/task/python/colcon_distutils_commands:/home/youssef/ros2-line-follower/ros_ws/install/line_follower/lib/python3.10/site-packages:${PYTHONPATH} /usr/bin/python3 -W ignore:setup.py install is deprecated -W ignore:easy_install command is deprecated setup.py egg_info --egg-base ../../build/line_follower build --build-base /home/youssef/ros2-line-follower/ros_ws/build/line_follower/build install --record /home/youssef/ros2-line-follower/ros_ws/build/line_follower/install.log --single-version-externally-managed install_data
[2.060s] running egg_info
[2.061s] writing ../../build/line_follower/line_follower.egg-info/PKG-INFO
[2.061s] writing dependency_links to ../../build/line_follower/line_follower.egg-info/dependency_links.txt
[2.062s] writing entry points to ../../build/line_follower/line_follower.egg-info/entry_points.txt
[2.063s] writing requirements to ../../build/line_follower/line_follower.egg-info/requires.txt
[2.064s] writing top-level names to ../../build/line_follower/line_follower.egg-info/top_level.txt
[2.070s] reading manifest file '../../build/line_follower/line_follower.egg-info/SOURCES.txt'
[2.072s] writing manifest file '../../build/line_follower/line_follower.egg-info/SOURCES.txt'
[2.073s] running build
[2.073s] running build_py
[2.073s] copying line_follower/sensor_node.py -> /home/youssef/ros2-line-follower/ros_ws/build/line_follower/build/lib/line_follower
[2.074s] running install
[2.077s] running install_lib
[2.077s] copying /home/youssef/ros2-line-follower/ros_ws/build/line_follower/build/lib/line_follower/sensor_node.py -> /home/youssef/ros2-line-follower/ros_ws/install/line_follower/lib/python3.10/site-packages/line_follower
[2.079s] byte-compiling /home/youssef/ros2-line-follower/ros_ws/install/line_follower/lib/python3.10/site-packages/line_follower/sensor_node.py to sensor_node.cpython-310.pyc
[2.080s] running install_data
[2.081s] running install_egg_info
[2.087s] removing '/home/youssef/ros2-line-follower/ros_ws/install/line_follower/lib/python3.10/site-packages/line_follower-0.0.0-py3.10.egg-info' (and everything under it)
[2.087s] Copying ../../build/line_follower/line_follower.egg-info to /home/youssef/ros2-line-follower/ros_ws/install/line_follower/lib/python3.10/site-packages/line_follower-0.0.0-py3.10.egg-info
[2.090s] running install_scripts
[2.143s] Installing sensor_node script to /home/youssef/ros2-line-follower/ros_ws/install/line_follower/lib/line_follower
[2.145s] writing list of installed files to '/home/youssef/ros2-line-follower/ros_ws/build/line_follower/install.log'
[2.207s] Invoked command in '/home/youssef/ros2-line-follower/ros_ws/src/line_follower' returned '0': PYTHONPATH=/home/youssef/ros2-line-follower/ros_ws/build/line_follower/prefix_override:/usr/lib/python3/dist-packages/colcon_core/task/python/colcon_distutils_commands:/home/youssef/ros2-line-follower/ros_ws/install/line_follower/lib/python3.10/site-packages:${PYTHONPATH} /usr/bin/python3 -W ignore:setup.py install is deprecated -W ignore:easy_install command is deprecated setup.py egg_info --egg-base ../../build/line_follower build --build-base /home/youssef/ros2-line-follower/ros_ws/build/line_follower/build install --record /home/youssef/ros2-line-follower/ros_ws/build/line_follower/install.log --single-version-externally-managed install_data
