[1.297s] Invoking command in '/home/youssef/ros2-line-follower/ros_ws/src/line_follower': PYTHONPATH=/home/youssef/ros2-line-follower/ros_ws/build/line_follower/prefix_override:/usr/lib/python3/dist-packages/colcon_core/task/python/colcon_distutils_commands:/home/youssef/ros2-line-follower/ros_ws/install/line_follower/lib/python3.10/site-packages:${PYTHONPATH} /usr/bin/python3 -W ignore:setup.py install is deprecated -W ignore:easy_install command is deprecated setup.py egg_info --egg-base ../../build/line_follower build --build-base /home/youssef/ros2-line-follower/ros_ws/build/line_follower/build install --record /home/youssef/ros2-line-follower/ros_ws/build/line_follower/install.log --single-version-externally-managed install_data
[1.842s] running egg_info
[1.842s] writing ../../build/line_follower/line_follower.egg-info/PKG-INFO
[1.843s] writing dependency_links to ../../build/line_follower/line_follower.egg-info/dependency_links.txt
[1.844s] writing entry points to ../../build/line_follower/line_follower.egg-info/entry_points.txt
[1.845s] writing requirements to ../../build/line_follower/line_follower.egg-info/requires.txt
[1.846s] writing top-level names to ../../build/line_follower/line_follower.egg-info/top_level.txt
[1.852s] reading manifest file '../../build/line_follower/line_follower.egg-info/SOURCES.txt'
[1.855s] writing manifest file '../../build/line_follower/line_follower.egg-info/SOURCES.txt'
[1.855s] running build
[1.856s] running build_py
[1.856s] copying line_follower/sensor_node.py -> /home/youssef/ros2-line-follower/ros_ws/build/line_follower/build/lib/line_follower
[1.857s] running install
[1.858s] running install_lib
[1.860s] copying /home/youssef/ros2-line-follower/ros_ws/build/line_follower/build/lib/line_follower/sensor_node.py -> /home/youssef/ros2-line-follower/ros_ws/install/line_follower/lib/python3.10/site-packages/line_follower
[1.861s] byte-compiling /home/youssef/ros2-line-follower/ros_ws/install/line_follower/lib/python3.10/site-packages/line_follower/sensor_node.py to sensor_node.cpython-310.pyc
[1.863s] running install_data
[1.863s] running install_egg_info
[1.869s] removing '/home/youssef/ros2-line-follower/ros_ws/install/line_follower/lib/python3.10/site-packages/line_follower-0.0.0-py3.10.egg-info' (and everything under it)
[1.870s] Copying ../../build/line_follower/line_follower.egg-info to /home/youssef/ros2-line-follower/ros_ws/install/line_follower/lib/python3.10/site-packages/line_follower-0.0.0-py3.10.egg-info
[1.873s] running install_scripts
[1.917s] Installing sensor_node script to /home/youssef/ros2-line-follower/ros_ws/install/line_follower/lib/line_follower
[1.918s] writing list of installed files to '/home/youssef/ros2-line-follower/ros_ws/build/line_follower/install.log'
[1.962s] Invoked command in '/home/youssef/ros2-line-follower/ros_ws/src/line_follower' returned '0': PYTHONPATH=/home/youssef/ros2-line-follower/ros_ws/build/line_follower/prefix_override:/usr/lib/python3/dist-packages/colcon_core/task/python/colcon_distutils_commands:/home/youssef/ros2-line-follower/ros_ws/install/line_follower/lib/python3.10/site-packages:${PYTHONPATH} /usr/bin/python3 -W ignore:setup.py install is deprecated -W ignore:easy_install command is deprecated setup.py egg_info --egg-base ../../build/line_follower build --build-base /home/youssef/ros2-line-follower/ros_ws/build/line_follower/build install --record /home/youssef/ros2-line-follower/ros_ws/build/line_follower/install.log --single-version-externally-managed install_data
