[1.641s] Invoking command in '/home/youssef/ros2-line-follower/ros_ws/src/line_follower': PYTHONPATH=/home/youssef/ros2-line-follower/ros_ws/build/line_follower/prefix_override:/usr/lib/python3/dist-packages/colcon_core/task/python/colcon_distutils_commands:/home/youssef/ros2-line-follower/ros_ws/install/line_follower/lib/python3.10/site-packages:${PYTHONPATH} /usr/bin/python3 -W ignore:setup.py install is deprecated -W ignore:easy_install command is deprecated setup.py egg_info --egg-base ../../build/line_follower build --build-base /home/youssef/ros2-line-follower/ros_ws/build/line_follower/build install --record /home/youssef/ros2-line-follower/ros_ws/build/line_follower/install.log --single-version-externally-managed install_data
[2.172s] running egg_info
[2.173s] writing ../../build/line_follower/line_follower.egg-info/PKG-INFO
[2.175s] writing dependency_links to ../../build/line_follower/line_follower.egg-info/dependency_links.txt
[2.175s] writing entry points to ../../build/line_follower/line_follower.egg-info/entry_points.txt
[2.176s] writing requirements to ../../build/line_follower/line_follower.egg-info/requires.txt
[2.176s] writing top-level names to ../../build/line_follower/line_follower.egg-info/top_level.txt
[2.181s] reading manifest file '../../build/line_follower/line_follower.egg-info/SOURCES.txt'
[2.183s] writing manifest file '../../build/line_follower/line_follower.egg-info/SOURCES.txt'
[2.184s] running build
[2.184s] running build_py
[2.187s] copying line_follower/line_sensor_node.py -> /home/youssef/ros2-line-follower/ros_ws/build/line_follower/build/lib/line_follower
[2.187s] running install
[2.187s] running install_lib
[2.189s] copying /home/youssef/ros2-line-follower/ros_ws/build/line_follower/build/lib/line_follower/line_sensor_node.py -> /home/youssef/ros2-line-follower/ros_ws/install/line_follower/lib/python3.10/site-packages/line_follower
[2.190s] byte-compiling /home/youssef/ros2-line-follower/ros_ws/install/line_follower/lib/python3.10/site-packages/line_follower/line_sensor_node.py to line_sensor_node.cpython-310.pyc
[2.192s] running install_data
[2.193s] running install_egg_info
[2.198s] removing '/home/youssef/ros2-line-follower/ros_ws/install/line_follower/lib/python3.10/site-packages/line_follower-0.0.0-py3.10.egg-info' (and everything under it)
[2.199s] Copying ../../build/line_follower/line_follower.egg-info to /home/youssef/ros2-line-follower/ros_ws/install/line_follower/lib/python3.10/site-packages/line_follower-0.0.0-py3.10.egg-info
[2.201s] running install_scripts
[2.243s] Installing line_controller_node script to /home/youssef/ros2-line-follower/ros_ws/install/line_follower/lib/line_follower
[2.244s] Installing line_sensor_node script to /home/youssef/ros2-line-follower/ros_ws/install/line_follower/lib/line_follower
[2.246s] writing list of installed files to '/home/youssef/ros2-line-follower/ros_ws/build/line_follower/install.log'
[2.288s] Invoked command in '/home/youssef/ros2-line-follower/ros_ws/src/line_follower' returned '0': PYTHONPATH=/home/youssef/ros2-line-follower/ros_ws/build/line_follower/prefix_override:/usr/lib/python3/dist-packages/colcon_core/task/python/colcon_distutils_commands:/home/youssef/ros2-line-follower/ros_ws/install/line_follower/lib/python3.10/site-packages:${PYTHONPATH} /usr/bin/python3 -W ignore:setup.py install is deprecated -W ignore:easy_install command is deprecated setup.py egg_info --egg-base ../../build/line_follower build --build-base /home/youssef/ros2-line-follower/ros_ws/build/line_follower/build install --record /home/youssef/ros2-line-follower/ros_ws/build/line_follower/install.log --single-version-externally-managed install_data
